Using pre-set license
Built from '2020.3/staging' branch; Version is '2020.3.11f1 (99c7afb366b3) revision 10078127'; Using compiler version '192528614'; Build Type 'Release'
OS: 'Windows 10 Home; OS build 19043.1052; Version 2009; 64bit' Language: 'en' Physical Memory: 7075 MB
BatchMode: 1, IsHumanControllingUs: 0, StartBugReporterOnCrash: 0, Is64bit: 1, IsPro: 0

 COMMAND LINE ARGUMENTS:
C:\Program Files\Unity\Hub\Editor\2020.3.11f1\Editor\Unity.exe
-adb2
-batchMode
-noUpm
-name
AssetImportWorker1
-projectPath
C:/Users/stavr/Documents/Game dev/Unity projects/Little
-logFile
Logs/AssetImportWorker1.log
-srvPort
54406
Successfully changed project path to: C:/Users/stavr/Documents/Game dev/Unity projects/Little
C:/Users/stavr/Documents/Game dev/Unity projects/Little
Using Asset Import Pipeline V2.
Refreshing native plugins compatible for Editor in 104.78 ms, found 3 plugins.
Preloading 0 native plugins for Editor in 0.00 ms.
Initialize engine version: 2020.3.11f1 (99c7afb366b3)
[Subsystems] Discovering subsystems at path C:/Program Files/Unity/Hub/Editor/2020.3.11f1/Editor/Data/Resources/UnitySubsystems
[Subsystems] Discovering subsystems at path C:/Users/stavr/Documents/Game dev/Unity projects/Little/Assets
GfxDevice: creating device client; threaded=0
Direct3D:
    Version:  Direct3D 11.0 [level 11.1]
    Renderer: AMD Radeon(TM) Vega 8 Graphics (ID=0x15dd)
    Vendor:   
    VRAM:     3537 MB
    Driver:   27.20.1034.6
Shader 'Universal Render Pipeline/Particles/Lit': fallback shader 'Universal Render Pipeline/Particles/SimpleLit' not found
Initialize mono
Mono path[0] = 'C:/Program Files/Unity/Hub/Editor/2020.3.11f1/Editor/Data/Managed'
Mono path[1] = 'C:/Program Files/Unity/Hub/Editor/2020.3.11f1/Editor/Data/MonoBleedingEdge/lib/mono/unityjit'
Mono config path = 'C:/Program Files/Unity/Hub/Editor/2020.3.11f1/Editor/Data/MonoBleedingEdge/etc'
Using monoOptions --debugger-agent=transport=dt_socket,embedding=1,server=y,suspend=n,address=127.0.0.1:56448
Begin MonoManager ReloadAssembly
Registering precompiled unity dll's ...
Register platform support module: C:/Program Files/Unity/Hub/Editor/2020.3.11f1/Editor/Data/PlaybackEngines/WebGLSupport/UnityEditor.WebGL.Extensions.dll
Register platform support module: C:/Program Files/Unity/Hub/Editor/2020.3.11f1/Editor/Data/PlaybackEngines/WindowsStandaloneSupport/UnityEditor.WindowsStandalone.Extensions.dll
Registered in 0.006735 seconds.
Native extension for WindowsStandalone target not found
Native extension for WebGL target not found
Refreshing native plugins compatible for Editor in 113.20 ms, found 3 plugins.
Preloading 0 native plugins for Editor in 0.00 ms.
Mono: successfully reloaded assembly
- Completed reload, in 11.523 seconds
Platform modules already initialized, skipping
Registering precompiled user dll's ...
Registered in 0.008883 seconds.
Begin MonoManager ReloadAssembly
Native extension for WindowsStandalone target not found
Native extension for WebGL target not found
Refreshing native plugins compatible for Editor in 97.43 ms, found 3 plugins.
Preloading 0 native plugins for Editor in 0.00 ms.
Mono: successfully reloaded assembly
- Completed reload, in  2.250 seconds
Platform modules already initialized, skipping
========================================================================
Worker process is ready to serve import requests
Shader 'Universal Render Pipeline/Particles/Lit': fallback shader 'Universal Render Pipeline/Particles/SimpleLit' not found
Launched and connected shader compiler UnityShaderCompiler.exe after 0.08 seconds
Refreshing native plugins compatible for Editor in 0.90 ms, found 3 plugins.
Preloading 0 native plugins for Editor in 0.00 ms.
Unloading 3438 Unused Serialized files (Serialized files now loaded: 0)
System memory in use before: 149.0 MB.
System memory in use after: 149.1 MB.

Unloading 35 unused Assets to reduce memory usage. Loaded Objects now: 3877.
Total: 6.247400 ms (FindLiveObjects: 0.649200 ms CreateObjectMapping: 0.333800 ms MarkObjects: 4.983800 ms  DeleteObjects: 0.277100 ms)

========================================================================
Received Import Request.
  path: Assets/Prefabs/Prototype enemy.prefab
  artifactKey: Guid(3ae3a93b9196dfb49bf0a815723e5240) Importer(815301076,1909f56bfc062723c751e8b465ee728b)
Start importing Assets/Prefabs/Prototype enemy.prefab using Guid(3ae3a93b9196dfb49bf0a815723e5240) Importer(815301076,1909f56bfc062723c751e8b465ee728b)  -> (artifact id: 'ab76bf289977b7d238e1e8643f0e1d1d') in 0.431629 seconds
  Import took 0.443750 seconds .

========================================================================
Received Import Request.
  Time since last request: 3.450961 seconds.
  path: Assets/Scenes/TestScene.unity
  artifactKey: Guid(2cda990e2423bbf4892e6590ba056729) Importer(815301076,1909f56bfc062723c751e8b465ee728b)
Start importing Assets/Scenes/TestScene.unity using Guid(2cda990e2423bbf4892e6590ba056729) Importer(815301076,1909f56bfc062723c751e8b465ee728b)  -> (artifact id: 'fdfd3d11567f9a28b13a29c048e34cf0') in 0.013717 seconds
  Import took 0.021269 seconds .

========================================================================
Received Prepare
Registering precompiled user dll's ...
Registered in 0.010201 seconds.
Begin MonoManager ReloadAssembly
Native extension for WindowsStandalone target not found
Native extension for WebGL target not found
Refreshing native plugins compatible for Editor in 1.07 ms, found 3 plugins.
Preloading 0 native plugins for Editor in 0.00 ms.
Mono: successfully reloaded assembly
- Completed reload, in  2.155 seconds
Platform modules already initialized, skipping
Shader 'Universal Render Pipeline/Particles/Lit': fallback shader 'Universal Render Pipeline/Particles/SimpleLit' not found
Refreshing native plugins compatible for Editor in 1.06 ms, found 3 plugins.
Preloading 0 native plugins for Editor in 0.00 ms.
Unloading 3313 Unused Serialized files (Serialized files now loaded: 0)
System memory in use before: 145.9 MB.
System memory in use after: 146.0 MB.

Unloading 23 unused Assets to reduce memory usage. Loaded Objects now: 3926.
Total: 5.460000 ms (FindLiveObjects: 0.508500 ms CreateObjectMapping: 0.161900 ms MarkObjects: 4.544600 ms  DeleteObjects: 0.242600 ms)

========================================================================
Received Import Request.
  Time since last request: 97.967170 seconds.
  path: Assets/Prefabs/Prototype enemy.prefab
  artifactKey: Guid(3ae3a93b9196dfb49bf0a815723e5240) Importer(815301076,1909f56bfc062723c751e8b465ee728b)
Start importing Assets/Prefabs/Prototype enemy.prefab using Guid(3ae3a93b9196dfb49bf0a815723e5240) Importer(815301076,1909f56bfc062723c751e8b465ee728b)  -> (artifact id: '6674ea8820f3276d1b2ea648837291c2') in 0.380772 seconds
  Import took 0.394552 seconds .

========================================================================
Received Prepare
Registering precompiled user dll's ...
Registered in 0.010171 seconds.
Begin MonoManager ReloadAssembly
Native extension for WindowsStandalone target not found
Native extension for WebGL target not found
Refreshing native plugins compatible for Editor in 1.62 ms, found 3 plugins.
Preloading 0 native plugins for Editor in 0.00 ms.
Mono: successfully reloaded assembly
- Completed reload, in  2.709 seconds
Platform modules already initialized, skipping
Shader 'Universal Render Pipeline/Particles/Lit': fallback shader 'Universal Render Pipeline/Particles/SimpleLit' not found
Refreshing native plugins compatible for Editor in 1.05 ms, found 3 plugins.
Preloading 0 native plugins for Editor in 0.00 ms.
Unloading 3313 Unused Serialized files (Serialized files now loaded: 0)
System memory in use before: 146.0 MB.
System memory in use after: 146.1 MB.

Unloading 23 unused Assets to reduce memory usage. Loaded Objects now: 3966.
Total: 5.797300 ms (FindLiveObjects: 0.619100 ms CreateObjectMapping: 0.180600 ms MarkObjects: 4.753900 ms  DeleteObjects: 0.241200 ms)

========================================================================
Received Prepare
Registering precompiled user dll's ...
Registered in 0.010959 seconds.
Begin MonoManager ReloadAssembly
Native extension for WindowsStandalone target not found
Native extension for WebGL target not found
Refreshing native plugins compatible for Editor in 1.09 ms, found 3 plugins.
Preloading 0 native plugins for Editor in 0.00 ms.
Mono: successfully reloaded assembly
- Completed reload, in  2.780 seconds
Platform modules already initialized, skipping
Shader 'Universal Render Pipeline/Particles/Lit': fallback shader 'Universal Render Pipeline/Particles/SimpleLit' not found
Refreshing native plugins compatible for Editor in 1.06 ms, found 3 plugins.
Preloading 0 native plugins for Editor in 0.00 ms.
Unloading 3313 Unused Serialized files (Serialized files now loaded: 0)
System memory in use before: 146.1 MB.
System memory in use after: 146.2 MB.

Unloading 23 unused Assets to reduce memory usage. Loaded Objects now: 3970.
Total: 7.210200 ms (FindLiveObjects: 0.580200 ms CreateObjectMapping: 0.225300 ms MarkObjects: 6.112400 ms  DeleteObjects: 0.290100 ms)

========================================================================
Received Import Request.
  Time since last request: 60.727915 seconds.
  path: Assets/Data/TextMesh Pro/Resources/Fonts & Materials/LiberationSans SDF.asset
  artifactKey: Guid(8f586378b4e144a9851e7b34d9b748ee) Importer(815301076,1909f56bfc062723c751e8b465ee728b)
Start importing Assets/Data/TextMesh Pro/Resources/Fonts & Materials/LiberationSans SDF.asset using Guid(8f586378b4e144a9851e7b34d9b748ee) Importer(815301076,1909f56bfc062723c751e8b465ee728b)  -> (artifact id: '121c2bfe6d14dcfd0b40a115ba30c6a6') in 0.547101 seconds
  Import took 0.559164 seconds .

========================================================================
Received Import Request.
  Time since last request: 0.026842 seconds.
  path: Assets/Data/TextMesh Pro/Resources/Fonts & Materials/LiberationSans SDF.asset
  artifactKey: Guid(8f586378b4e144a9851e7b34d9b748ee) Importer(815301076,1909f56bfc062723c751e8b465ee728b)
Start importing Assets/Data/TextMesh Pro/Resources/Fonts & Materials/LiberationSans SDF.asset using Guid(8f586378b4e144a9851e7b34d9b748ee) Importer(815301076,1909f56bfc062723c751e8b465ee728b)  -> (artifact id: '121c2bfe6d14dcfd0b40a115ba30c6a6') in 0.075605 seconds
  Import took 0.089420 seconds .

========================================================================
Received Prepare
Registering precompiled user dll's ...
Registered in 0.011137 seconds.
Begin MonoManager ReloadAssembly
Native extension for WindowsStandalone target not found
Native extension for WebGL target not found
Refreshing native plugins compatible for Editor in 1.44 ms, found 3 plugins.
Preloading 0 native plugins for Editor in 0.00 ms.
Mono: successfully reloaded assembly
- Completed reload, in  2.665 seconds
Platform modules already initialized, skipping
Shader 'Universal Render Pipeline/Particles/Lit': fallback shader 'Universal Render Pipeline/Particles/SimpleLit' not found
Refreshing native plugins compatible for Editor in 1.08 ms, found 3 plugins.
Preloading 0 native plugins for Editor in 0.00 ms.
Unloading 3313 Unused Serialized files (Serialized files now loaded: 0)
System memory in use before: 146.5 MB.
System memory in use after: 146.6 MB.

Unloading 23 unused Assets to reduce memory usage. Loaded Objects now: 4045.
Total: 6.342400 ms (FindLiveObjects: 0.675000 ms CreateObjectMapping: 0.234900 ms MarkObjects: 5.184000 ms  DeleteObjects: 0.244500 ms)

========================================================================
Received Import Request.
  Time since last request: 17.396707 seconds.
  path: Assets/Prefabs/Particles/Slime_HitParticles.prefab
  artifactKey: Guid(26179c8d12af8884d8d073ef578ce37b) Importer(815301076,1909f56bfc062723c751e8b465ee728b)
Start importing Assets/Prefabs/Particles/Slime_HitParticles.prefab using Guid(26179c8d12af8884d8d073ef578ce37b) Importer(815301076,1909f56bfc062723c751e8b465ee728b)  -> (artifact id: 'dbb87db21c8756aedc9a8dca9afa5828') in 0.073609 seconds
  Import took 0.084272 seconds .

========================================================================
Received Prepare
Registering precompiled user dll's ...
Registered in 0.010249 seconds.
Begin MonoManager ReloadAssembly
Native extension for WindowsStandalone target not found
Native extension for WebGL target not found
Refreshing native plugins compatible for Editor in 1.45 ms, found 3 plugins.
Preloading 0 native plugins for Editor in 0.00 ms.
Mono: successfully reloaded assembly
- Completed reload, in  3.064 seconds
Platform modules already initialized, skipping
Shader 'Universal Render Pipeline/Particles/Lit': fallback shader 'Universal Render Pipeline/Particles/SimpleLit' not found
Refreshing native plugins compatible for Editor in 1.30 ms, found 3 plugins.
Preloading 0 native plugins for Editor in 0.00 ms.
Unloading 3313 Unused Serialized files (Serialized files now loaded: 0)
System memory in use before: 146.5 MB.
System memory in use after: 146.6 MB.

Unloading 23 unused Assets to reduce memory usage. Loaded Objects now: 4049.
Total: 8.961300 ms (FindLiveObjects: 0.712500 ms CreateObjectMapping: 0.216600 ms MarkObjects: 7.667500 ms  DeleteObjects: 0.362500 ms)

========================================================================
Received Prepare
Registering precompiled user dll's ...
Registered in 0.009296 seconds.
Begin MonoManager ReloadAssembly
Native extension for WindowsStandalone target not found
Native extension for WebGL target not found
Refreshing native plugins compatible for Editor in 1.11 ms, found 3 plugins.
Preloading 0 native plugins for Editor in 0.00 ms.
Mono: successfully reloaded assembly
- Completed reload, in  2.754 seconds
Platform modules already initialized, skipping
Shader 'Universal Render Pipeline/Particles/Lit': fallback shader 'Universal Render Pipeline/Particles/SimpleLit' not found
Refreshing native plugins compatible for Editor in 1.19 ms, found 3 plugins.
Preloading 0 native plugins for Editor in 0.00 ms.
Unloading 3313 Unused Serialized files (Serialized files now loaded: 0)
System memory in use before: 146.5 MB.
System memory in use after: 146.6 MB.

Unloading 23 unused Assets to reduce memory usage. Loaded Objects now: 4053.
Total: 7.124200 ms (FindLiveObjects: 0.634000 ms CreateObjectMapping: 0.197400 ms MarkObjects: 6.003200 ms  DeleteObjects: 0.287000 ms)

========================================================================
Received Prepare
Registering precompiled user dll's ...
Registered in 0.010030 seconds.
Begin MonoManager ReloadAssembly
Native extension for WindowsStandalone target not found
Native extension for WebGL target not found
Refreshing native plugins compatible for Editor in 1.08 ms, found 3 plugins.
Preloading 0 native plugins for Editor in 0.00 ms.
Mono: successfully reloaded assembly
- Completed reload, in  2.726 seconds
Platform modules already initialized, skipping
Shader 'Universal Render Pipeline/Particles/Lit': fallback shader 'Universal Render Pipeline/Particles/SimpleLit' not found
Refreshing native plugins compatible for Editor in 1.01 ms, found 3 plugins.
Preloading 0 native plugins for Editor in 0.00 ms.
Unloading 3313 Unused Serialized files (Serialized files now loaded: 0)
System memory in use before: 146.5 MB.
System memory in use after: 146.6 MB.

Unloading 23 unused Assets to reduce memory usage. Loaded Objects now: 4057.
Total: 5.173700 ms (FindLiveObjects: 0.494300 ms CreateObjectMapping: 0.128300 ms MarkObjects: 4.352700 ms  DeleteObjects: 0.196200 ms)

========================================================================
Received Prepare
Registering precompiled user dll's ...
Registered in 0.010504 seconds.
Begin MonoManager ReloadAssembly
Native extension for WindowsStandalone target not found
Native extension for WebGL target not found
Refreshing native plugins compatible for Editor in 0.96 ms, found 3 plugins.
Preloading 0 native plugins for Editor in 0.00 ms.
Mono: successfully reloaded assembly
- Completed reload, in  2.255 seconds
Platform modules already initialized, skipping
Shader 'Universal Render Pipeline/Particles/Lit': fallback shader 'Universal Render Pipeline/Particles/SimpleLit' not found
Refreshing native plugins compatible for Editor in 1.08 ms, found 3 plugins.
Preloading 0 native plugins for Editor in 0.00 ms.
Unloading 3313 Unused Serialized files (Serialized files now loaded: 0)
System memory in use before: 146.5 MB.
System memory in use after: 146.6 MB.

Unloading 23 unused Assets to reduce memory usage. Loaded Objects now: 4061.
Total: 5.732200 ms (FindLiveObjects: 0.531800 ms CreateObjectMapping: 0.161000 ms MarkObjects: 4.787800 ms  DeleteObjects: 0.249300 ms)

========================================================================
Received Import Request.
  Time since last request: 405.212288 seconds.
  path: Assets/Prefabs/Particles/Slime_HitParticles.prefab
  artifactKey: Guid(26179c8d12af8884d8d073ef578ce37b) Importer(815301076,1909f56bfc062723c751e8b465ee728b)
Start importing Assets/Prefabs/Particles/Slime_HitParticles.prefab using Guid(26179c8d12af8884d8d073ef578ce37b) Importer(815301076,1909f56bfc062723c751e8b465ee728b)  -> (artifact id: 'ab5e2a6e5dad0dab11cd73ff6851cd33') in 0.047270 seconds
  Import took 0.055622 seconds .

========================================================================
Received Import Request.
  Time since last request: 0.648458 seconds.
  path: Assets/Prefabs/Particles/Slime_HitParticles.prefab
  artifactKey: Guid(26179c8d12af8884d8d073ef578ce37b) Importer(815301076,1909f56bfc062723c751e8b465ee728b)
Start importing Assets/Prefabs/Particles/Slime_HitParticles.prefab using Guid(26179c8d12af8884d8d073ef578ce37b) Importer(815301076,1909f56bfc062723c751e8b465ee728b)  -> (artifact id: 'ab5e2a6e5dad0dab11cd73ff6851cd33') in 0.009831 seconds
  Import took 0.021506 seconds .

========================================================================
Received Prepare
Registering precompiled user dll's ...
Registered in 0.008245 seconds.
Begin MonoManager ReloadAssembly
Native extension for WindowsStandalone target not found
Native extension for WebGL target not found
Refreshing native plugins compatible for Editor in 1.06 ms, found 3 plugins.
Preloading 0 native plugins for Editor in 0.00 ms.
Mono: successfully reloaded assembly
- Completed reload, in  2.039 seconds
Platform modules already initialized, skipping
Shader 'Universal Render Pipeline/Particles/Lit': fallback shader 'Universal Render Pipeline/Particles/SimpleLit' not found
Refreshing native plugins compatible for Editor in 0.88 ms, found 3 plugins.
Preloading 0 native plugins for Editor in 0.00 ms.
Unloading 3313 Unused Serialized files (Serialized files now loaded: 0)
System memory in use before: 146.5 MB.
System memory in use after: 146.6 MB.

Unloading 23 unused Assets to reduce memory usage. Loaded Objects now: 4065.
Total: 4.505500 ms (FindLiveObjects: 0.472600 ms CreateObjectMapping: 0.128900 ms MarkObjects: 3.700800 ms  DeleteObjects: 0.201000 ms)

========================================================================
Received Import Request.
  Time since last request: 32.824935 seconds.
  path: Assets/Data/Main.mixer
  artifactKey: Guid(bb819a2fd757aa940b71025c5e6020c7) Importer(815301076,1909f56bfc062723c751e8b465ee728b)
Start importing Assets/Data/Main.mixer using Guid(bb819a2fd757aa940b71025c5e6020c7) Importer(815301076,1909f56bfc062723c751e8b465ee728b)  -> (artifact id: '42b3898971e9fe3c5f9dec06fc6f47e8') in 0.037415 seconds
  Import took 0.046082 seconds .

========================================================================
Received Import Request.
  Time since last request: 1.100838 seconds.
  path: Assets/Data/Enemies/Slime.asset
  artifactKey: Guid(929997eab1d65b644a251e9d7e06916c) Importer(815301076,1909f56bfc062723c751e8b465ee728b)
Start importing Assets/Data/Enemies/Slime.asset using Guid(929997eab1d65b644a251e9d7e06916c) Importer(815301076,1909f56bfc062723c751e8b465ee728b)  -> (artifact id: 'ad90fd166844651fd489e5672c87a608') in 0.006613 seconds
  Import took 0.016635 seconds .

========================================================================
Received Import Request.
  Time since last request: 11.067703 seconds.
  path: Assets/Prefabs/Prototype enemy.prefab
  artifactKey: Guid(3ae3a93b9196dfb49bf0a815723e5240) Importer(815301076,1909f56bfc062723c751e8b465ee728b)
Start importing Assets/Prefabs/Prototype enemy.prefab using Guid(3ae3a93b9196dfb49bf0a815723e5240) Importer(815301076,1909f56bfc062723c751e8b465ee728b)  -> (artifact id: '2b4fd6cfb86f5ff9fe1417e613c42cc3') in 0.279766 seconds
  Import took 0.290593 seconds .

========================================================================
Received Prepare
Registering precompiled user dll's ...
Registered in 0.008044 seconds.
Begin MonoManager ReloadAssembly
Native extension for WindowsStandalone target not found
Native extension for WebGL target not found
Refreshing native plugins compatible for Editor in 1.79 ms, found 3 plugins.
Preloading 0 native plugins for Editor in 0.00 ms.
Mono: successfully reloaded assembly
- Completed reload, in  2.685 seconds
Platform modules already initialized, skipping
Shader 'Universal Render Pipeline/Particles/Lit': fallback shader 'Universal Render Pipeline/Particles/SimpleLit' not found
Refreshing native plugins compatible for Editor in 1.08 ms, found 3 plugins.
Preloading 0 native plugins for Editor in 0.00 ms.
Unloading 3313 Unused Serialized files (Serialized files now loaded: 0)
System memory in use before: 146.6 MB.
System memory in use after: 146.7 MB.

Unloading 23 unused Assets to reduce memory usage. Loaded Objects now: 4105.
Total: 7.276100 ms (FindLiveObjects: 0.724500 ms CreateObjectMapping: 0.281100 ms MarkObjects: 5.980400 ms  DeleteObjects: 0.287600 ms)

========================================================================
Received Prepare
Registering precompiled user dll's ...
Registered in 0.011439 seconds.
Begin MonoManager ReloadAssembly
Native extension for WindowsStandalone target not found
Native extension for WebGL target not found
Refreshing native plugins compatible for Editor in 1.12 ms, found 3 plugins.
Preloading 0 native plugins for Editor in 0.00 ms.
Mono: successfully reloaded assembly
- Completed reload, in  3.219 seconds
Platform modules already initialized, skipping
Shader 'Universal Render Pipeline/Particles/Lit': fallback shader 'Universal Render Pipeline/Particles/SimpleLit' not found
Refreshing native plugins compatible for Editor in 1.04 ms, found 3 plugins.
Preloading 0 native plugins for Editor in 0.00 ms.
Unloading 3313 Unused Serialized files (Serialized files now loaded: 0)
System memory in use before: 146.6 MB.
System memory in use after: 146.7 MB.

Unloading 23 unused Assets to reduce memory usage. Loaded Objects now: 4109.
Total: 6.432400 ms (FindLiveObjects: 0.545800 ms CreateObjectMapping: 0.224600 ms MarkObjects: 5.416800 ms  DeleteObjects: 0.242700 ms)

========================================================================
Received Import Request.
  Time since last request: 90.753536 seconds.
  path: Assets/Prefabs/Particles/Slime_HitParticles.prefab
  artifactKey: Guid(26179c8d12af8884d8d073ef578ce37b) Importer(815301076,1909f56bfc062723c751e8b465ee728b)
Start importing Assets/Prefabs/Particles/Slime_HitParticles.prefab using Guid(26179c8d12af8884d8d073ef578ce37b) Importer(815301076,1909f56bfc062723c751e8b465ee728b)  -> (artifact id: 'bf8e1eb88d758277286889ab121be6f8') in 0.072167 seconds
  Import took 0.083671 seconds .

========================================================================
Received Import Request.
  Time since last request: 1.787834 seconds.
  path: Assets/Prefabs/Particles/Slime_HitParticles.prefab
  artifactKey: Guid(26179c8d12af8884d8d073ef578ce37b) Importer(815301076,1909f56bfc062723c751e8b465ee728b)
Start importing Assets/Prefabs/Particles/Slime_HitParticles.prefab using Guid(26179c8d12af8884d8d073ef578ce37b) Importer(815301076,1909f56bfc062723c751e8b465ee728b)  -> (artifact id: '06323e11c234c24fdda4435eaafaed33') in 0.010792 seconds
  Import took 0.024450 seconds .

========================================================================
Received Import Request.
  Time since last request: 16.776228 seconds.
  path: Assets/Prefabs/Particles/Slime_HitParticles.prefab
  artifactKey: Guid(26179c8d12af8884d8d073ef578ce37b) Importer(815301076,1909f56bfc062723c751e8b465ee728b)
Start importing Assets/Prefabs/Particles/Slime_HitParticles.prefab using Guid(26179c8d12af8884d8d073ef578ce37b) Importer(815301076,1909f56bfc062723c751e8b465ee728b)  -> (artifact id: '3cf9712202482b02ab05ff6b2c053481') in 0.010308 seconds
  Import took 0.020770 seconds .

========================================================================
Received Import Request.
  Time since last request: 10.526374 seconds.
  path: Assets/Prefabs/Particles/Slime_HitParticles.prefab
  artifactKey: Guid(26179c8d12af8884d8d073ef578ce37b) Importer(815301076,1909f56bfc062723c751e8b465ee728b)
Start importing Assets/Prefabs/Particles/Slime_HitParticles.prefab using Guid(26179c8d12af8884d8d073ef578ce37b) Importer(815301076,1909f56bfc062723c751e8b465ee728b)  -> (artifact id: '32c09e952c0cc6174cdf00ec2f665b7d') in 0.009737 seconds
  Import took 0.023077 seconds .

========================================================================
Received Import Request.
  Time since last request: 7.822522 seconds.
  path: Assets/Prefabs/Particles/Slime_HitParticles.prefab
  artifactKey: Guid(26179c8d12af8884d8d073ef578ce37b) Importer(815301076,1909f56bfc062723c751e8b465ee728b)
Start importing Assets/Prefabs/Particles/Slime_HitParticles.prefab using Guid(26179c8d12af8884d8d073ef578ce37b) Importer(815301076,1909f56bfc062723c751e8b465ee728b)  -> (artifact id: 'a544e5c8c26e286c26dc16239ec71e64') in 0.009648 seconds
  Import took 0.024771 seconds .

========================================================================
Received Import Request.
  Time since last request: 2.424510 seconds.
  path: Assets/Prefabs/Particles/Slime_HitParticles.prefab
  artifactKey: Guid(26179c8d12af8884d8d073ef578ce37b) Importer(815301076,1909f56bfc062723c751e8b465ee728b)
Start importing Assets/Prefabs/Particles/Slime_HitParticles.prefab using Guid(26179c8d12af8884d8d073ef578ce37b) Importer(815301076,1909f56bfc062723c751e8b465ee728b)  -> (artifact id: '13352e8216778cc58c83d8c38e8ec271') in 0.011442 seconds
  Import took 0.023741 seconds .

========================================================================
Received Import Request.
  Time since last request: 6.368929 seconds.
  path: Assets/Prefabs/Particles/Slime_HitParticles.prefab
  artifactKey: Guid(26179c8d12af8884d8d073ef578ce37b) Importer(815301076,1909f56bfc062723c751e8b465ee728b)
Start importing Assets/Prefabs/Particles/Slime_HitParticles.prefab using Guid(26179c8d12af8884d8d073ef578ce37b) Importer(815301076,1909f56bfc062723c751e8b465ee728b)  -> (artifact id: '1a0714c227c137445bc1d14ce3872e07') in 0.009100 seconds
  Import took 0.021950 seconds .

========================================================================
Received Import Request.
  Time since last request: 9.817965 seconds.
  path: Assets/Prefabs/Particles/Slime_HitParticles.prefab
  artifactKey: Guid(26179c8d12af8884d8d073ef578ce37b) Importer(815301076,1909f56bfc062723c751e8b465ee728b)
Start importing Assets/Prefabs/Particles/Slime_HitParticles.prefab using Guid(26179c8d12af8884d8d073ef578ce37b) Importer(815301076,1909f56bfc062723c751e8b465ee728b)  -> (artifact id: 'eadbde8fea9bd02a2a2559b52665d3b8') in 0.013178 seconds
  Import took 0.025955 seconds .

========================================================================
Received Prepare
Registering precompiled user dll's ...
Registered in 0.009926 seconds.
Begin MonoManager ReloadAssembly
Native extension for WindowsStandalone target not found
Native extension for WebGL target not found
Refreshing native plugins compatible for Editor in 1.08 ms, found 3 plugins.
Preloading 0 native plugins for Editor in 0.00 ms.
Mono: successfully reloaded assembly
- Completed reload, in  2.804 seconds
Platform modules already initialized, skipping
Shader 'Universal Render Pipeline/Particles/Lit': fallback shader 'Universal Render Pipeline/Particles/SimpleLit' not found
Refreshing native plugins compatible for Editor in 1.10 ms, found 3 plugins.
Preloading 0 native plugins for Editor in 0.00 ms.
Unloading 3313 Unused Serialized files (Serialized files now loaded: 0)
System memory in use before: 146.7 MB.
System memory in use after: 146.8 MB.

Unloading 23 unused Assets to reduce memory usage. Loaded Objects now: 4113.
Total: 10.716100 ms (FindLiveObjects: 0.952500 ms CreateObjectMapping: 0.528400 ms MarkObjects: 7.977100 ms  DeleteObjects: 1.253900 ms)

========================================================================
Received Prepare
Registering precompiled user dll's ...
Registered in 0.010149 seconds.
Begin MonoManager ReloadAssembly
Native extension for WindowsStandalone target not found
Native extension for WebGL target not found
Refreshing native plugins compatible for Editor in 1.18 ms, found 3 plugins.
Preloading 0 native plugins for Editor in 0.00 ms.
Mono: successfully reloaded assembly
- Completed reload, in  2.599 seconds
Platform modules already initialized, skipping
Shader 'Universal Render Pipeline/Particles/Lit': fallback shader 'Universal Render Pipeline/Particles/SimpleLit' not found
Refreshing native plugins compatible for Editor in 1.08 ms, found 3 plugins.
Preloading 0 native plugins for Editor in 0.00 ms.
Unloading 3313 Unused Serialized files (Serialized files now loaded: 0)
System memory in use before: 146.7 MB.
System memory in use after: 146.8 MB.

Unloading 23 unused Assets to reduce memory usage. Loaded Objects now: 4117.
Total: 6.033600 ms (FindLiveObjects: 0.536500 ms CreateObjectMapping: 0.164300 ms MarkObjects: 5.079200 ms  DeleteObjects: 0.251400 ms)

========================================================================
Received Import Request.
  Time since last request: 160.835209 seconds.
  path: Assets/Prefabs/Particles/Slime_HitParticles.prefab
  artifactKey: Guid(26179c8d12af8884d8d073ef578ce37b) Importer(815301076,1909f56bfc062723c751e8b465ee728b)
Start importing Assets/Prefabs/Particles/Slime_HitParticles.prefab using Guid(26179c8d12af8884d8d073ef578ce37b) Importer(815301076,1909f56bfc062723c751e8b465ee728b)  -> (artifact id: 'aa0bca2021efc863ff64e1a72e959c13') in 0.066919 seconds
  Import took 0.078207 seconds .

========================================================================
Received Prepare
Registering precompiled user dll's ...
Registered in 0.010420 seconds.
Begin MonoManager ReloadAssembly
Native extension for WindowsStandalone target not found
Native extension for WebGL target not found
Refreshing native plugins compatible for Editor in 1.08 ms, found 3 plugins.
Preloading 0 native plugins for Editor in 0.00 ms.
Mono: successfully reloaded assembly
- Completed reload, in  2.609 seconds
Platform modules already initialized, skipping
Shader 'Universal Render Pipeline/Particles/Lit': fallback shader 'Universal Render Pipeline/Particles/SimpleLit' not found
Refreshing native plugins compatible for Editor in 1.06 ms, found 3 plugins.
Preloading 0 native plugins for Editor in 0.00 ms.
Unloading 3313 Unused Serialized files (Serialized files now loaded: 0)
System memory in use before: 146.7 MB.
System memory in use after: 146.8 MB.

Unloading 23 unused Assets to reduce memory usage. Loaded Objects now: 4121.
Total: 5.855700 ms (FindLiveObjects: 0.528300 ms CreateObjectMapping: 0.161800 ms MarkObjects: 4.847700 ms  DeleteObjects: 0.315800 ms)

========================================================================
Received Import Request.
  Time since last request: 29.908834 seconds.
  path: Assets/Prefabs/Particles/Slime_HitParticles.prefab
  artifactKey: Guid(26179c8d12af8884d8d073ef578ce37b) Importer(815301076,1909f56bfc062723c751e8b465ee728b)
Start importing Assets/Prefabs/Particles/Slime_HitParticles.prefab using Guid(26179c8d12af8884d8d073ef578ce37b) Importer(815301076,1909f56bfc062723c751e8b465ee728b)  -> (artifact id: 'b15f0e64941e2c4d88792902d85ab9cf') in 0.060703 seconds
  Import took 0.071803 seconds .

========================================================================
Received Prepare
Registering precompiled user dll's ...
Registered in 0.011806 seconds.
Begin MonoManager ReloadAssembly
Native extension for WindowsStandalone target not found
Native extension for WebGL target not found
Refreshing native plugins compatible for Editor in 1.09 ms, found 3 plugins.
Preloading 0 native plugins for Editor in 0.00 ms.
Mono: successfully reloaded assembly
- Completed reload, in  2.610 seconds
Platform modules already initialized, skipping
Shader 'Universal Render Pipeline/Particles/Lit': fallback shader 'Universal Render Pipeline/Particles/SimpleLit' not found
Refreshing native plugins compatible for Editor in 1.12 ms, found 3 plugins.
Preloading 0 native plugins for Editor in 0.00 ms.
Unloading 3313 Unused Serialized files (Serialized files now loaded: 0)
System memory in use before: 146.7 MB.
System memory in use after: 146.8 MB.

Unloading 23 unused Assets to reduce memory usage. Loaded Objects now: 4125.
Total: 5.934600 ms (FindLiveObjects: 0.538500 ms CreateObjectMapping: 0.162800 ms MarkObjects: 4.975000 ms  DeleteObjects: 0.256000 ms)

========================================================================
Received Import Request.
  Time since last request: 35.381820 seconds.
  path: Assets/Prefabs/Particles/Slime_HitParticles.prefab
  artifactKey: Guid(26179c8d12af8884d8d073ef578ce37b) Importer(815301076,1909f56bfc062723c751e8b465ee728b)
Start importing Assets/Prefabs/Particles/Slime_HitParticles.prefab using Guid(26179c8d12af8884d8d073ef578ce37b) Importer(815301076,1909f56bfc062723c751e8b465ee728b)  -> (artifact id: 'dbeafe4b4837706e4c8f444c3ca9e675') in 0.105994 seconds
  Import took 0.118279 seconds .

========================================================================
Received Import Request.
  Time since last request: 0.424584 seconds.
  path: Assets/Prefabs/Particles/Slime_HitParticles.prefab
  artifactKey: Guid(26179c8d12af8884d8d073ef578ce37b) Importer(815301076,1909f56bfc062723c751e8b465ee728b)
Start importing Assets/Prefabs/Particles/Slime_HitParticles.prefab using Guid(26179c8d12af8884d8d073ef578ce37b) Importer(815301076,1909f56bfc062723c751e8b465ee728b)  -> (artifact id: 'dbeafe4b4837706e4c8f444c3ca9e675') in 0.010601 seconds
  Import took 0.022188 seconds .

========================================================================
Received Prepare
Registering precompiled user dll's ...
Registered in 0.011482 seconds.
Begin MonoManager ReloadAssembly
Native extension for WindowsStandalone target not found
Native extension for WebGL target not found
Refreshing native plugins compatible for Editor in 1.07 ms, found 3 plugins.
Preloading 0 native plugins for Editor in 0.00 ms.
Mono: successfully reloaded assembly
- Completed reload, in  2.956 seconds
Platform modules already initialized, skipping
Shader 'Universal Render Pipeline/Particles/Lit': fallback shader 'Universal Render Pipeline/Particles/SimpleLit' not found
Refreshing native plugins compatible for Editor in 1.05 ms, found 3 plugins.
Preloading 0 native plugins for Editor in 0.00 ms.
Unloading 3313 Unused Serialized files (Serialized files now loaded: 0)
System memory in use before: 146.7 MB.
System memory in use after: 146.8 MB.

Unloading 23 unused Assets to reduce memory usage. Loaded Objects now: 4129.
Total: 7.630300 ms (FindLiveObjects: 0.594200 ms CreateObjectMapping: 0.206400 ms MarkObjects: 6.587000 ms  DeleteObjects: 0.239800 ms)

========================================================================
Received Import Request.
  Time since last request: 13.655998 seconds.
  path: Assets/Prefabs/Particles/Slime_HitParticles.prefab
  artifactKey: Guid(26179c8d12af8884d8d073ef578ce37b) Importer(815301076,1909f56bfc062723c751e8b465ee728b)
Start importing Assets/Prefabs/Particles/Slime_HitParticles.prefab using Guid(26179c8d12af8884d8d073ef578ce37b) Importer(815301076,1909f56bfc062723c751e8b465ee728b)  -> (artifact id: '7402f4abe08df73e2f099892173bdbb5') in 0.084336 seconds
  Import took 0.096571 seconds .

========================================================================
Received Prepare
Registering precompiled user dll's ...
Registered in 0.011180 seconds.
Begin MonoManager ReloadAssembly
Native extension for WindowsStandalone target not found
Native extension for WebGL target not found
Refreshing native plugins compatible for Editor in 1.12 ms, found 3 plugins.
Preloading 0 native plugins for Editor in 0.00 ms.
Mono: successfully reloaded assembly
- Completed reload, in  3.102 seconds
Platform modules already initialized, skipping
Shader 'Universal Render Pipeline/Particles/Lit': fallback shader 'Universal Render Pipeline/Particles/SimpleLit' not found
Refreshing native plugins compatible for Editor in 1.08 ms, found 3 plugins.
Preloading 0 native plugins for Editor in 0.00 ms.
Unloading 3313 Unused Serialized files (Serialized files now loaded: 0)
System memory in use before: 146.7 MB.
System memory in use after: 146.8 MB.

Unloading 23 unused Assets to reduce memory usage. Loaded Objects now: 4133.
Total: 8.111900 ms (FindLiveObjects: 0.707800 ms CreateObjectMapping: 0.244400 ms MarkObjects: 6.812700 ms  DeleteObjects: 0.344500 ms)

========================================================================
Received Prepare
Registering precompiled user dll's ...
Registered in 0.010850 seconds.
Begin MonoManager ReloadAssembly
Native extension for WindowsStandalone target not found
Native extension for WebGL target not found
Refreshing native plugins compatible for Editor in 1.54 ms, found 3 plugins.
Preloading 0 native plugins for Editor in 0.00 ms.
Mono: successfully reloaded assembly
- Completed reload, in  4.111 seconds
Platform modules already initialized, skipping
Shader 'Universal Render Pipeline/Particles/Lit': fallback shader 'Universal Render Pipeline/Particles/SimpleLit' not found
Refreshing native plugins compatible for Editor in 1.13 ms, found 3 plugins.
Preloading 0 native plugins for Editor in 0.00 ms.
Unloading 3313 Unused Serialized files (Serialized files now loaded: 0)
System memory in use before: 146.7 MB.
System memory in use after: 146.8 MB.

Unloading 23 unused Assets to reduce memory usage. Loaded Objects now: 4137.
Total: 8.683200 ms (FindLiveObjects: 0.654900 ms CreateObjectMapping: 0.306100 ms MarkObjects: 7.367100 ms  DeleteObjects: 0.352000 ms)

========================================================================
Received Import Request.
  Time since last request: 55.233344 seconds.
  path: Assets/Prefabs/Particles/Slime_HitParticles.prefab
  artifactKey: Guid(26179c8d12af8884d8d073ef578ce37b) Importer(815301076,1909f56bfc062723c751e8b465ee728b)
Start importing Assets/Prefabs/Particles/Slime_HitParticles.prefab using Guid(26179c8d12af8884d8d073ef578ce37b) Importer(815301076,1909f56bfc062723c751e8b465ee728b)  -> (artifact id: 'f7c9727cc6e5a5ce4d58cfb741df4ec7') in 0.065556 seconds
  Import took 0.078064 seconds .

========================================================================
Received Import Request.
  Time since last request: 6.520711 seconds.
  path: Assets/Prefabs/Particles/Slime_HitParticles.prefab
  artifactKey: Guid(26179c8d12af8884d8d073ef578ce37b) Importer(815301076,1909f56bfc062723c751e8b465ee728b)
Start importing Assets/Prefabs/Particles/Slime_HitParticles.prefab using Guid(26179c8d12af8884d8d073ef578ce37b) Importer(815301076,1909f56bfc062723c751e8b465ee728b)  -> (artifact id: '0276cc23b0a5d084765fa71b681e8721') in 0.010061 seconds
  Import took 0.024209 seconds .

========================================================================
Received Prepare
Registering precompiled user dll's ...
Registered in 0.011006 seconds.
Begin MonoManager ReloadAssembly
Native extension for WindowsStandalone target not found
Native extension for WebGL target not found
Refreshing native plugins compatible for Editor in 1.08 ms, found 3 plugins.
Preloading 0 native plugins for Editor in 0.00 ms.
Mono: successfully reloaded assembly
- Completed reload, in  2.641 seconds
Platform modules already initialized, skipping
Shader 'Universal Render Pipeline/Particles/Lit': fallback shader 'Universal Render Pipeline/Particles/SimpleLit' not found
Refreshing native plugins compatible for Editor in 1.17 ms, found 3 plugins.
Preloading 0 native plugins for Editor in 0.00 ms.
Unloading 3313 Unused Serialized files (Serialized files now loaded: 0)
System memory in use before: 146.7 MB.
System memory in use after: 146.8 MB.

Unloading 23 unused Assets to reduce memory usage. Loaded Objects now: 4141.
Total: 7.156900 ms (FindLiveObjects: 1.018500 ms CreateObjectMapping: 0.330600 ms MarkObjects: 5.523500 ms  DeleteObjects: 0.281300 ms)

========================================================================
Received Import Request.
  Time since last request: 76.139295 seconds.
  path: Assets/Prefabs/Particles/Slime_HitParticles.prefab
  artifactKey: Guid(26179c8d12af8884d8d073ef578ce37b) Importer(815301076,1909f56bfc062723c751e8b465ee728b)
Start importing Assets/Prefabs/Particles/Slime_HitParticles.prefab using Guid(26179c8d12af8884d8d073ef578ce37b) Importer(815301076,1909f56bfc062723c751e8b465ee728b)  -> (artifact id: '1291394fd046b7846791bcf373b1c28f') in 0.063548 seconds
  Import took 0.075747 seconds .

========================================================================
Received Prepare
Registering precompiled user dll's ...
Registered in 0.006405 seconds.
Begin MonoManager ReloadAssembly
Native extension for WindowsStandalone target not found
Native extension for WebGL target not found
Refreshing native plugins compatible for Editor in 0.83 ms, found 3 plugins.
Preloading 0 native plugins for Editor in 0.00 ms.
Mono: successfully reloaded assembly
- Completed reload, in  2.090 seconds
Platform modules already initialized, skipping
Shader 'Universal Render Pipeline/Particles/Lit': fallback shader 'Universal Render Pipeline/Particles/SimpleLit' not found
Refreshing native plugins compatible for Editor in 0.89 ms, found 3 plugins.
Preloading 0 native plugins for Editor in 0.00 ms.
Unloading 3313 Unused Serialized files (Serialized files now loaded: 0)
System memory in use before: 146.7 MB.
System memory in use after: 146.8 MB.

Unloading 23 unused Assets to reduce memory usage. Loaded Objects now: 4145.
Total: 5.211400 ms (FindLiveObjects: 0.518700 ms CreateObjectMapping: 0.172600 ms MarkObjects: 4.308000 ms  DeleteObjects: 0.209500 ms)

========================================================================
Received Import Request.
  Time since last request: 81.910199 seconds.
  path: Assets/Prefabs/Particles/Slime_HitParticles.prefab
  artifactKey: Guid(26179c8d12af8884d8d073ef578ce37b) Importer(815301076,1909f56bfc062723c751e8b465ee728b)
Start importing Assets/Prefabs/Particles/Slime_HitParticles.prefab using Guid(26179c8d12af8884d8d073ef578ce37b) Importer(815301076,1909f56bfc062723c751e8b465ee728b)  -> (artifact id: '5b05d4d3a21b480329cef67637663505') in 0.062711 seconds
  Import took 0.073896 seconds .

========================================================================
Received Import Request.
  Time since last request: 0.042544 seconds.
  path: Assets/Prefabs/Particles/Slime_HitParticles.prefab
  artifactKey: Guid(26179c8d12af8884d8d073ef578ce37b) Importer(815301076,1909f56bfc062723c751e8b465ee728b)
Start importing Assets/Prefabs/Particles/Slime_HitParticles.prefab using Guid(26179c8d12af8884d8d073ef578ce37b) Importer(815301076,1909f56bfc062723c751e8b465ee728b)  -> (artifact id: '5b05d4d3a21b480329cef67637663505') in 0.011810 seconds
  Import took 0.021013 seconds .

========================================================================
Received Import Request.
  Time since last request: 30.029407 seconds.
  path: Assets/Prefabs/Particles/Slime_HitParticles.prefab
  artifactKey: Guid(26179c8d12af8884d8d073ef578ce37b) Importer(815301076,1909f56bfc062723c751e8b465ee728b)
Start importing Assets/Prefabs/Particles/Slime_HitParticles.prefab using Guid(26179c8d12af8884d8d073ef578ce37b) Importer(815301076,1909f56bfc062723c751e8b465ee728b)  -> (artifact id: '228be4af1929326b907751bc91b2a665') in 0.011429 seconds
  Import took 0.023456 seconds .

========================================================================
Received Import Request.
  Time since last request: 2.480846 seconds.
  path: Assets/Prefabs/Particles/Slime_HitParticles.prefab
  artifactKey: Guid(26179c8d12af8884d8d073ef578ce37b) Importer(815301076,1909f56bfc062723c751e8b465ee728b)
Start importing Assets/Prefabs/Particles/Slime_HitParticles.prefab using Guid(26179c8d12af8884d8d073ef578ce37b) Importer(815301076,1909f56bfc062723c751e8b465ee728b)  -> (artifact id: '1caeaf4ed4a95807333ba14512fff6b4') in 0.009181 seconds
  Import took 0.019782 seconds .

========================================================================
Received Import Request.
  Time since last request: 1.249236 seconds.
  path: Assets/Prefabs/Particles/Slime_HitParticles.prefab
  artifactKey: Guid(26179c8d12af8884d8d073ef578ce37b) Importer(815301076,1909f56bfc062723c751e8b465ee728b)
Start importing Assets/Prefabs/Particles/Slime_HitParticles.prefab using Guid(26179c8d12af8884d8d073ef578ce37b) Importer(815301076,1909f56bfc062723c751e8b465ee728b)  -> (artifact id: '9a8f5c26961426d420f88149c4c08707') in 0.010711 seconds
  Import took 0.020488 seconds .

========================================================================
Received Import Request.
  Time since last request: 3.675186 seconds.
  path: Assets/Prefabs/Particles/Slime_HitParticles.prefab
  artifactKey: Guid(26179c8d12af8884d8d073ef578ce37b) Importer(815301076,1909f56bfc062723c751e8b465ee728b)
Start importing Assets/Prefabs/Particles/Slime_HitParticles.prefab using Guid(26179c8d12af8884d8d073ef578ce37b) Importer(815301076,1909f56bfc062723c751e8b465ee728b)  -> (artifact id: 'd2122580fe1d3254510b965f62708cda') in 0.009576 seconds
  Import took 0.021268 seconds .

========================================================================
Received Import Request.
  Time since last request: 33.871243 seconds.
  path: Assets/Data/Dialogues/TestLevel_Vabbit1 1.asset
  artifactKey: Guid(7cbf63a1d8944bc4ab9e35fa7dfb6e80) Importer(815301076,1909f56bfc062723c751e8b465ee728b)
Start importing Assets/Data/Dialogues/TestLevel_Vabbit1 1.asset using Guid(7cbf63a1d8944bc4ab9e35fa7dfb6e80) Importer(815301076,1909f56bfc062723c751e8b465ee728b)  -> (artifact id: 'e801e1642b6d503d0f065c24212608d5') in 0.021766 seconds
  Import took 0.034846 seconds .

========================================================================
Received Import Request.
  Time since last request: 0.010906 seconds.
  path: Assets/Data/Dialogues/TestLevel_Vabbit1 1.asset
  artifactKey: Guid(7cbf63a1d8944bc4ab9e35fa7dfb6e80) Importer(815301076,1909f56bfc062723c751e8b465ee728b)
Start importing Assets/Data/Dialogues/TestLevel_Vabbit1 1.asset using Guid(7cbf63a1d8944bc4ab9e35fa7dfb6e80) Importer(815301076,1909f56bfc062723c751e8b465ee728b)  -> (artifact id: 'e801e1642b6d503d0f065c24212608d5') in 0.008825 seconds
  Import took 0.019043 seconds .

========================================================================
Received Import Request.
  Time since last request: 749.126647 seconds.
  path: Assets/Data/Dialogues/TestLevel_Vabbit3.asset
  artifactKey: Guid(ed30626191c8e0040940632a94258a6d) Importer(815301076,1909f56bfc062723c751e8b465ee728b)
Start importing Assets/Data/Dialogues/TestLevel_Vabbit3.asset using Guid(ed30626191c8e0040940632a94258a6d) Importer(815301076,1909f56bfc062723c751e8b465ee728b)  -> (artifact id: '58e49d8b0700daa2ab383885f79c37e5') in 0.023513 seconds
  Import took 0.038023 seconds .

========================================================================
Received Prepare
Registering precompiled user dll's ...
Registered in 0.010622 seconds.
Begin MonoManager ReloadAssembly
Native extension for WindowsStandalone target not found
Native extension for WebGL target not found
Refreshing native plugins compatible for Editor in 1.44 ms, found 3 plugins.
Preloading 0 native plugins for Editor in 0.00 ms.
Mono: successfully reloaded assembly
- Completed reload, in  2.526 seconds
Platform modules already initialized, skipping
Shader 'Universal Render Pipeline/Particles/Lit': fallback shader 'Universal Render Pipeline/Particles/SimpleLit' not found
Refreshing native plugins compatible for Editor in 1.04 ms, found 3 plugins.
Preloading 0 native plugins for Editor in 0.00 ms.
Unloading 3313 Unused Serialized files (Serialized files now loaded: 0)
System memory in use before: 146.7 MB.
System memory in use after: 146.8 MB.

Unloading 23 unused Assets to reduce memory usage. Loaded Objects now: 4149.
Total: 6.110100 ms (FindLiveObjects: 0.530900 ms CreateObjectMapping: 0.159100 ms MarkObjects: 5.166000 ms  DeleteObjects: 0.252000 ms)

========================================================================
Received Prepare
Registering precompiled user dll's ...
Registered in 0.006727 seconds.
Begin MonoManager ReloadAssembly
Native extension for WindowsStandalone target not found
Native extension for WebGL target not found
Refreshing native plugins compatible for Editor in 1.60 ms, found 3 plugins.
Preloading 0 native plugins for Editor in 0.00 ms.
Mono: successfully reloaded assembly
- Completed reload, in  2.765 seconds
Platform modules already initialized, skipping
Shader 'Universal Render Pipeline/Particles/Lit': fallback shader 'Universal Render Pipeline/Particles/SimpleLit' not found
Refreshing native plugins compatible for Editor in 1.06 ms, found 3 plugins.
Preloading 0 native plugins for Editor in 0.00 ms.
Unloading 3313 Unused Serialized files (Serialized files now loaded: 0)
System memory in use before: 146.7 MB.
System memory in use after: 146.8 MB.

Unloading 23 unused Assets to reduce memory usage. Loaded Objects now: 4153.
Total: 6.263300 ms (FindLiveObjects: 0.544100 ms CreateObjectMapping: 0.159800 ms MarkObjects: 5.219600 ms  DeleteObjects: 0.337700 ms)

========================================================================
Received Prepare
Registering precompiled user dll's ...
Registered in 0.009597 seconds.
Begin MonoManager ReloadAssembly
Native extension for WindowsStandalone target not found
Native extension for WebGL target not found
Refreshing native plugins compatible for Editor in 0.84 ms, found 3 plugins.
Preloading 0 native plugins for Editor in 0.00 ms.
Mono: successfully reloaded assembly
- Completed reload, in  2.067 seconds
Platform modules already initialized, skipping
Shader 'Universal Render Pipeline/Particles/Lit': fallback shader 'Universal Render Pipeline/Particles/SimpleLit' not found
Refreshing native plugins compatible for Editor in 0.92 ms, found 3 plugins.
Preloading 0 native plugins for Editor in 0.00 ms.
Unloading 3313 Unused Serialized files (Serialized files now loaded: 0)
System memory in use before: 146.7 MB.
System memory in use after: 146.8 MB.

Unloading 23 unused Assets to reduce memory usage. Loaded Objects now: 4157.
Total: 5.340500 ms (FindLiveObjects: 0.565300 ms CreateObjectMapping: 0.186000 ms MarkObjects: 4.364800 ms  DeleteObjects: 0.222100 ms)

========================================================================
Received Import Request.
  Time since last request: 843.789354 seconds.
  path: Assets/Data/Dialogues/TestLevel_Vabbit5.asset
  artifactKey: Guid(d67824ea1266d69428e65133665bd536) Importer(815301076,1909f56bfc062723c751e8b465ee728b)
Start importing Assets/Data/Dialogues/TestLevel_Vabbit5.asset using Guid(d67824ea1266d69428e65133665bd536) Importer(815301076,1909f56bfc062723c751e8b465ee728b) NullReferenceException: Object reference not set to an instance of an object
  at Dialogue_Udemy.Dialogue.OnValidate () [0x00040] in C:\Users\stavr\Documents\Game dev\Unity projects\Little\Assets\Scripts\Dialogue Graph\Dialogue.cs:27 

(Filename: Assets/Scripts/Dialogue Graph/Dialogue.cs Line: 27)

 -> (artifact id: '05ef9b79fd1710763fe7a6d727a9b21d') in 0.040329 seconds
  Import took 0.048677 seconds .

========================================================================
Received Prepare
Registering precompiled user dll's ...
Registered in 0.007915 seconds.
Begin MonoManager ReloadAssembly
Native extension for WindowsStandalone target not found
Native extension for WebGL target not found
Refreshing native plugins compatible for Editor in 2.19 ms, found 3 plugins.
Preloading 0 native plugins for Editor in 0.00 ms.
Mono: successfully reloaded assembly
- Completed reload, in  3.000 seconds
Platform modules already initialized, skipping
Shader 'Universal Render Pipeline/Particles/Lit': fallback shader 'Universal Render Pipeline/Particles/SimpleLit' not found
Refreshing native plugins compatible for Editor in 1.10 ms, found 3 plugins.
Preloading 0 native plugins for Editor in 0.00 ms.
Unloading 3313 Unused Serialized files (Serialized files now loaded: 0)
System memory in use before: 146.9 MB.
System memory in use after: 147.0 MB.

Unloading 23 unused Assets to reduce memory usage. Loaded Objects now: 4161.
Total: 13.512100 ms (FindLiveObjects: 1.258500 ms CreateObjectMapping: 0.368800 ms MarkObjects: 11.603700 ms  DeleteObjects: 0.278100 ms)

========================================================================
Received Prepare
Registering precompiled user dll's ...
Registered in 0.011320 seconds.
Begin MonoManager ReloadAssembly
Native extension for WindowsStandalone target not found
Native extension for WebGL target not found
Refreshing native plugins compatible for Editor in 2.74 ms, found 3 plugins.
Preloading 0 native plugins for Editor in 0.00 ms.
Mono: successfully reloaded assembly
- Completed reload, in  3.668 seconds
Platform modules already initialized, skipping
Shader 'Universal Render Pipeline/Particles/Lit': fallback shader 'Universal Render Pipeline/Particles/SimpleLit' not found
Refreshing native plugins compatible for Editor in 2.02 ms, found 3 plugins.
Preloading 0 native plugins for Editor in 0.00 ms.
Unloading 3313 Unused Serialized files (Serialized files now loaded: 0)
System memory in use before: 146.9 MB.
System memory in use after: 147.0 MB.

Unloading 23 unused Assets to reduce memory usage. Loaded Objects now: 4165.
Total: 14.066300 ms (FindLiveObjects: 2.354300 ms CreateObjectMapping: 0.734300 ms MarkObjects: 10.432800 ms  DeleteObjects: 0.539700 ms)

========================================================================
Received Import Request.
  Time since last request: 303.820656 seconds.
  path: Assets/Data/Dialogues/TestLevel_Vabbit4.asset
  artifactKey: Guid(b53d4d9c26b26684b88104b20c137219) Importer(815301076,1909f56bfc062723c751e8b465ee728b)
Start importing Assets/Data/Dialogues/TestLevel_Vabbit4.asset using Guid(b53d4d9c26b26684b88104b20c137219) Importer(815301076,1909f56bfc062723c751e8b465ee728b)  -> (artifact id: '7dcbcd31647c780bd2828cdf1735652c') in 0.058198 seconds
  Import took 0.070449 seconds .

========================================================================
Received Import Request.
  Time since last request: 0.000329 seconds.
  path: Assets/Data/Dialogues/TestLevel_Vabbit5.asset
  artifactKey: Guid(d67824ea1266d69428e65133665bd536) Importer(815301076,1909f56bfc062723c751e8b465ee728b)
Start importing Assets/Data/Dialogues/TestLevel_Vabbit5.asset using Guid(d67824ea1266d69428e65133665bd536) Importer(815301076,1909f56bfc062723c751e8b465ee728b)  -> (artifact id: '3c76d3d9acdda27b3cc2696da152c550') in 0.007301 seconds
  Import took 0.018360 seconds .

