Using pre-set license
Built from '2020.3/staging' branch; Version is '2020.3.11f1 (99c7afb366b3) revision 10078127'; Using compiler version '192528614'; Build Type 'Release'
OS: 'Windows 10 Home; OS build 19043.1052; Version 2009; 64bit' Language: 'en' Physical Memory: 7075 MB
BatchMode: 1, IsHumanControllingUs: 0, StartBugReporterOnCrash: 0, Is64bit: 1, IsPro: 0

 COMMAND LINE ARGUMENTS:
C:\Program Files\Unity\Hub\Editor\2020.3.11f1\Editor\Unity.exe
-adb2
-batchMode
-noUpm
-name
AssetImportWorker0
-projectPath
C:/Users/stavr/Documents/Game dev/Unity projects/Little
-logFile
Logs/AssetImportWorker0.log
-srvPort
56373
Successfully changed project path to: C:/Users/stavr/Documents/Game dev/Unity projects/Little
C:/Users/stavr/Documents/Game dev/Unity projects/Little
Using Asset Import Pipeline V2.
Refreshing native plugins compatible for Editor in 81.82 ms, found 3 plugins.
Preloading 0 native plugins for Editor in 0.00 ms.
Initialize engine version: 2020.3.11f1 (99c7afb366b3)
[Subsystems] Discovering subsystems at path C:/Program Files/Unity/Hub/Editor/2020.3.11f1/Editor/Data/Resources/UnitySubsystems
[Subsystems] Discovering subsystems at path C:/Users/stavr/Documents/Game dev/Unity projects/Little/Assets
GfxDevice: creating device client; threaded=0
Direct3D:
    Version:  Direct3D 11.0 [level 11.1]
    Renderer: AMD Radeon(TM) Vega 8 Graphics (ID=0x15dd)
    Vendor:   
    VRAM:     3537 MB
    Driver:   27.20.1034.6
Shader 'Universal Render Pipeline/Particles/Lit': fallback shader 'Universal Render Pipeline/Particles/SimpleLit' not found
Initialize mono
Mono path[0] = 'C:/Program Files/Unity/Hub/Editor/2020.3.11f1/Editor/Data/Managed'
Mono path[1] = 'C:/Program Files/Unity/Hub/Editor/2020.3.11f1/Editor/Data/MonoBleedingEdge/lib/mono/unityjit'
Mono config path = 'C:/Program Files/Unity/Hub/Editor/2020.3.11f1/Editor/Data/MonoBleedingEdge/etc'
Using monoOptions --debugger-agent=transport=dt_socket,embedding=1,server=y,suspend=n,address=127.0.0.1:56908
Begin MonoManager ReloadAssembly
Registering precompiled unity dll's ...
Register platform support module: C:/Program Files/Unity/Hub/Editor/2020.3.11f1/Editor/Data/PlaybackEngines/WindowsStandaloneSupport/UnityEditor.WindowsStandalone.Extensions.dll
Registered in 0.003489 seconds.
Native extension for WindowsStandalone target not found
Refreshing native plugins compatible for Editor in 97.64 ms, found 3 plugins.
Preloading 0 native plugins for Editor in 0.00 ms.
Mono: successfully reloaded assembly
- Completed reload, in  7.414 seconds
Platform modules already initialized, skipping
Registering precompiled user dll's ...
Registered in 0.011859 seconds.
Begin MonoManager ReloadAssembly
Native extension for WindowsStandalone target not found
Refreshing native plugins compatible for Editor in 111.79 ms, found 3 plugins.
Preloading 0 native plugins for Editor in 0.00 ms.
Mono: successfully reloaded assembly
- Completed reload, in  2.630 seconds
Platform modules already initialized, skipping
========================================================================
Worker process is ready to serve import requests
Shader 'Universal Render Pipeline/Particles/Lit': fallback shader 'Universal Render Pipeline/Particles/SimpleLit' not found
Launched and connected shader compiler UnityShaderCompiler.exe after 0.09 seconds
Refreshing native plugins compatible for Editor in 1.53 ms, found 3 plugins.
Preloading 0 native plugins for Editor in 0.00 ms.
Unloading 3188 Unused Serialized files (Serialized files now loaded: 0)
System memory in use before: 134.1 MB.
System memory in use after: 134.2 MB.

Unloading 34 unused Assets to reduce memory usage. Loaded Objects now: 3621.
Total: 8.405900 ms (FindLiveObjects: 1.367200 ms CreateObjectMapping: 0.629200 ms MarkObjects: 6.054300 ms  DeleteObjects: 0.352400 ms)

========================================================================
Received Import Request.
  path: Assets/Scripts/Player/State Machine/States/SuperStates/TouchWallState.cs
  artifactKey: Guid(f847946ff6dec984caf5a5550c060acd) Importer(815301076,1909f56bfc062723c751e8b465ee728b)
Start importing Assets/Scripts/Player/State Machine/States/SuperStates/TouchWallState.cs using Guid(f847946ff6dec984caf5a5550c060acd) Importer(815301076,1909f56bfc062723c751e8b465ee728b)  -> (artifact id: '2ef30019daf2a67eb32c55d382f83ed9') in 0.055920 seconds
  Import took 0.066392 seconds .

========================================================================
Received Prepare
Registering precompiled user dll's ...
Registered in 0.012028 seconds.
Begin MonoManager ReloadAssembly
Native extension for WindowsStandalone target not found
Refreshing native plugins compatible for Editor in 1.51 ms, found 3 plugins.
Preloading 0 native plugins for Editor in 0.00 ms.
Mono: successfully reloaded assembly
- Completed reload, in  3.225 seconds
Platform modules already initialized, skipping
Shader 'Universal Render Pipeline/Particles/Lit': fallback shader 'Universal Render Pipeline/Particles/SimpleLit' not found
Refreshing native plugins compatible for Editor in 1.00 ms, found 3 plugins.
Preloading 0 native plugins for Editor in 0.00 ms.
Unloading 3128 Unused Serialized files (Serialized files now loaded: 0)
System memory in use before: 128.6 MB.
System memory in use after: 128.7 MB.

Unloading 22 unused Assets to reduce memory usage. Loaded Objects now: 3625.
Total: 5.307900 ms (FindLiveObjects: 0.537700 ms CreateObjectMapping: 0.221800 ms MarkObjects: 4.307600 ms  DeleteObjects: 0.238300 ms)

========================================================================
Received Import Request.
  Time since last request: 33.892569 seconds.
  path: Assets/Scripts/Player/State Machine/States/SuperStates/PlayerWallState.cs
  artifactKey: Guid(f847946ff6dec984caf5a5550c060acd) Importer(815301076,1909f56bfc062723c751e8b465ee728b)
Start importing Assets/Scripts/Player/State Machine/States/SuperStates/PlayerWallState.cs using Guid(f847946ff6dec984caf5a5550c060acd) Importer(815301076,1909f56bfc062723c751e8b465ee728b)  -> (artifact id: 'd0bdf5cac81072855d94849507915b7a') in 0.021958 seconds
  Import took 0.031116 seconds .

========================================================================
Received Import Request.
  Time since last request: 85.097231 seconds.
  path: Assets/Scripts/Player/State Machine/Data/PlayerData.asset
  artifactKey: Guid(47d3272e738b7424196bed97e696c888) Importer(815301076,1909f56bfc062723c751e8b465ee728b)
Start importing Assets/Scripts/Player/State Machine/Data/PlayerData.asset using Guid(47d3272e738b7424196bed97e696c888) Importer(815301076,1909f56bfc062723c751e8b465ee728b)  -> (artifact id: '62f0f75c2f5008a4e2a86c63cfe5b437') in 0.046865 seconds
  Import took 0.057168 seconds .

========================================================================
Received Import Request.
  Time since last request: 0.001360 seconds.
  path: Assets/Scripts/Player/State Machine/Data/PlayerData.asset
  artifactKey: Guid(47d3272e738b7424196bed97e696c888) Importer(815301076,1909f56bfc062723c751e8b465ee728b)
Start importing Assets/Scripts/Player/State Machine/Data/PlayerData.asset using Guid(47d3272e738b7424196bed97e696c888) Importer(815301076,1909f56bfc062723c751e8b465ee728b)  -> (artifact id: '62f0f75c2f5008a4e2a86c63cfe5b437') in 0.006537 seconds
  Import took 0.017279 seconds .

========================================================================
Received Prepare
Registering precompiled user dll's ...
Registered in 0.007056 seconds.
Begin MonoManager ReloadAssembly
Native extension for WindowsStandalone target not found
Refreshing native plugins compatible for Editor in 0.82 ms, found 3 plugins.
Preloading 0 native plugins for Editor in 0.00 ms.
Mono: successfully reloaded assembly
- Completed reload, in  1.866 seconds
Platform modules already initialized, skipping
Shader 'Universal Render Pipeline/Particles/Lit': fallback shader 'Universal Render Pipeline/Particles/SimpleLit' not found
Refreshing native plugins compatible for Editor in 1.02 ms, found 3 plugins.
Preloading 0 native plugins for Editor in 0.00 ms.
Unloading 3128 Unused Serialized files (Serialized files now loaded: 0)
System memory in use before: 128.7 MB.
System memory in use after: 128.8 MB.

Unloading 22 unused Assets to reduce memory usage. Loaded Objects now: 3629.
Total: 5.262700 ms (FindLiveObjects: 0.480200 ms CreateObjectMapping: 0.168600 ms MarkObjects: 4.377700 ms  DeleteObjects: 0.234000 ms)

========================================================================
Received Prepare
Registering precompiled user dll's ...
Registered in 0.008794 seconds.
Begin MonoManager ReloadAssembly
Native extension for WindowsStandalone target not found
Refreshing native plugins compatible for Editor in 1.01 ms, found 3 plugins.
Preloading 0 native plugins for Editor in 0.00 ms.
Mono: successfully reloaded assembly
- Completed reload, in  2.443 seconds
Platform modules already initialized, skipping
Shader 'Universal Render Pipeline/Particles/Lit': fallback shader 'Universal Render Pipeline/Particles/SimpleLit' not found
Refreshing native plugins compatible for Editor in 1.01 ms, found 3 plugins.
Preloading 0 native plugins for Editor in 0.00 ms.
Unloading 3128 Unused Serialized files (Serialized files now loaded: 0)
System memory in use before: 128.7 MB.
System memory in use after: 128.8 MB.

Unloading 22 unused Assets to reduce memory usage. Loaded Objects now: 3633.
Total: 5.495300 ms (FindLiveObjects: 0.498500 ms CreateObjectMapping: 0.157600 ms MarkObjects: 4.593000 ms  DeleteObjects: 0.243000 ms)

========================================================================
Received Prepare
Registering precompiled user dll's ...
Registered in 0.016876 seconds.
Begin MonoManager ReloadAssembly
Native extension for WindowsStandalone target not found
Refreshing native plugins compatible for Editor in 2.86 ms, found 3 plugins.
Preloading 0 native plugins for Editor in 0.00 ms.
Mono: successfully reloaded assembly
- Completed reload, in  4.091 seconds
Platform modules already initialized, skipping
Shader 'Universal Render Pipeline/Particles/Lit': fallback shader 'Universal Render Pipeline/Particles/SimpleLit' not found
Refreshing native plugins compatible for Editor in 2.92 ms, found 3 plugins.
Preloading 0 native plugins for Editor in 0.00 ms.
Unloading 3128 Unused Serialized files (Serialized files now loaded: 0)
System memory in use before: 128.8 MB.
System memory in use after: 128.9 MB.

Unloading 22 unused Assets to reduce memory usage. Loaded Objects now: 3637.
Total: 10.004700 ms (FindLiveObjects: 0.665600 ms CreateObjectMapping: 0.370900 ms MarkObjects: 8.408400 ms  DeleteObjects: 0.554700 ms)

========================================================================
Received Import Request.
  Time since last request: 184.178682 seconds.
  path: Assets/Scripts/Player/State Machine/States/SubStates/PlayerWallSlideState.cs
  artifactKey: Guid(d3132b0a7805ad144be46962756251f8) Importer(815301076,1909f56bfc062723c751e8b465ee728b)
Start importing Assets/Scripts/Player/State Machine/States/SubStates/PlayerWallSlideState.cs using Guid(d3132b0a7805ad144be46962756251f8) Importer(815301076,1909f56bfc062723c751e8b465ee728b)  -> (artifact id: '0481d01d7178c9abb3139a05c1c54b0d') in 0.023234 seconds
  Import took 0.033032 seconds .

========================================================================
Received Prepare
Registering precompiled user dll's ...
Registered in 0.012189 seconds.
Begin MonoManager ReloadAssembly
Native extension for WindowsStandalone target not found
Refreshing native plugins compatible for Editor in 1.01 ms, found 3 plugins.
Preloading 0 native plugins for Editor in 0.00 ms.
Mono: successfully reloaded assembly
- Completed reload, in  2.492 seconds
Platform modules already initialized, skipping
Shader 'Universal Render Pipeline/Particles/Lit': fallback shader 'Universal Render Pipeline/Particles/SimpleLit' not found
Refreshing native plugins compatible for Editor in 1.02 ms, found 3 plugins.
Preloading 0 native plugins for Editor in 0.00 ms.
Unloading 3129 Unused Serialized files (Serialized files now loaded: 0)
System memory in use before: 128.8 MB.
System memory in use after: 128.9 MB.

Unloading 22 unused Assets to reduce memory usage. Loaded Objects now: 3642.
Total: 5.331500 ms (FindLiveObjects: 0.536800 ms CreateObjectMapping: 0.160900 ms MarkObjects: 4.387700 ms  DeleteObjects: 0.243000 ms)

========================================================================
Received Import Request.
  Time since last request: 24.663168 seconds.
  path: Assets/Scripts/Player/State Machine/States/SubStates/PlayerWallGrabState.cs
  artifactKey: Guid(79945e9ab4ba4374392e9e40f723bc6f) Importer(815301076,1909f56bfc062723c751e8b465ee728b)
Start importing Assets/Scripts/Player/State Machine/States/SubStates/PlayerWallGrabState.cs using Guid(79945e9ab4ba4374392e9e40f723bc6f) Importer(815301076,1909f56bfc062723c751e8b465ee728b)  -> (artifact id: 'f0fe3ae3b6e4d208b30cd2a78e048362') in 0.020165 seconds
  Import took 0.030874 seconds .

========================================================================
Received Prepare
Registering precompiled user dll's ...
Registered in 0.012980 seconds.
Begin MonoManager ReloadAssembly
Native extension for WindowsStandalone target not found
Refreshing native plugins compatible for Editor in 1.41 ms, found 3 plugins.
Preloading 0 native plugins for Editor in 0.00 ms.
Mono: successfully reloaded assembly
- Completed reload, in  2.450 seconds
Platform modules already initialized, skipping
Shader 'Universal Render Pipeline/Particles/Lit': fallback shader 'Universal Render Pipeline/Particles/SimpleLit' not found
Refreshing native plugins compatible for Editor in 0.99 ms, found 3 plugins.
Preloading 0 native plugins for Editor in 0.00 ms.
Unloading 3130 Unused Serialized files (Serialized files now loaded: 0)
System memory in use before: 128.8 MB.
System memory in use after: 128.9 MB.

Unloading 22 unused Assets to reduce memory usage. Loaded Objects now: 3647.
Total: 5.118000 ms (FindLiveObjects: 0.469800 ms CreateObjectMapping: 0.147500 ms MarkObjects: 4.246300 ms  DeleteObjects: 0.252100 ms)

========================================================================
Received Import Request.
  Time since last request: 18.863144 seconds.
  path: Assets/Scripts/Player/State Machine/States/SubStates/PlayerWallClimbSTate.cs
  artifactKey: Guid(7f0b06c761a2a6749ac84265ddb7c87b) Importer(815301076,1909f56bfc062723c751e8b465ee728b)
Start importing Assets/Scripts/Player/State Machine/States/SubStates/PlayerWallClimbSTate.cs using Guid(7f0b06c761a2a6749ac84265ddb7c87b) Importer(815301076,1909f56bfc062723c751e8b465ee728b)  -> (artifact id: '3310e4eb714519374136fad7b2b82ff0') in 0.022532 seconds
  Import took 0.033869 seconds .

========================================================================
Received Prepare
Registering precompiled user dll's ...
Registered in 0.011036 seconds.
Begin MonoManager ReloadAssembly
Native extension for WindowsStandalone target not found
Refreshing native plugins compatible for Editor in 1.08 ms, found 3 plugins.
Preloading 0 native plugins for Editor in 0.00 ms.
Mono: successfully reloaded assembly
- Completed reload, in  2.625 seconds
Platform modules already initialized, skipping
Shader 'Universal Render Pipeline/Particles/Lit': fallback shader 'Universal Render Pipeline/Particles/SimpleLit' not found
Refreshing native plugins compatible for Editor in 1.09 ms, found 3 plugins.
Preloading 0 native plugins for Editor in 0.00 ms.
Unloading 3131 Unused Serialized files (Serialized files now loaded: 0)
System memory in use before: 128.9 MB.
System memory in use after: 129.0 MB.

Unloading 22 unused Assets to reduce memory usage. Loaded Objects now: 3652.
Total: 5.025600 ms (FindLiveObjects: 0.464500 ms CreateObjectMapping: 0.150800 ms MarkObjects: 4.153100 ms  DeleteObjects: 0.255200 ms)

========================================================================
Received Prepare
Registering precompiled user dll's ...
Registered in 0.007881 seconds.
Begin MonoManager ReloadAssembly
Native extension for WindowsStandalone target not found
Refreshing native plugins compatible for Editor in 0.89 ms, found 3 plugins.
Preloading 0 native plugins for Editor in 0.00 ms.
Mono: successfully reloaded assembly
- Completed reload, in  1.807 seconds
Platform modules already initialized, skipping
Shader 'Universal Render Pipeline/Particles/Lit': fallback shader 'Universal Render Pipeline/Particles/SimpleLit' not found
Refreshing native plugins compatible for Editor in 0.77 ms, found 3 plugins.
Preloading 0 native plugins for Editor in 0.00 ms.
Unloading 3131 Unused Serialized files (Serialized files now loaded: 0)
System memory in use before: 128.9 MB.
System memory in use after: 129.0 MB.

Unloading 22 unused Assets to reduce memory usage. Loaded Objects now: 3656.
Total: 8.644300 ms (FindLiveObjects: 0.710000 ms CreateObjectMapping: 0.345200 ms MarkObjects: 7.253900 ms  DeleteObjects: 0.331400 ms)

========================================================================
Received Import Request.
  Time since last request: 233.357910 seconds.
  path: Assets/Scripts/Player/State Machine/States/SubStates/PlayerWallClimbState.cs
  artifactKey: Guid(7f0b06c761a2a6749ac84265ddb7c87b) Importer(815301076,1909f56bfc062723c751e8b465ee728b)
Start importing Assets/Scripts/Player/State Machine/States/SubStates/PlayerWallClimbState.cs using Guid(7f0b06c761a2a6749ac84265ddb7c87b) Importer(815301076,1909f56bfc062723c751e8b465ee728b)  -> (artifact id: 'e4e4b54024d2ae7bc803b90e10894ea3') in 0.026546 seconds
  Import took 0.039245 seconds .

========================================================================
Received Prepare
Registering precompiled user dll's ...
Registered in 0.018428 seconds.
Begin MonoManager ReloadAssembly
Native extension for WindowsStandalone target not found
Refreshing native plugins compatible for Editor in 0.74 ms, found 3 plugins.
Preloading 0 native plugins for Editor in 0.00 ms.
Mono: successfully reloaded assembly
- Completed reload, in  1.696 seconds
Platform modules already initialized, skipping
Shader 'Universal Render Pipeline/Particles/Lit': fallback shader 'Universal Render Pipeline/Particles/SimpleLit' not found
Refreshing native plugins compatible for Editor in 0.72 ms, found 3 plugins.
Preloading 0 native plugins for Editor in 0.00 ms.
Unloading 3131 Unused Serialized files (Serialized files now loaded: 0)
System memory in use before: 128.9 MB.
System memory in use after: 129.0 MB.

Unloading 22 unused Assets to reduce memory usage. Loaded Objects now: 3660.
Total: 4.244600 ms (FindLiveObjects: 0.592500 ms CreateObjectMapping: 0.134600 ms MarkObjects: 3.315500 ms  DeleteObjects: 0.199900 ms)

========================================================================
Received Prepare
Registering precompiled user dll's ...
Registered in 0.010903 seconds.
Begin MonoManager ReloadAssembly
Native extension for WindowsStandalone target not found
Refreshing native plugins compatible for Editor in 1.04 ms, found 3 plugins.
Preloading 0 native plugins for Editor in 0.00 ms.
Mono: successfully reloaded assembly
- Completed reload, in  2.425 seconds
Platform modules already initialized, skipping
Shader 'Universal Render Pipeline/Particles/Lit': fallback shader 'Universal Render Pipeline/Particles/SimpleLit' not found
Refreshing native plugins compatible for Editor in 1.02 ms, found 3 plugins.
Preloading 0 native plugins for Editor in 0.00 ms.
Unloading 3131 Unused Serialized files (Serialized files now loaded: 0)
System memory in use before: 128.9 MB.
System memory in use after: 129.0 MB.

Unloading 22 unused Assets to reduce memory usage. Loaded Objects now: 3664.
Total: 5.234200 ms (FindLiveObjects: 0.463700 ms CreateObjectMapping: 0.144600 ms MarkObjects: 4.376200 ms  DeleteObjects: 0.247300 ms)

========================================================================
Received Import Request.
  Time since last request: 931.239887 seconds.
  path: Assets/Scripts/Player/State Machine/States/SubStates/PlayerAirState.cs
  artifactKey: Guid(965474595e3454946be946d30b76d34f) Importer(815301076,1909f56bfc062723c751e8b465ee728b)
Start importing Assets/Scripts/Player/State Machine/States/SubStates/PlayerAirState.cs using Guid(965474595e3454946be946d30b76d34f) Importer(815301076,1909f56bfc062723c751e8b465ee728b)  -> (artifact id: 'bc96ace6e6b8016a7cce45204babd94d') in 0.019598 seconds
  Import took 0.027829 seconds .

========================================================================
Received Import Request.
  Time since last request: 0.030683 seconds.
  path: Assets/Scripts/Player/State Machine/States/SubStates/PlayerAirState.cs
  artifactKey: Guid(965474595e3454946be946d30b76d34f) Importer(815301076,1909f56bfc062723c751e8b465ee728b)
Start importing Assets/Scripts/Player/State Machine/States/SubStates/PlayerAirState.cs using Guid(965474595e3454946be946d30b76d34f) Importer(815301076,1909f56bfc062723c751e8b465ee728b)  -> (artifact id: 'bc96ace6e6b8016a7cce45204babd94d') in 0.005222 seconds
  Import took 0.013985 seconds .

========================================================================
Received Prepare
Registering precompiled user dll's ...
Registered in 0.009247 seconds.
Begin MonoManager ReloadAssembly
Native extension for WindowsStandalone target not found
Refreshing native plugins compatible for Editor in 0.72 ms, found 3 plugins.
Preloading 0 native plugins for Editor in 0.00 ms.
Mono: successfully reloaded assembly
- Completed reload, in  1.574 seconds
Platform modules already initialized, skipping
Shader 'Universal Render Pipeline/Particles/Lit': fallback shader 'Universal Render Pipeline/Particles/SimpleLit' not found
Refreshing native plugins compatible for Editor in 1.07 ms, found 3 plugins.
Preloading 0 native plugins for Editor in 0.00 ms.
Unloading 3131 Unused Serialized files (Serialized files now loaded: 0)
System memory in use before: 128.9 MB.
System memory in use after: 129.0 MB.

Unloading 22 unused Assets to reduce memory usage. Loaded Objects now: 3668.
Total: 5.237500 ms (FindLiveObjects: 0.474000 ms CreateObjectMapping: 0.144900 ms MarkObjects: 4.418500 ms  DeleteObjects: 0.197600 ms)

========================================================================
Received Import Request.
  Time since last request: 1319.356137 seconds.
  path: Assets/Scripts/Player/State Machine/States/SubStates/PlayerAirState.cs
  artifactKey: Guid(965474595e3454946be946d30b76d34f) Importer(815301076,1909f56bfc062723c751e8b465ee728b)
Start importing Assets/Scripts/Player/State Machine/States/SubStates/PlayerAirState.cs using Guid(965474595e3454946be946d30b76d34f) Importer(815301076,1909f56bfc062723c751e8b465ee728b)  -> (artifact id: '85dbcec92c01c402bd7cf302de835e00') in 0.011074 seconds
  Import took 0.017674 seconds .

========================================================================
Received Prepare
Registering precompiled user dll's ...
Registered in 0.006788 seconds.
Begin MonoManager ReloadAssembly
Native extension for WindowsStandalone target not found
Refreshing native plugins compatible for Editor in 1.05 ms, found 3 plugins.
Preloading 0 native plugins for Editor in 0.00 ms.
Mono: successfully reloaded assembly
- Completed reload, in  2.176 seconds
Platform modules already initialized, skipping
Shader 'Universal Render Pipeline/Particles/Lit': fallback shader 'Universal Render Pipeline/Particles/SimpleLit' not found
Refreshing native plugins compatible for Editor in 1.00 ms, found 3 plugins.
Preloading 0 native plugins for Editor in 0.00 ms.
Unloading 3131 Unused Serialized files (Serialized files now loaded: 0)
System memory in use before: 128.9 MB.
System memory in use after: 129.0 MB.

Unloading 22 unused Assets to reduce memory usage. Loaded Objects now: 3672.
Total: 5.388800 ms (FindLiveObjects: 0.575100 ms CreateObjectMapping: 0.178700 ms MarkObjects: 4.372100 ms  DeleteObjects: 0.260300 ms)

========================================================================
Received Prepare
Registering precompiled user dll's ...
Registered in 0.010612 seconds.
Begin MonoManager ReloadAssembly
Native extension for WindowsStandalone target not found
Refreshing native plugins compatible for Editor in 1.56 ms, found 3 plugins.
Preloading 0 native plugins for Editor in 0.00 ms.
Mono: successfully reloaded assembly
- Completed reload, in  2.499 seconds
Platform modules already initialized, skipping
Shader 'Universal Render Pipeline/Particles/Lit': fallback shader 'Universal Render Pipeline/Particles/SimpleLit' not found
Refreshing native plugins compatible for Editor in 0.99 ms, found 3 plugins.
Preloading 0 native plugins for Editor in 0.00 ms.
Unloading 3131 Unused Serialized files (Serialized files now loaded: 0)
System memory in use before: 128.9 MB.
System memory in use after: 129.0 MB.

Unloading 22 unused Assets to reduce memory usage. Loaded Objects now: 3676.
Total: 5.740300 ms (FindLiveObjects: 0.572200 ms CreateObjectMapping: 0.221100 ms MarkObjects: 4.686200 ms  DeleteObjects: 0.258300 ms)

========================================================================
Received Prepare
Registering precompiled user dll's ...
Registered in 0.006800 seconds.
Begin MonoManager ReloadAssembly
Native extension for WindowsStandalone target not found
Refreshing native plugins compatible for Editor in 0.89 ms, found 3 plugins.
Preloading 0 native plugins for Editor in 0.00 ms.
Mono: successfully reloaded assembly
- Completed reload, in  1.656 seconds
Platform modules already initialized, skipping
Shader 'Universal Render Pipeline/Particles/Lit': fallback shader 'Universal Render Pipeline/Particles/SimpleLit' not found
Refreshing native plugins compatible for Editor in 1.01 ms, found 3 plugins.
Preloading 0 native plugins for Editor in 0.00 ms.
Unloading 3131 Unused Serialized files (Serialized files now loaded: 0)
System memory in use before: 128.9 MB.
System memory in use after: 129.0 MB.

Unloading 22 unused Assets to reduce memory usage. Loaded Objects now: 3680.
Total: 5.054300 ms (FindLiveObjects: 0.475600 ms CreateObjectMapping: 0.148300 ms MarkObjects: 4.177400 ms  DeleteObjects: 0.251100 ms)

========================================================================
Received Prepare
Registering precompiled user dll's ...
Registered in 0.007352 seconds.
Begin MonoManager ReloadAssembly
Native extension for WindowsStandalone target not found
Refreshing native plugins compatible for Editor in 1.04 ms, found 3 plugins.
Preloading 0 native plugins for Editor in 0.00 ms.
Mono: successfully reloaded assembly
- Completed reload, in  1.748 seconds
Platform modules already initialized, skipping
Shader 'Universal Render Pipeline/Particles/Lit': fallback shader 'Universal Render Pipeline/Particles/SimpleLit' not found
Refreshing native plugins compatible for Editor in 0.77 ms, found 3 plugins.
Preloading 0 native plugins for Editor in 0.00 ms.
Unloading 3131 Unused Serialized files (Serialized files now loaded: 0)
System memory in use before: 128.9 MB.
System memory in use after: 129.0 MB.

Unloading 22 unused Assets to reduce memory usage. Loaded Objects now: 3684.
Total: 4.066100 ms (FindLiveObjects: 0.498500 ms CreateObjectMapping: 0.174100 ms MarkObjects: 3.186900 ms  DeleteObjects: 0.204500 ms)

========================================================================
Received Prepare
Registering precompiled user dll's ...
Registered in 0.010162 seconds.
Begin MonoManager ReloadAssembly
Native extension for WindowsStandalone target not found
Refreshing native plugins compatible for Editor in 1.02 ms, found 3 plugins.
Preloading 0 native plugins for Editor in 0.00 ms.
Mono: successfully reloaded assembly
- Completed reload, in  2.398 seconds
Platform modules already initialized, skipping
Shader 'Universal Render Pipeline/Particles/Lit': fallback shader 'Universal Render Pipeline/Particles/SimpleLit' not found
Refreshing native plugins compatible for Editor in 0.99 ms, found 3 plugins.
Preloading 0 native plugins for Editor in 0.00 ms.
Unloading 3131 Unused Serialized files (Serialized files now loaded: 0)
System memory in use before: 128.9 MB.
System memory in use after: 129.0 MB.

Unloading 22 unused Assets to reduce memory usage. Loaded Objects now: 3688.
Total: 5.540300 ms (FindLiveObjects: 0.541600 ms CreateObjectMapping: 0.214200 ms MarkObjects: 4.527800 ms  DeleteObjects: 0.253900 ms)

========================================================================
Received Prepare
Registering precompiled user dll's ...
Registered in 0.016796 seconds.
Begin MonoManager ReloadAssembly
Native extension for WindowsStandalone target not found
Refreshing native plugins compatible for Editor in 0.77 ms, found 3 plugins.
Preloading 0 native plugins for Editor in 0.00 ms.
Mono: successfully reloaded assembly
- Completed reload, in  1.593 seconds
Platform modules already initialized, skipping
Shader 'Universal Render Pipeline/Particles/Lit': fallback shader 'Universal Render Pipeline/Particles/SimpleLit' not found
Refreshing native plugins compatible for Editor in 1.01 ms, found 3 plugins.
Preloading 0 native plugins for Editor in 0.00 ms.
Unloading 3131 Unused Serialized files (Serialized files now loaded: 0)
System memory in use before: 128.9 MB.
System memory in use after: 129.0 MB.

Unloading 22 unused Assets to reduce memory usage. Loaded Objects now: 3692.
Total: 5.020000 ms (FindLiveObjects: 0.478300 ms CreateObjectMapping: 0.150100 ms MarkObjects: 4.134900 ms  DeleteObjects: 0.254600 ms)

========================================================================
Received Prepare
Registering precompiled user dll's ...
Registered in 0.007617 seconds.
Begin MonoManager ReloadAssembly
Native extension for WindowsStandalone target not found
Refreshing native plugins compatible for Editor in 0.74 ms, found 3 plugins.
Preloading 0 native plugins for Editor in 0.00 ms.
Mono: successfully reloaded assembly
- Completed reload, in  1.523 seconds
Platform modules already initialized, skipping
Shader 'Universal Render Pipeline/Particles/Lit': fallback shader 'Universal Render Pipeline/Particles/SimpleLit' not found
Refreshing native plugins compatible for Editor in 1.35 ms, found 3 plugins.
Preloading 0 native plugins for Editor in 0.00 ms.
Unloading 3131 Unused Serialized files (Serialized files now loaded: 0)
System memory in use before: 129.0 MB.
System memory in use after: 129.0 MB.

Unloading 22 unused Assets to reduce memory usage. Loaded Objects now: 3696.
Total: 5.252800 ms (FindLiveObjects: 0.476600 ms CreateObjectMapping: 0.147900 ms MarkObjects: 4.373300 ms  DeleteObjects: 0.252800 ms)

========================================================================
Received Prepare
Registering precompiled user dll's ...
Registered in 0.006667 seconds.
Begin MonoManager ReloadAssembly
Native extension for WindowsStandalone target not found
Refreshing native plugins compatible for Editor in 0.73 ms, found 3 plugins.
Preloading 0 native plugins for Editor in 0.00 ms.
Mono: successfully reloaded assembly
- Completed reload, in  1.637 seconds
Platform modules already initialized, skipping
Shader 'Universal Render Pipeline/Particles/Lit': fallback shader 'Universal Render Pipeline/Particles/SimpleLit' not found
Refreshing native plugins compatible for Editor in 1.08 ms, found 3 plugins.
Preloading 0 native plugins for Editor in 0.00 ms.
Unloading 3131 Unused Serialized files (Serialized files now loaded: 0)
System memory in use before: 129.0 MB.
System memory in use after: 129.1 MB.

Unloading 22 unused Assets to reduce memory usage. Loaded Objects now: 3700.
Total: 5.613000 ms (FindLiveObjects: 0.650700 ms CreateObjectMapping: 0.222900 ms MarkObjects: 4.476900 ms  DeleteObjects: 0.259700 ms)

========================================================================
Received Prepare
Registering precompiled user dll's ...
Registered in 0.008598 seconds.
Begin MonoManager ReloadAssembly
Native extension for WindowsStandalone target not found
Refreshing native plugins compatible for Editor in 0.83 ms, found 3 plugins.
Preloading 0 native plugins for Editor in 0.00 ms.
Mono: successfully reloaded assembly
- Completed reload, in  1.635 seconds
Platform modules already initialized, skipping
Shader 'Universal Render Pipeline/Particles/Lit': fallback shader 'Universal Render Pipeline/Particles/SimpleLit' not found
Refreshing native plugins compatible for Editor in 1.04 ms, found 3 plugins.
Preloading 0 native plugins for Editor in 0.00 ms.
Unloading 3131 Unused Serialized files (Serialized files now loaded: 0)
System memory in use before: 129.0 MB.
System memory in use after: 129.1 MB.

Unloading 22 unused Assets to reduce memory usage. Loaded Objects now: 3704.
Total: 5.462900 ms (FindLiveObjects: 0.509600 ms CreateObjectMapping: 0.249700 ms MarkObjects: 4.450800 ms  DeleteObjects: 0.250800 ms)

========================================================================
Received Prepare
Registering precompiled user dll's ...
Registered in 0.009454 seconds.
Begin MonoManager ReloadAssembly
Native extension for WindowsStandalone target not found
Refreshing native plugins compatible for Editor in 0.76 ms, found 3 plugins.
Preloading 0 native plugins for Editor in 0.00 ms.
Mono: successfully reloaded assembly
- Completed reload, in  1.959 seconds
Platform modules already initialized, skipping
Shader 'Universal Render Pipeline/Particles/Lit': fallback shader 'Universal Render Pipeline/Particles/SimpleLit' not found
Refreshing native plugins compatible for Editor in 0.90 ms, found 3 plugins.
Preloading 0 native plugins for Editor in 0.00 ms.
Unloading 3131 Unused Serialized files (Serialized files now loaded: 0)
System memory in use before: 129.0 MB.
System memory in use after: 129.1 MB.

Unloading 22 unused Assets to reduce memory usage. Loaded Objects now: 3708.
Total: 10.745600 ms (FindLiveObjects: 2.585900 ms CreateObjectMapping: 0.598100 ms MarkObjects: 7.142200 ms  DeleteObjects: 0.416800 ms)

========================================================================
Received Prepare
Registering precompiled user dll's ...
Registered in 0.010046 seconds.
Begin MonoManager ReloadAssembly
Native extension for WindowsStandalone target not found
Refreshing native plugins compatible for Editor in 1.04 ms, found 3 plugins.
Preloading 0 native plugins for Editor in 0.00 ms.
Mono: successfully reloaded assembly
- Completed reload, in  2.429 seconds
Platform modules already initialized, skipping
Shader 'Universal Render Pipeline/Particles/Lit': fallback shader 'Universal Render Pipeline/Particles/SimpleLit' not found
Refreshing native plugins compatible for Editor in 1.04 ms, found 3 plugins.
Preloading 0 native plugins for Editor in 0.00 ms.
Unloading 3131 Unused Serialized files (Serialized files now loaded: 0)
System memory in use before: 129.0 MB.
System memory in use after: 129.1 MB.

Unloading 22 unused Assets to reduce memory usage. Loaded Objects now: 3712.
Total: 5.215600 ms (FindLiveObjects: 0.508400 ms CreateObjectMapping: 0.149900 ms MarkObjects: 4.311700 ms  DeleteObjects: 0.243400 ms)

========================================================================
Received Prepare
Registering precompiled user dll's ...
Registered in 0.011068 seconds.
Begin MonoManager ReloadAssembly
Native extension for WindowsStandalone target not found
Refreshing native plugins compatible for Editor in 1.01 ms, found 3 plugins.
Preloading 0 native plugins for Editor in 0.00 ms.
Mono: successfully reloaded assembly
- Completed reload, in  2.422 seconds
Platform modules already initialized, skipping
Shader 'Universal Render Pipeline/Particles/Lit': fallback shader 'Universal Render Pipeline/Particles/SimpleLit' not found
Refreshing native plugins compatible for Editor in 0.98 ms, found 3 plugins.
Preloading 0 native plugins for Editor in 0.00 ms.
Unloading 3131 Unused Serialized files (Serialized files now loaded: 0)
System memory in use before: 129.0 MB.
System memory in use after: 129.1 MB.

Unloading 22 unused Assets to reduce memory usage. Loaded Objects now: 3716.
Total: 5.163300 ms (FindLiveObjects: 0.466200 ms CreateObjectMapping: 0.145400 ms MarkObjects: 4.302300 ms  DeleteObjects: 0.247000 ms)

========================================================================
Received Prepare
Registering precompiled user dll's ...
Registered in 0.009340 seconds.
Begin MonoManager ReloadAssembly
Native extension for WindowsStandalone target not found
Refreshing native plugins compatible for Editor in 0.75 ms, found 3 plugins.
Preloading 0 native plugins for Editor in 0.00 ms.
Mono: successfully reloaded assembly
- Completed reload, in  1.645 seconds
Platform modules already initialized, skipping
Shader 'Universal Render Pipeline/Particles/Lit': fallback shader 'Universal Render Pipeline/Particles/SimpleLit' not found
Refreshing native plugins compatible for Editor in 0.76 ms, found 3 plugins.
Preloading 0 native plugins for Editor in 0.00 ms.
Unloading 3131 Unused Serialized files (Serialized files now loaded: 0)
System memory in use before: 129.0 MB.
System memory in use after: 129.1 MB.

Unloading 22 unused Assets to reduce memory usage. Loaded Objects now: 3720.
Total: 4.495500 ms (FindLiveObjects: 0.412400 ms CreateObjectMapping: 0.161300 ms MarkObjects: 3.712300 ms  DeleteObjects: 0.207700 ms)

========================================================================
Received Prepare
Registering precompiled user dll's ...
Registered in 0.009627 seconds.
Begin MonoManager ReloadAssembly
Native extension for WindowsStandalone target not found
Refreshing native plugins compatible for Editor in 0.90 ms, found 3 plugins.
Preloading 0 native plugins for Editor in 0.00 ms.
Mono: successfully reloaded assembly
- Completed reload, in  1.672 seconds
Platform modules already initialized, skipping
Shader 'Universal Render Pipeline/Particles/Lit': fallback shader 'Universal Render Pipeline/Particles/SimpleLit' not found
Refreshing native plugins compatible for Editor in 0.77 ms, found 3 plugins.
Preloading 0 native plugins for Editor in 0.00 ms.
Unloading 3131 Unused Serialized files (Serialized files now loaded: 0)
System memory in use before: 129.0 MB.
System memory in use after: 129.1 MB.

Unloading 22 unused Assets to reduce memory usage. Loaded Objects now: 3724.
Total: 3.773100 ms (FindLiveObjects: 0.398100 ms CreateObjectMapping: 0.101000 ms MarkObjects: 3.076100 ms  DeleteObjects: 0.196500 ms)

========================================================================
Received Prepare
Registering precompiled user dll's ...
Registered in 0.009968 seconds.
Begin MonoManager ReloadAssembly
Native extension for WindowsStandalone target not found
Refreshing native plugins compatible for Editor in 1.07 ms, found 3 plugins.
Preloading 0 native plugins for Editor in 0.00 ms.
Mono: successfully reloaded assembly
- Completed reload, in  2.449 seconds
Platform modules already initialized, skipping
Shader 'Universal Render Pipeline/Particles/Lit': fallback shader 'Universal Render Pipeline/Particles/SimpleLit' not found
Refreshing native plugins compatible for Editor in 1.06 ms, found 3 plugins.
Preloading 0 native plugins for Editor in 0.00 ms.
Unloading 3131 Unused Serialized files (Serialized files now loaded: 0)
System memory in use before: 129.0 MB.
System memory in use after: 129.1 MB.

Unloading 22 unused Assets to reduce memory usage. Loaded Objects now: 3728.
Total: 5.337000 ms (FindLiveObjects: 0.529100 ms CreateObjectMapping: 0.160400 ms MarkObjects: 4.389700 ms  DeleteObjects: 0.255400 ms)

========================================================================
Received Prepare
Registering precompiled user dll's ...
Registered in 0.010171 seconds.
Begin MonoManager ReloadAssembly
Native extension for WindowsStandalone target not found
Refreshing native plugins compatible for Editor in 1.01 ms, found 3 plugins.
Preloading 0 native plugins for Editor in 0.00 ms.
Mono: successfully reloaded assembly
- Completed reload, in  2.458 seconds
Platform modules already initialized, skipping
Shader 'Universal Render Pipeline/Particles/Lit': fallback shader 'Universal Render Pipeline/Particles/SimpleLit' not found
Refreshing native plugins compatible for Editor in 1.07 ms, found 3 plugins.
Preloading 0 native plugins for Editor in 0.00 ms.
Unloading 3131 Unused Serialized files (Serialized files now loaded: 0)
System memory in use before: 129.0 MB.
System memory in use after: 129.1 MB.

Unloading 22 unused Assets to reduce memory usage. Loaded Objects now: 3732.
Total: 5.117100 ms (FindLiveObjects: 0.479200 ms CreateObjectMapping: 0.152800 ms MarkObjects: 4.231000 ms  DeleteObjects: 0.251900 ms)

========================================================================
Received Prepare
Registering precompiled user dll's ...
Registered in 0.006353 seconds.
Begin MonoManager ReloadAssembly
Native extension for WindowsStandalone target not found
Refreshing native plugins compatible for Editor in 0.89 ms, found 3 plugins.
Preloading 0 native plugins for Editor in 0.00 ms.
Mono: successfully reloaded assembly
- Completed reload, in  1.854 seconds
Platform modules already initialized, skipping
Shader 'Universal Render Pipeline/Particles/Lit': fallback shader 'Universal Render Pipeline/Particles/SimpleLit' not found
Refreshing native plugins compatible for Editor in 1.18 ms, found 3 plugins.
Preloading 0 native plugins for Editor in 0.00 ms.
Unloading 3131 Unused Serialized files (Serialized files now loaded: 0)
System memory in use before: 129.0 MB.
System memory in use after: 129.1 MB.

Unloading 22 unused Assets to reduce memory usage. Loaded Objects now: 3736.
Total: 10.726800 ms (FindLiveObjects: 1.423600 ms CreateObjectMapping: 0.293200 ms MarkObjects: 8.484300 ms  DeleteObjects: 0.521800 ms)

========================================================================
Received Prepare
Registering precompiled user dll's ...
Registered in 0.008036 seconds.
Begin MonoManager ReloadAssembly
Native extension for WindowsStandalone target not found
Refreshing native plugins compatible for Editor in 1.05 ms, found 3 plugins.
Preloading 0 native plugins for Editor in 0.00 ms.
Mono: successfully reloaded assembly
- Completed reload, in  2.201 seconds
Platform modules already initialized, skipping
Shader 'Universal Render Pipeline/Particles/Lit': fallback shader 'Universal Render Pipeline/Particles/SimpleLit' not found
Refreshing native plugins compatible for Editor in 1.02 ms, found 3 plugins.
Preloading 0 native plugins for Editor in 0.00 ms.
Unloading 3131 Unused Serialized files (Serialized files now loaded: 0)
System memory in use before: 129.0 MB.
System memory in use after: 129.1 MB.

Unloading 22 unused Assets to reduce memory usage. Loaded Objects now: 3740.
Total: 5.524600 ms (FindLiveObjects: 0.597500 ms CreateObjectMapping: 0.237900 ms MarkObjects: 4.449200 ms  DeleteObjects: 0.237500 ms)

========================================================================
Received Prepare
Registering precompiled user dll's ...
Registered in 0.009585 seconds.
Begin MonoManager ReloadAssembly
Native extension for WindowsStandalone target not found
Refreshing native plugins compatible for Editor in 0.83 ms, found 3 plugins.
Preloading 0 native plugins for Editor in 0.00 ms.
Mono: successfully reloaded assembly
- Completed reload, in  1.725 seconds
Platform modules already initialized, skipping
Shader 'Universal Render Pipeline/Particles/Lit': fallback shader 'Universal Render Pipeline/Particles/SimpleLit' not found
Refreshing native plugins compatible for Editor in 0.80 ms, found 3 plugins.
Preloading 0 native plugins for Editor in 0.00 ms.
Unloading 3131 Unused Serialized files (Serialized files now loaded: 0)
System memory in use before: 129.1 MB.
System memory in use after: 129.1 MB.

Unloading 22 unused Assets to reduce memory usage. Loaded Objects now: 3744.
Total: 4.437800 ms (FindLiveObjects: 0.468100 ms CreateObjectMapping: 0.142600 ms MarkObjects: 3.622100 ms  DeleteObjects: 0.202100 ms)

========================================================================
Received Prepare
Registering precompiled user dll's ...
Registered in 0.007531 seconds.
Begin MonoManager ReloadAssembly
Native extension for WindowsStandalone target not found
Refreshing native plugins compatible for Editor in 0.78 ms, found 3 plugins.
Preloading 0 native plugins for Editor in 0.00 ms.
Mono: successfully reloaded assembly
- Completed reload, in  1.623 seconds
Platform modules already initialized, skipping
Shader 'Universal Render Pipeline/Particles/Lit': fallback shader 'Universal Render Pipeline/Particles/SimpleLit' not found
Refreshing native plugins compatible for Editor in 0.80 ms, found 3 plugins.
Preloading 0 native plugins for Editor in 0.00 ms.
Unloading 3131 Unused Serialized files (Serialized files now loaded: 0)
System memory in use before: 129.1 MB.
System memory in use after: 129.2 MB.

Unloading 22 unused Assets to reduce memory usage. Loaded Objects now: 3748.
Total: 5.033500 ms (FindLiveObjects: 0.616800 ms CreateObjectMapping: 0.214500 ms MarkObjects: 3.963800 ms  DeleteObjects: 0.236200 ms)

========================================================================
Received Prepare
Registering precompiled user dll's ...
Registered in 0.011044 seconds.
Begin MonoManager ReloadAssembly
Native extension for WindowsStandalone target not found
Refreshing native plugins compatible for Editor in 1.01 ms, found 3 plugins.
Preloading 0 native plugins for Editor in 0.00 ms.
Mono: successfully reloaded assembly
- Completed reload, in  2.492 seconds
Platform modules already initialized, skipping
Shader 'Universal Render Pipeline/Particles/Lit': fallback shader 'Universal Render Pipeline/Particles/SimpleLit' not found
Refreshing native plugins compatible for Editor in 1.06 ms, found 3 plugins.
Preloading 0 native plugins for Editor in 0.00 ms.
Unloading 3131 Unused Serialized files (Serialized files now loaded: 0)
System memory in use before: 129.1 MB.
System memory in use after: 129.2 MB.

Unloading 22 unused Assets to reduce memory usage. Loaded Objects now: 3752.
Total: 5.232400 ms (FindLiveObjects: 0.473300 ms CreateObjectMapping: 0.147700 ms MarkObjects: 4.363200 ms  DeleteObjects: 0.246400 ms)

========================================================================
Received Prepare
Registering precompiled user dll's ...
Registered in 0.011049 seconds.
Begin MonoManager ReloadAssembly
Native extension for WindowsStandalone target not found
Refreshing native plugins compatible for Editor in 0.79 ms, found 3 plugins.
Preloading 0 native plugins for Editor in 0.00 ms.
Mono: successfully reloaded assembly
- Completed reload, in  1.675 seconds
Platform modules already initialized, skipping
Shader 'Universal Render Pipeline/Particles/Lit': fallback shader 'Universal Render Pipeline/Particles/SimpleLit' not found
Refreshing native plugins compatible for Editor in 0.77 ms, found 3 plugins.
Preloading 0 native plugins for Editor in 0.00 ms.
Unloading 3131 Unused Serialized files (Serialized files now loaded: 0)
System memory in use before: 129.1 MB.
System memory in use after: 129.2 MB.

Unloading 22 unused Assets to reduce memory usage. Loaded Objects now: 3756.
Total: 3.798600 ms (FindLiveObjects: 0.402800 ms CreateObjectMapping: 0.098600 ms MarkObjects: 3.104000 ms  DeleteObjects: 0.191500 ms)

========================================================================
Received Prepare
Registering precompiled user dll's ...
Registered in 0.006934 seconds.
Begin MonoManager ReloadAssembly
Native extension for WindowsStandalone target not found
Refreshing native plugins compatible for Editor in 0.76 ms, found 3 plugins.
Preloading 0 native plugins for Editor in 0.00 ms.
Mono: successfully reloaded assembly
- Completed reload, in  1.766 seconds
Platform modules already initialized, skipping
Shader 'Universal Render Pipeline/Particles/Lit': fallback shader 'Universal Render Pipeline/Particles/SimpleLit' not found
Refreshing native plugins compatible for Editor in 1.08 ms, found 3 plugins.
Preloading 0 native plugins for Editor in 0.00 ms.
Unloading 3131 Unused Serialized files (Serialized files now loaded: 0)
System memory in use before: 129.1 MB.
System memory in use after: 129.2 MB.

Unloading 22 unused Assets to reduce memory usage. Loaded Objects now: 3760.
Total: 4.463400 ms (FindLiveObjects: 0.465400 ms CreateObjectMapping: 0.143300 ms MarkObjects: 3.656100 ms  DeleteObjects: 0.196400 ms)

========================================================================
Received Prepare
Registering precompiled user dll's ...
Registered in 0.007709 seconds.
Begin MonoManager ReloadAssembly
Native extension for WindowsStandalone target not found
Refreshing native plugins compatible for Editor in 0.77 ms, found 3 plugins.
Preloading 0 native plugins for Editor in 0.00 ms.
Mono: successfully reloaded assembly
- Completed reload, in  1.708 seconds
Platform modules already initialized, skipping
Shader 'Universal Render Pipeline/Particles/Lit': fallback shader 'Universal Render Pipeline/Particles/SimpleLit' not found
Refreshing native plugins compatible for Editor in 0.87 ms, found 3 plugins.
Preloading 0 native plugins for Editor in 0.00 ms.
Unloading 3131 Unused Serialized files (Serialized files now loaded: 0)
System memory in use before: 129.1 MB.
System memory in use after: 129.2 MB.

Unloading 22 unused Assets to reduce memory usage. Loaded Objects now: 3764.
Total: 3.773200 ms (FindLiveObjects: 0.476700 ms CreateObjectMapping: 0.173500 ms MarkObjects: 2.926000 ms  DeleteObjects: 0.195400 ms)

========================================================================
Received Prepare
Registering precompiled user dll's ...
Registered in 0.010055 seconds.
Begin MonoManager ReloadAssembly
Native extension for WindowsStandalone target not found
Refreshing native plugins compatible for Editor in 1.01 ms, found 3 plugins.
Preloading 0 native plugins for Editor in 0.00 ms.
Mono: successfully reloaded assembly
- Completed reload, in  2.516 seconds
Platform modules already initialized, skipping
Shader 'Universal Render Pipeline/Particles/Lit': fallback shader 'Universal Render Pipeline/Particles/SimpleLit' not found
Refreshing native plugins compatible for Editor in 1.59 ms, found 3 plugins.
Preloading 0 native plugins for Editor in 0.00 ms.
Unloading 3131 Unused Serialized files (Serialized files now loaded: 0)
System memory in use before: 129.1 MB.
System memory in use after: 129.2 MB.

Unloading 22 unused Assets to reduce memory usage. Loaded Objects now: 3768.
Total: 5.096700 ms (FindLiveObjects: 0.495100 ms CreateObjectMapping: 0.146300 ms MarkObjects: 4.188300 ms  DeleteObjects: 0.264900 ms)

========================================================================
Received Prepare
Registering precompiled user dll's ...
Registered in 0.009432 seconds.
Begin MonoManager ReloadAssembly
Native extension for WindowsStandalone target not found
Refreshing native plugins compatible for Editor in 0.96 ms, found 3 plugins.
Preloading 0 native plugins for Editor in 0.00 ms.
Mono: successfully reloaded assembly
- Completed reload, in  1.758 seconds
Platform modules already initialized, skipping
Shader 'Universal Render Pipeline/Particles/Lit': fallback shader 'Universal Render Pipeline/Particles/SimpleLit' not found
Refreshing native plugins compatible for Editor in 0.99 ms, found 3 plugins.
Preloading 0 native plugins for Editor in 0.00 ms.
Unloading 3131 Unused Serialized files (Serialized files now loaded: 0)
System memory in use before: 129.1 MB.
System memory in use after: 129.2 MB.

Unloading 22 unused Assets to reduce memory usage. Loaded Objects now: 3772.
Total: 5.159100 ms (FindLiveObjects: 0.477000 ms CreateObjectMapping: 0.146800 ms MarkObjects: 4.285000 ms  DeleteObjects: 0.248200 ms)

========================================================================
Received Prepare
Registering precompiled user dll's ...
Registered in 0.009867 seconds.
Begin MonoManager ReloadAssembly
Native extension for WindowsStandalone target not found
Refreshing native plugins compatible for Editor in 1.70 ms, found 3 plugins.
Preloading 0 native plugins for Editor in 0.00 ms.
Mono: successfully reloaded assembly
- Completed reload, in  2.430 seconds
Platform modules already initialized, skipping
Shader 'Universal Render Pipeline/Particles/Lit': fallback shader 'Universal Render Pipeline/Particles/SimpleLit' not found
Refreshing native plugins compatible for Editor in 1.03 ms, found 3 plugins.
Preloading 0 native plugins for Editor in 0.00 ms.
Unloading 3131 Unused Serialized files (Serialized files now loaded: 0)
System memory in use before: 129.1 MB.
System memory in use after: 129.2 MB.

Unloading 22 unused Assets to reduce memory usage. Loaded Objects now: 3776.
Total: 5.437800 ms (FindLiveObjects: 0.485500 ms CreateObjectMapping: 0.155400 ms MarkObjects: 4.547100 ms  DeleteObjects: 0.247200 ms)

========================================================================
Received Prepare
Registering precompiled user dll's ...
Registered in 0.010041 seconds.
Begin MonoManager ReloadAssembly
Native extension for WindowsStandalone target not found
Refreshing native plugins compatible for Editor in 1.04 ms, found 3 plugins.
Preloading 0 native plugins for Editor in 0.00 ms.
Mono: successfully reloaded assembly
- Completed reload, in  2.536 seconds
Platform modules already initialized, skipping
Shader 'Universal Render Pipeline/Particles/Lit': fallback shader 'Universal Render Pipeline/Particles/SimpleLit' not found
Refreshing native plugins compatible for Editor in 1.11 ms, found 3 plugins.
Preloading 0 native plugins for Editor in 0.00 ms.
Unloading 3131 Unused Serialized files (Serialized files now loaded: 0)
System memory in use before: 129.1 MB.
System memory in use after: 129.2 MB.

Unloading 22 unused Assets to reduce memory usage. Loaded Objects now: 3780.
Total: 5.554400 ms (FindLiveObjects: 0.517900 ms CreateObjectMapping: 0.157500 ms MarkObjects: 4.626100 ms  DeleteObjects: 0.250500 ms)

========================================================================
Received Prepare
Registering precompiled user dll's ...
Registered in 0.007080 seconds.
Begin MonoManager ReloadAssembly
Native extension for WindowsStandalone target not found
Refreshing native plugins compatible for Editor in 0.76 ms, found 3 plugins.
Preloading 0 native plugins for Editor in 0.00 ms.
Mono: successfully reloaded assembly
- Completed reload, in  1.668 seconds
Platform modules already initialized, skipping
Shader 'Universal Render Pipeline/Particles/Lit': fallback shader 'Universal Render Pipeline/Particles/SimpleLit' not found
Refreshing native plugins compatible for Editor in 0.80 ms, found 3 plugins.
Preloading 0 native plugins for Editor in 0.00 ms.
Unloading 3131 Unused Serialized files (Serialized files now loaded: 0)
System memory in use before: 129.2 MB.
System memory in use after: 129.2 MB.

Unloading 22 unused Assets to reduce memory usage. Loaded Objects now: 3784.
Total: 4.438300 ms (FindLiveObjects: 0.555300 ms CreateObjectMapping: 0.214500 ms MarkObjects: 3.472200 ms  DeleteObjects: 0.194500 ms)

========================================================================
Received Prepare
Registering precompiled user dll's ...
Registered in 0.008430 seconds.
Begin MonoManager ReloadAssembly
Native extension for WindowsStandalone target not found
Refreshing native plugins compatible for Editor in 0.96 ms, found 3 plugins.
Preloading 0 native plugins for Editor in 0.00 ms.
Mono: successfully reloaded assembly
- Completed reload, in  1.720 seconds
Platform modules already initialized, skipping
Shader 'Universal Render Pipeline/Particles/Lit': fallback shader 'Universal Render Pipeline/Particles/SimpleLit' not found
Refreshing native plugins compatible for Editor in 1.08 ms, found 3 plugins.
Preloading 0 native plugins for Editor in 0.00 ms.
Unloading 3131 Unused Serialized files (Serialized files now loaded: 0)
System memory in use before: 129.2 MB.
System memory in use after: 129.3 MB.

Unloading 22 unused Assets to reduce memory usage. Loaded Objects now: 3788.
Total: 5.250900 ms (FindLiveObjects: 0.469100 ms CreateObjectMapping: 0.147800 ms MarkObjects: 4.377800 ms  DeleteObjects: 0.254000 ms)

========================================================================
Received Prepare
Registering precompiled user dll's ...
Registered in 0.007331 seconds.
Begin MonoManager ReloadAssembly
Native extension for WindowsStandalone target not found
Refreshing native plugins compatible for Editor in 0.80 ms, found 3 plugins.
Preloading 0 native plugins for Editor in 0.00 ms.
Mono: successfully reloaded assembly
- Completed reload, in  1.829 seconds
Platform modules already initialized, skipping
Shader 'Universal Render Pipeline/Particles/Lit': fallback shader 'Universal Render Pipeline/Particles/SimpleLit' not found
Refreshing native plugins compatible for Editor in 0.73 ms, found 3 plugins.
Preloading 0 native plugins for Editor in 0.00 ms.
Unloading 3131 Unused Serialized files (Serialized files now loaded: 0)
System memory in use before: 129.2 MB.
System memory in use after: 129.3 MB.

Unloading 22 unused Assets to reduce memory usage. Loaded Objects now: 3792.
Total: 3.953400 ms (FindLiveObjects: 0.470400 ms CreateObjectMapping: 0.117400 ms MarkObjects: 3.161000 ms  DeleteObjects: 0.202300 ms)

========================================================================
Received Prepare
Registering precompiled user dll's ...
Registered in 0.010257 seconds.
Begin MonoManager ReloadAssembly
Native extension for WindowsStandalone target not found
Refreshing native plugins compatible for Editor in 1.02 ms, found 3 plugins.
Preloading 0 native plugins for Editor in 0.00 ms.
Mono: successfully reloaded assembly
- Completed reload, in  2.456 seconds
Platform modules already initialized, skipping
Shader 'Universal Render Pipeline/Particles/Lit': fallback shader 'Universal Render Pipeline/Particles/SimpleLit' not found
Refreshing native plugins compatible for Editor in 0.99 ms, found 3 plugins.
Preloading 0 native plugins for Editor in 0.00 ms.
Unloading 3131 Unused Serialized files (Serialized files now loaded: 0)
System memory in use before: 129.2 MB.
System memory in use after: 129.3 MB.

Unloading 22 unused Assets to reduce memory usage. Loaded Objects now: 3796.
Total: 5.458700 ms (FindLiveObjects: 0.621400 ms CreateObjectMapping: 0.215400 ms MarkObjects: 4.362000 ms  DeleteObjects: 0.257900 ms)

========================================================================
Received Prepare
Registering precompiled user dll's ...
Registered in 0.010875 seconds.
Begin MonoManager ReloadAssembly
Native extension for WindowsStandalone target not found
Refreshing native plugins compatible for Editor in 1.29 ms, found 3 plugins.
Preloading 0 native plugins for Editor in 0.00 ms.
Mono: successfully reloaded assembly
- Completed reload, in  2.470 seconds
Platform modules already initialized, skipping
Shader 'Universal Render Pipeline/Particles/Lit': fallback shader 'Universal Render Pipeline/Particles/SimpleLit' not found
Refreshing native plugins compatible for Editor in 1.11 ms, found 3 plugins.
Preloading 0 native plugins for Editor in 0.00 ms.
Unloading 3131 Unused Serialized files (Serialized files now loaded: 0)
System memory in use before: 129.2 MB.
System memory in use after: 129.3 MB.

Unloading 22 unused Assets to reduce memory usage. Loaded Objects now: 3800.
Total: 5.903100 ms (FindLiveObjects: 0.498200 ms CreateObjectMapping: 0.149900 ms MarkObjects: 4.994500 ms  DeleteObjects: 0.258100 ms)

========================================================================
Received Prepare
Registering precompiled user dll's ...
Registered in 0.007768 seconds.
Begin MonoManager ReloadAssembly
Native extension for WindowsStandalone target not found
Refreshing native plugins compatible for Editor in 0.74 ms, found 3 plugins.
Preloading 0 native plugins for Editor in 0.00 ms.
Mono: successfully reloaded assembly
- Completed reload, in  1.679 seconds
Platform modules already initialized, skipping
Shader 'Universal Render Pipeline/Particles/Lit': fallback shader 'Universal Render Pipeline/Particles/SimpleLit' not found
Refreshing native plugins compatible for Editor in 1.00 ms, found 3 plugins.
Preloading 0 native plugins for Editor in 0.00 ms.
Unloading 3131 Unused Serialized files (Serialized files now loaded: 0)
System memory in use before: 129.2 MB.
System memory in use after: 129.3 MB.

Unloading 22 unused Assets to reduce memory usage. Loaded Objects now: 3804.
Total: 5.243800 ms (FindLiveObjects: 0.498800 ms CreateObjectMapping: 0.148900 ms MarkObjects: 4.340400 ms  DeleteObjects: 0.253500 ms)

========================================================================
Received Prepare
Registering precompiled user dll's ...
Registered in 0.010357 seconds.
Begin MonoManager ReloadAssembly
Native extension for WindowsStandalone target not found
Refreshing native plugins compatible for Editor in 1.02 ms, found 3 plugins.
Preloading 0 native plugins for Editor in 0.00 ms.
Mono: successfully reloaded assembly
- Completed reload, in  2.477 seconds
Platform modules already initialized, skipping
Shader 'Universal Render Pipeline/Particles/Lit': fallback shader 'Universal Render Pipeline/Particles/SimpleLit' not found
Refreshing native plugins compatible for Editor in 0.99 ms, found 3 plugins.
Preloading 0 native plugins for Editor in 0.00 ms.
Unloading 3131 Unused Serialized files (Serialized files now loaded: 0)
System memory in use before: 129.2 MB.
System memory in use after: 129.3 MB.

Unloading 22 unused Assets to reduce memory usage. Loaded Objects now: 3808.
Total: 5.299000 ms (FindLiveObjects: 0.534600 ms CreateObjectMapping: 0.168100 ms MarkObjects: 4.343800 ms  DeleteObjects: 0.250200 ms)

========================================================================
Received Prepare
Registering precompiled user dll's ...
Registered in 0.010055 seconds.
Begin MonoManager ReloadAssembly
Native extension for WindowsStandalone target not found
Refreshing native plugins compatible for Editor in 1.29 ms, found 3 plugins.
Preloading 0 native plugins for Editor in 0.00 ms.
Mono: successfully reloaded assembly
- Completed reload, in  2.505 seconds
Platform modules already initialized, skipping
Shader 'Universal Render Pipeline/Particles/Lit': fallback shader 'Universal Render Pipeline/Particles/SimpleLit' not found
Refreshing native plugins compatible for Editor in 0.99 ms, found 3 plugins.
Preloading 0 native plugins for Editor in 0.00 ms.
Unloading 3131 Unused Serialized files (Serialized files now loaded: 0)
System memory in use before: 129.2 MB.
System memory in use after: 129.3 MB.

Unloading 22 unused Assets to reduce memory usage. Loaded Objects now: 3812.
Total: 6.741800 ms (FindLiveObjects: 0.489100 ms CreateObjectMapping: 0.167100 ms MarkObjects: 5.747100 ms  DeleteObjects: 0.336000 ms)

========================================================================
Received Prepare
Registering precompiled user dll's ...
Registered in 0.009982 seconds.
Begin MonoManager ReloadAssembly
Native extension for WindowsStandalone target not found
Refreshing native plugins compatible for Editor in 1.45 ms, found 3 plugins.
Preloading 0 native plugins for Editor in 0.00 ms.
Mono: successfully reloaded assembly
- Completed reload, in  2.471 seconds
Platform modules already initialized, skipping
Shader 'Universal Render Pipeline/Particles/Lit': fallback shader 'Universal Render Pipeline/Particles/SimpleLit' not found
Refreshing native plugins compatible for Editor in 1.49 ms, found 3 plugins.
Preloading 0 native plugins for Editor in 0.00 ms.
Unloading 3131 Unused Serialized files (Serialized files now loaded: 0)
System memory in use before: 129.2 MB.
System memory in use after: 129.3 MB.

Unloading 22 unused Assets to reduce memory usage. Loaded Objects now: 3816.
Total: 5.633100 ms (FindLiveObjects: 0.504100 ms CreateObjectMapping: 0.249000 ms MarkObjects: 4.640400 ms  DeleteObjects: 0.237200 ms)

========================================================================
Received Prepare
Registering precompiled user dll's ...
Registered in 0.010134 seconds.
Begin MonoManager ReloadAssembly
Native extension for WindowsStandalone target not found
Refreshing native plugins compatible for Editor in 2.14 ms, found 3 plugins.
Preloading 0 native plugins for Editor in 0.00 ms.
Mono: successfully reloaded assembly
- Completed reload, in  2.952 seconds
Platform modules already initialized, skipping
Shader 'Universal Render Pipeline/Particles/Lit': fallback shader 'Universal Render Pipeline/Particles/SimpleLit' not found
Refreshing native plugins compatible for Editor in 2.78 ms, found 3 plugins.
Preloading 0 native plugins for Editor in 0.00 ms.
Unloading 3131 Unused Serialized files (Serialized files now loaded: 0)
System memory in use before: 129.2 MB.
System memory in use after: 129.3 MB.

Unloading 22 unused Assets to reduce memory usage. Loaded Objects now: 3820.
Total: 10.576300 ms (FindLiveObjects: 1.414800 ms CreateObjectMapping: 0.637000 ms MarkObjects: 8.041000 ms  DeleteObjects: 0.476600 ms)

========================================================================
Received Prepare
Registering precompiled user dll's ...
Registered in 0.011029 seconds.
Begin MonoManager ReloadAssembly
Native extension for WindowsStandalone target not found
Refreshing native plugins compatible for Editor in 1.31 ms, found 3 plugins.
Preloading 0 native plugins for Editor in 0.00 ms.
Mono: successfully reloaded assembly
- Completed reload, in  2.511 seconds
Platform modules already initialized, skipping
Shader 'Universal Render Pipeline/Particles/Lit': fallback shader 'Universal Render Pipeline/Particles/SimpleLit' not found
Refreshing native plugins compatible for Editor in 1.12 ms, found 3 plugins.
Preloading 0 native plugins for Editor in 0.00 ms.
Unloading 3131 Unused Serialized files (Serialized files now loaded: 0)
System memory in use before: 129.2 MB.
System memory in use after: 129.3 MB.

Unloading 22 unused Assets to reduce memory usage. Loaded Objects now: 3824.
Total: 5.477600 ms (FindLiveObjects: 0.492500 ms CreateObjectMapping: 0.150900 ms MarkObjects: 4.574000 ms  DeleteObjects: 0.257700 ms)

========================================================================
Received Prepare
Registering precompiled user dll's ...
Registered in 0.006837 seconds.
Begin MonoManager ReloadAssembly
Native extension for WindowsStandalone target not found
Refreshing native plugins compatible for Editor in 0.97 ms, found 3 plugins.
Preloading 0 native plugins for Editor in 0.00 ms.
Mono: successfully reloaded assembly
- Completed reload, in  1.830 seconds
Platform modules already initialized, skipping
Shader 'Universal Render Pipeline/Particles/Lit': fallback shader 'Universal Render Pipeline/Particles/SimpleLit' not found
Refreshing native plugins compatible for Editor in 1.18 ms, found 3 plugins.
Preloading 0 native plugins for Editor in 0.00 ms.
Unloading 3131 Unused Serialized files (Serialized files now loaded: 0)
System memory in use before: 129.2 MB.
System memory in use after: 129.3 MB.

Unloading 22 unused Assets to reduce memory usage. Loaded Objects now: 3828.
Total: 7.812500 ms (FindLiveObjects: 0.743100 ms CreateObjectMapping: 0.477600 ms MarkObjects: 6.273800 ms  DeleteObjects: 0.315000 ms)

========================================================================
Received Import Request.
  Time since last request: 6131.452555 seconds.
  path: Assets/Art/Animations/Little-Jump.anim
  artifactKey: Guid(c3833cfd678fac14ab56c6e59264610e) Importer(815301076,1909f56bfc062723c751e8b465ee728b)
Start importing Assets/Art/Animations/Little-Jump.anim using Guid(c3833cfd678fac14ab56c6e59264610e) Importer(815301076,1909f56bfc062723c751e8b465ee728b)  -> (artifact id: 'd277901d95d3b62b50338db9f01bdbc4') in 0.048461 seconds
  Import took 0.058060 seconds .

========================================================================
Received Prepare
Registering precompiled user dll's ...
Registered in 0.010108 seconds.
Begin MonoManager ReloadAssembly
Native extension for WindowsStandalone target not found
Refreshing native plugins compatible for Editor in 1.01 ms, found 3 plugins.
Preloading 0 native plugins for Editor in 0.00 ms.
Mono: successfully reloaded assembly
- Completed reload, in  2.497 seconds
Platform modules already initialized, skipping
Shader 'Universal Render Pipeline/Particles/Lit': fallback shader 'Universal Render Pipeline/Particles/SimpleLit' not found
Refreshing native plugins compatible for Editor in 1.02 ms, found 3 plugins.
Preloading 0 native plugins for Editor in 0.00 ms.
Unloading 3131 Unused Serialized files (Serialized files now loaded: 0)
System memory in use before: 129.3 MB.
System memory in use after: 129.4 MB.

Unloading 22 unused Assets to reduce memory usage. Loaded Objects now: 3832.
Total: 5.575700 ms (FindLiveObjects: 0.495500 ms CreateObjectMapping: 0.149400 ms MarkObjects: 4.610900 ms  DeleteObjects: 0.317100 ms)

========================================================================
Received Prepare
Registering precompiled user dll's ...
Registered in 0.011664 seconds.
Begin MonoManager ReloadAssembly
Native extension for WindowsStandalone target not found
Refreshing native plugins compatible for Editor in 1.09 ms, found 3 plugins.
Preloading 0 native plugins for Editor in 0.00 ms.
Mono: successfully reloaded assembly
- Completed reload, in  2.552 seconds
Platform modules already initialized, skipping
Shader 'Universal Render Pipeline/Particles/Lit': fallback shader 'Universal Render Pipeline/Particles/SimpleLit' not found
Refreshing native plugins compatible for Editor in 1.00 ms, found 3 plugins.
Preloading 0 native plugins for Editor in 0.00 ms.
Unloading 3131 Unused Serialized files (Serialized files now loaded: 0)
System memory in use before: 129.3 MB.
System memory in use after: 129.4 MB.

Unloading 22 unused Assets to reduce memory usage. Loaded Objects now: 3836.
Total: 5.308900 ms (FindLiveObjects: 0.517200 ms CreateObjectMapping: 0.180100 ms MarkObjects: 4.357700 ms  DeleteObjects: 0.251700 ms)

========================================================================
Received Prepare
Registering precompiled user dll's ...
Registered in 0.011432 seconds.
Begin MonoManager ReloadAssembly
Native extension for WindowsStandalone target not found
Refreshing native plugins compatible for Editor in 1.12 ms, found 3 plugins.
Preloading 0 native plugins for Editor in 0.00 ms.
Mono: successfully reloaded assembly
- Completed reload, in  2.556 seconds
Platform modules already initialized, skipping
Shader 'Universal Render Pipeline/Particles/Lit': fallback shader 'Universal Render Pipeline/Particles/SimpleLit' not found
Refreshing native plugins compatible for Editor in 1.13 ms, found 3 plugins.
Preloading 0 native plugins for Editor in 0.00 ms.
Unloading 3131 Unused Serialized files (Serialized files now loaded: 0)
System memory in use before: 129.3 MB.
System memory in use after: 129.4 MB.

Unloading 22 unused Assets to reduce memory usage. Loaded Objects now: 3840.
Total: 6.274800 ms (FindLiveObjects: 0.871700 ms CreateObjectMapping: 0.468900 ms MarkObjects: 4.674200 ms  DeleteObjects: 0.257300 ms)

========================================================================
Received Prepare
Registering precompiled user dll's ...
Registered in 0.009938 seconds.
Begin MonoManager ReloadAssembly
Native extension for WindowsStandalone target not found
Refreshing native plugins compatible for Editor in 1.07 ms, found 3 plugins.
Preloading 0 native plugins for Editor in 0.00 ms.
Mono: successfully reloaded assembly
- Completed reload, in  2.438 seconds
Platform modules already initialized, skipping
Shader 'Universal Render Pipeline/Particles/Lit': fallback shader 'Universal Render Pipeline/Particles/SimpleLit' not found
Refreshing native plugins compatible for Editor in 1.05 ms, found 3 plugins.
Preloading 0 native plugins for Editor in 0.00 ms.
Unloading 3131 Unused Serialized files (Serialized files now loaded: 0)
System memory in use before: 129.3 MB.
System memory in use after: 129.4 MB.

Unloading 22 unused Assets to reduce memory usage. Loaded Objects now: 3844.
Total: 6.441300 ms (FindLiveObjects: 0.594800 ms CreateObjectMapping: 0.229100 ms MarkObjects: 5.364700 ms  DeleteObjects: 0.249900 ms)

========================================================================
Received Import Request.
  Time since last request: 332.483486 seconds.
  path: Assets/Art/Animations/Little.controller
  artifactKey: Guid(d55a14aac3d263446bc822e43fab5ad3) Importer(815301076,1909f56bfc062723c751e8b465ee728b)
Start importing Assets/Art/Animations/Little.controller using Guid(d55a14aac3d263446bc822e43fab5ad3) Importer(815301076,1909f56bfc062723c751e8b465ee728b)  -> (artifact id: '7bfe661a7ffc043bbdd20621619a3da6') in 0.055584 seconds
  Import took 0.065564 seconds .

========================================================================
Received Import Request.
  Time since last request: 0.005172 seconds.
  path: Assets/Art/Animations/Little.controller
  artifactKey: Guid(d55a14aac3d263446bc822e43fab5ad3) Importer(815301076,1909f56bfc062723c751e8b465ee728b)
Start importing Assets/Art/Animations/Little.controller using Guid(d55a14aac3d263446bc822e43fab5ad3) Importer(815301076,1909f56bfc062723c751e8b465ee728b)  -> (artifact id: '7bfe661a7ffc043bbdd20621619a3da6') in 0.012556 seconds
  Import took 0.023264 seconds .

========================================================================
Received Prepare
Registering precompiled user dll's ...
Registered in 0.009366 seconds.
Begin MonoManager ReloadAssembly
Native extension for WindowsStandalone target not found
Refreshing native plugins compatible for Editor in 1.05 ms, found 3 plugins.
Preloading 0 native plugins for Editor in 0.00 ms.
Mono: successfully reloaded assembly
- Completed reload, in  2.336 seconds
Platform modules already initialized, skipping
Shader 'Universal Render Pipeline/Particles/Lit': fallback shader 'Universal Render Pipeline/Particles/SimpleLit' not found
Refreshing native plugins compatible for Editor in 1.01 ms, found 3 plugins.
Preloading 0 native plugins for Editor in 0.00 ms.
Unloading 3131 Unused Serialized files (Serialized files now loaded: 0)
System memory in use before: 129.3 MB.
System memory in use after: 129.4 MB.

Unloading 22 unused Assets to reduce memory usage. Loaded Objects now: 3848.
Total: 5.852300 ms (FindLiveObjects: 0.517300 ms CreateObjectMapping: 0.210000 ms MarkObjects: 4.853500 ms  DeleteObjects: 0.268400 ms)

========================================================================
Received Prepare
Registering precompiled user dll's ...
Registered in 0.010072 seconds.
Begin MonoManager ReloadAssembly
Native extension for WindowsStandalone target not found
Refreshing native plugins compatible for Editor in 1.02 ms, found 3 plugins.
Preloading 0 native plugins for Editor in 0.00 ms.
Mono: successfully reloaded assembly
- Completed reload, in  2.428 seconds
Platform modules already initialized, skipping
Shader 'Universal Render Pipeline/Particles/Lit': fallback shader 'Universal Render Pipeline/Particles/SimpleLit' not found
Refreshing native plugins compatible for Editor in 1.00 ms, found 3 plugins.
Preloading 0 native plugins for Editor in 0.00 ms.
Unloading 3131 Unused Serialized files (Serialized files now loaded: 0)
System memory in use before: 129.3 MB.
System memory in use after: 129.4 MB.

Unloading 22 unused Assets to reduce memory usage. Loaded Objects now: 3852.
Total: 5.180600 ms (FindLiveObjects: 0.498700 ms CreateObjectMapping: 0.150800 ms MarkObjects: 4.271500 ms  DeleteObjects: 0.257100 ms)

========================================================================
Received Prepare
Registering precompiled user dll's ...
Registered in 0.012399 seconds.
Begin MonoManager ReloadAssembly
Native extension for WindowsStandalone target not found
Refreshing native plugins compatible for Editor in 1.03 ms, found 3 plugins.
Preloading 0 native plugins for Editor in 0.00 ms.
Mono: successfully reloaded assembly
- Completed reload, in  2.439 seconds
Platform modules already initialized, skipping
Shader 'Universal Render Pipeline/Particles/Lit': fallback shader 'Universal Render Pipeline/Particles/SimpleLit' not found
Refreshing native plugins compatible for Editor in 1.02 ms, found 3 plugins.
Preloading 0 native plugins for Editor in 0.00 ms.
Unloading 3131 Unused Serialized files (Serialized files now loaded: 0)
System memory in use before: 129.3 MB.
System memory in use after: 129.4 MB.

Unloading 22 unused Assets to reduce memory usage. Loaded Objects now: 3856.
Total: 5.636600 ms (FindLiveObjects: 0.603800 ms CreateObjectMapping: 0.218600 ms MarkObjects: 4.564400 ms  DeleteObjects: 0.247100 ms)

========================================================================
Received Import Request.
  Time since last request: 150.799842 seconds.
  path: Assets/Art/Animations/Little.controller
  artifactKey: Guid(d55a14aac3d263446bc822e43fab5ad3) Importer(815301076,1909f56bfc062723c751e8b465ee728b)
Start importing Assets/Art/Animations/Little.controller using Guid(d55a14aac3d263446bc822e43fab5ad3) Importer(815301076,1909f56bfc062723c751e8b465ee728b)  -> (artifact id: '02ff24e091e9b26bcc5c7eb2b3f907af') in 0.043283 seconds
  Import took 0.053934 seconds .

========================================================================
Received Prepare
Registering precompiled user dll's ...
Registered in 0.009925 seconds.
Begin MonoManager ReloadAssembly
Native extension for WindowsStandalone target not found
Refreshing native plugins compatible for Editor in 1.01 ms, found 3 plugins.
Preloading 0 native plugins for Editor in 0.00 ms.
Mono: successfully reloaded assembly
- Completed reload, in  2.418 seconds
Platform modules already initialized, skipping
Shader 'Universal Render Pipeline/Particles/Lit': fallback shader 'Universal Render Pipeline/Particles/SimpleLit' not found
Refreshing native plugins compatible for Editor in 1.09 ms, found 3 plugins.
Preloading 0 native plugins for Editor in 0.00 ms.
Unloading 3131 Unused Serialized files (Serialized files now loaded: 0)
System memory in use before: 129.3 MB.
System memory in use after: 129.4 MB.

Unloading 22 unused Assets to reduce memory usage. Loaded Objects now: 3860.
Total: 5.551700 ms (FindLiveObjects: 0.512900 ms CreateObjectMapping: 0.153000 ms MarkObjects: 4.618100 ms  DeleteObjects: 0.265100 ms)

========================================================================
Received Import Request.
  Time since last request: 256.420225 seconds.
  path: Assets/Scripts/Player/State Machine/Data/PlayerData.asset
  artifactKey: Guid(47d3272e738b7424196bed97e696c888) Importer(815301076,1909f56bfc062723c751e8b465ee728b)
Start importing Assets/Scripts/Player/State Machine/Data/PlayerData.asset using Guid(47d3272e738b7424196bed97e696c888) Importer(815301076,1909f56bfc062723c751e8b465ee728b)  -> (artifact id: 'aff70bcafeb5aa1bf422c18d5dbb985e') in 0.033901 seconds
  Import took 0.042045 seconds .

========================================================================
Received Prepare
Registering precompiled user dll's ...
Registered in 0.008591 seconds.
Begin MonoManager ReloadAssembly
Native extension for WindowsStandalone target not found
Refreshing native plugins compatible for Editor in 1.06 ms, found 3 plugins.
Preloading 0 native plugins for Editor in 0.00 ms.
Mono: successfully reloaded assembly
- Completed reload, in  2.111 seconds
Platform modules already initialized, skipping
Shader 'Universal Render Pipeline/Particles/Lit': fallback shader 'Universal Render Pipeline/Particles/SimpleLit' not found
Refreshing native plugins compatible for Editor in 1.00 ms, found 3 plugins.
Preloading 0 native plugins for Editor in 0.00 ms.
Unloading 3131 Unused Serialized files (Serialized files now loaded: 0)
System memory in use before: 129.3 MB.
System memory in use after: 129.4 MB.

Unloading 22 unused Assets to reduce memory usage. Loaded Objects now: 3864.
Total: 5.586500 ms (FindLiveObjects: 0.562600 ms CreateObjectMapping: 0.258800 ms MarkObjects: 4.512400 ms  DeleteObjects: 0.250200 ms)

========================================================================
Received Prepare
Registering precompiled user dll's ...
Registered in 0.010132 seconds.
Begin MonoManager ReloadAssembly
Native extension for WindowsStandalone target not found
Refreshing native plugins compatible for Editor in 1.05 ms, found 3 plugins.
Preloading 0 native plugins for Editor in 0.00 ms.
Mono: successfully reloaded assembly
- Completed reload, in  2.170 seconds
Platform modules already initialized, skipping
Shader 'Universal Render Pipeline/Particles/Lit': fallback shader 'Universal Render Pipeline/Particles/SimpleLit' not found
Refreshing native plugins compatible for Editor in 1.00 ms, found 3 plugins.
Preloading 0 native plugins for Editor in 0.00 ms.
Unloading 3131 Unused Serialized files (Serialized files now loaded: 0)
System memory in use before: 129.3 MB.
System memory in use after: 129.4 MB.

Unloading 22 unused Assets to reduce memory usage. Loaded Objects now: 3868.
Total: 5.451400 ms (FindLiveObjects: 0.521500 ms CreateObjectMapping: 0.157800 ms MarkObjects: 4.528200 ms  DeleteObjects: 0.241500 ms)

========================================================================
Received Prepare
Registering precompiled user dll's ...
Registered in 0.010771 seconds.
Begin MonoManager ReloadAssembly
Native extension for WindowsStandalone target not found
Refreshing native plugins compatible for Editor in 1.04 ms, found 3 plugins.
Preloading 0 native plugins for Editor in 0.00 ms.
Mono: successfully reloaded assembly
- Completed reload, in  2.477 seconds
Platform modules already initialized, skipping
Shader 'Universal Render Pipeline/Particles/Lit': fallback shader 'Universal Render Pipeline/Particles/SimpleLit' not found
Refreshing native plugins compatible for Editor in 1.09 ms, found 3 plugins.
Preloading 0 native plugins for Editor in 0.00 ms.
Unloading 3131 Unused Serialized files (Serialized files now loaded: 0)
System memory in use before: 129.3 MB.
System memory in use after: 129.4 MB.

Unloading 22 unused Assets to reduce memory usage. Loaded Objects now: 3872.
Total: 5.987300 ms (FindLiveObjects: 0.581600 ms CreateObjectMapping: 0.210000 ms MarkObjects: 4.947800 ms  DeleteObjects: 0.245100 ms)

========================================================================
Received Prepare
Registering precompiled user dll's ...
Registered in 0.006558 seconds.
Begin MonoManager ReloadAssembly
Native extension for WindowsStandalone target not found
Refreshing native plugins compatible for Editor in 1.02 ms, found 3 plugins.
Preloading 0 native plugins for Editor in 0.00 ms.
Mono: successfully reloaded assembly
- Completed reload, in  2.395 seconds
Platform modules already initialized, skipping
Shader 'Universal Render Pipeline/Particles/Lit': fallback shader 'Universal Render Pipeline/Particles/SimpleLit' not found
Refreshing native plugins compatible for Editor in 0.97 ms, found 3 plugins.
Preloading 0 native plugins for Editor in 0.00 ms.
Unloading 3131 Unused Serialized files (Serialized files now loaded: 0)
System memory in use before: 129.4 MB.
System memory in use after: 129.5 MB.

Unloading 22 unused Assets to reduce memory usage. Loaded Objects now: 3876.
Total: 5.454500 ms (FindLiveObjects: 0.684400 ms CreateObjectMapping: 0.162800 ms MarkObjects: 4.362600 ms  DeleteObjects: 0.242600 ms)

========================================================================
Received Prepare
Registering precompiled user dll's ...
Registered in 0.006346 seconds.
Begin MonoManager ReloadAssembly
Native extension for WindowsStandalone target not found
Refreshing native plugins compatible for Editor in 1.31 ms, found 3 plugins.
Preloading 0 native plugins for Editor in 0.00 ms.
Mono: successfully reloaded assembly
- Completed reload, in  2.492 seconds
Platform modules already initialized, skipping
Shader 'Universal Render Pipeline/Particles/Lit': fallback shader 'Universal Render Pipeline/Particles/SimpleLit' not found
Refreshing native plugins compatible for Editor in 0.99 ms, found 3 plugins.
Preloading 0 native plugins for Editor in 0.00 ms.
Unloading 3131 Unused Serialized files (Serialized files now loaded: 0)
System memory in use before: 129.5 MB.
System memory in use after: 129.5 MB.

Unloading 22 unused Assets to reduce memory usage. Loaded Objects now: 3880.
Total: 5.583600 ms (FindLiveObjects: 0.559400 ms CreateObjectMapping: 0.207000 ms MarkObjects: 4.523100 ms  DeleteObjects: 0.291400 ms)

========================================================================
Received Prepare
Registering precompiled user dll's ...
Registered in 0.009534 seconds.
Begin MonoManager ReloadAssembly
Native extension for WindowsStandalone target not found
Refreshing native plugins compatible for Editor in 0.91 ms, found 3 plugins.
Preloading 0 native plugins for Editor in 0.00 ms.
Mono: successfully reloaded assembly
- Completed reload, in  1.763 seconds
Platform modules already initialized, skipping
Shader 'Universal Render Pipeline/Particles/Lit': fallback shader 'Universal Render Pipeline/Particles/SimpleLit' not found
Refreshing native plugins compatible for Editor in 1.02 ms, found 3 plugins.
Preloading 0 native plugins for Editor in 0.00 ms.
Unloading 3131 Unused Serialized files (Serialized files now loaded: 0)
System memory in use before: 129.5 MB.
System memory in use after: 129.6 MB.

Unloading 22 unused Assets to reduce memory usage. Loaded Objects now: 3884.
Total: 5.836300 ms (FindLiveObjects: 0.659300 ms CreateObjectMapping: 0.244300 ms MarkObjects: 4.680400 ms  DeleteObjects: 0.249500 ms)

========================================================================
Received Prepare
Registering precompiled user dll's ...
Registered in 0.010119 seconds.
Begin MonoManager ReloadAssembly
Native extension for WindowsStandalone target not found
Refreshing native plugins compatible for Editor in 1.00 ms, found 3 plugins.
Preloading 0 native plugins for Editor in 0.00 ms.
Mono: successfully reloaded assembly
- Completed reload, in  2.410 seconds
Platform modules already initialized, skipping
Shader 'Universal Render Pipeline/Particles/Lit': fallback shader 'Universal Render Pipeline/Particles/SimpleLit' not found
Refreshing native plugins compatible for Editor in 1.00 ms, found 3 plugins.
Preloading 0 native plugins for Editor in 0.00 ms.
Unloading 3131 Unused Serialized files (Serialized files now loaded: 0)
System memory in use before: 129.5 MB.
System memory in use after: 129.6 MB.

Unloading 22 unused Assets to reduce memory usage. Loaded Objects now: 3888.
Total: 5.380900 ms (FindLiveObjects: 0.516000 ms CreateObjectMapping: 0.149200 ms MarkObjects: 4.389000 ms  DeleteObjects: 0.324400 ms)

========================================================================
Received Prepare
Registering precompiled user dll's ...
Registered in 0.010427 seconds.
Begin MonoManager ReloadAssembly
Native extension for WindowsStandalone target not found
Refreshing native plugins compatible for Editor in 1.04 ms, found 3 plugins.
Preloading 0 native plugins for Editor in 0.00 ms.
Mono: successfully reloaded assembly
- Completed reload, in  2.481 seconds
Platform modules already initialized, skipping
Shader 'Universal Render Pipeline/Particles/Lit': fallback shader 'Universal Render Pipeline/Particles/SimpleLit' not found
Refreshing native plugins compatible for Editor in 1.60 ms, found 3 plugins.
Preloading 0 native plugins for Editor in 0.00 ms.
Unloading 3131 Unused Serialized files (Serialized files now loaded: 0)
System memory in use before: 129.5 MB.
System memory in use after: 129.6 MB.

Unloading 22 unused Assets to reduce memory usage. Loaded Objects now: 3892.
Total: 6.399900 ms (FindLiveObjects: 0.791600 ms CreateObjectMapping: 0.459200 ms MarkObjects: 4.913600 ms  DeleteObjects: 0.233200 ms)

========================================================================
Received Prepare
Registering precompiled user dll's ...
Registered in 0.010015 seconds.
Begin MonoManager ReloadAssembly
Native extension for WindowsStandalone target not found
Refreshing native plugins compatible for Editor in 1.29 ms, found 3 plugins.
Preloading 0 native plugins for Editor in 0.00 ms.
Mono: successfully reloaded assembly
- Completed reload, in  2.479 seconds
Platform modules already initialized, skipping
Shader 'Universal Render Pipeline/Particles/Lit': fallback shader 'Universal Render Pipeline/Particles/SimpleLit' not found
Refreshing native plugins compatible for Editor in 1.06 ms, found 3 plugins.
Preloading 0 native plugins for Editor in 0.00 ms.
Unloading 3131 Unused Serialized files (Serialized files now loaded: 0)
System memory in use before: 129.5 MB.
System memory in use after: 129.6 MB.

Unloading 22 unused Assets to reduce memory usage. Loaded Objects now: 3896.
Total: 5.375800 ms (FindLiveObjects: 0.507600 ms CreateObjectMapping: 0.155200 ms MarkObjects: 4.461600 ms  DeleteObjects: 0.249300 ms)

========================================================================
Received Prepare
Registering precompiled user dll's ...
Registered in 0.011722 seconds.
Begin MonoManager ReloadAssembly
Native extension for WindowsStandalone target not found
Refreshing native plugins compatible for Editor in 1.03 ms, found 3 plugins.
Preloading 0 native plugins for Editor in 0.00 ms.
Mono: successfully reloaded assembly
- Completed reload, in  2.509 seconds
Platform modules already initialized, skipping
Shader 'Universal Render Pipeline/Particles/Lit': fallback shader 'Universal Render Pipeline/Particles/SimpleLit' not found
Refreshing native plugins compatible for Editor in 1.02 ms, found 3 plugins.
Preloading 0 native plugins for Editor in 0.00 ms.
Unloading 3131 Unused Serialized files (Serialized files now loaded: 0)
System memory in use before: 129.5 MB.
System memory in use after: 129.6 MB.

Unloading 22 unused Assets to reduce memory usage. Loaded Objects now: 3900.
Total: 5.534400 ms (FindLiveObjects: 0.510700 ms CreateObjectMapping: 0.149400 ms MarkObjects: 4.625100 ms  DeleteObjects: 0.246500 ms)

========================================================================
Received Import Request.
  Time since last request: 620.145255 seconds.
  path: Assets/Scripts/Player/State Machine/Data/PlayerData.asset
  artifactKey: Guid(47d3272e738b7424196bed97e696c888) Importer(815301076,1909f56bfc062723c751e8b465ee728b)
Start importing Assets/Scripts/Player/State Machine/Data/PlayerData.asset using Guid(47d3272e738b7424196bed97e696c888) Importer(815301076,1909f56bfc062723c751e8b465ee728b)  -> (artifact id: 'c45106bb069805f6dd529feb16695534') in 0.037628 seconds
  Import took 0.046939 seconds .

