Using pre-set license
Built from '2020.3/staging' branch; Version is '2020.3.11f1 (99c7afb366b3) revision 10078127'; Using compiler version '192528614'; Build Type 'Release'
OS: 'Windows 10 Home; OS build 19043.1083; Version 2009; 64bit' Language: 'en' Physical Memory: 7075 MB
BatchMode: 1, IsHumanControllingUs: 0, StartBugReporterOnCrash: 0, Is64bit: 1, IsPro: 0

 COMMAND LINE ARGUMENTS:
C:\Program Files\Unity\Hub\Editor\2020.3.11f1\Editor\Unity.exe
-adb2
-batchMode
-noUpm
-name
AssetImportWorker0
-projectPath
C:/Users/stavr/Documents/Game dev/Unity projects/Little
-logFile
Logs/AssetImportWorker0.log
-srvPort
49355
Successfully changed project path to: C:/Users/stavr/Documents/Game dev/Unity projects/Little
C:/Users/stavr/Documents/Game dev/Unity projects/Little
Using Asset Import Pipeline V2.
Refreshing native plugins compatible for Editor in 102.66 ms, found 3 plugins.
Preloading 0 native plugins for Editor in 0.00 ms.
Initialize engine version: 2020.3.11f1 (99c7afb366b3)
[Subsystems] Discovering subsystems at path C:/Program Files/Unity/Hub/Editor/2020.3.11f1/Editor/Data/Resources/UnitySubsystems
[Subsystems] Discovering subsystems at path C:/Users/stavr/Documents/Game dev/Unity projects/Little/Assets
GfxDevice: creating device client; threaded=0
Direct3D:
    Version:  Direct3D 11.0 [level 11.1]
    Renderer: AMD Radeon(TM) Vega 8 Graphics (ID=0x15dd)
    Vendor:   
    VRAM:     3537 MB
    Driver:   27.20.1034.6
Shader 'Universal Render Pipeline/Particles/Lit': fallback shader 'Universal Render Pipeline/Particles/SimpleLit' not found
Initialize mono
Mono path[0] = 'C:/Program Files/Unity/Hub/Editor/2020.3.11f1/Editor/Data/Managed'
Mono path[1] = 'C:/Program Files/Unity/Hub/Editor/2020.3.11f1/Editor/Data/MonoBleedingEdge/lib/mono/unityjit'
Mono config path = 'C:/Program Files/Unity/Hub/Editor/2020.3.11f1/Editor/Data/MonoBleedingEdge/etc'
Using monoOptions --debugger-agent=transport=dt_socket,embedding=1,server=y,suspend=n,address=127.0.0.1:56336
Begin MonoManager ReloadAssembly
Registering precompiled unity dll's ...
Register platform support module: C:/Program Files/Unity/Hub/Editor/2020.3.11f1/Editor/Data/PlaybackEngines/WebGLSupport/UnityEditor.WebGL.Extensions.dll
Register platform support module: C:/Program Files/Unity/Hub/Editor/2020.3.11f1/Editor/Data/PlaybackEngines/WindowsStandaloneSupport/UnityEditor.WindowsStandalone.Extensions.dll
Registered in 0.003759 seconds.
Native extension for WindowsStandalone target not found
Native extension for WebGL target not found
Refreshing native plugins compatible for Editor in 101.74 ms, found 3 plugins.
Preloading 0 native plugins for Editor in 0.00 ms.
Mono: successfully reloaded assembly
- Completed reload, in  3.743 seconds
Platform modules already initialized, skipping
Registering precompiled user dll's ...
Registered in 0.007469 seconds.
Begin MonoManager ReloadAssembly
Native extension for WindowsStandalone target not found
Native extension for WebGL target not found
Refreshing native plugins compatible for Editor in 151.49 ms, found 3 plugins.
Preloading 0 native plugins for Editor in 0.00 ms.
Mono: successfully reloaded assembly
- Completed reload, in  2.808 seconds
Platform modules already initialized, skipping
========================================================================
Worker process is ready to serve import requests
Shader 'Universal Render Pipeline/Particles/Lit': fallback shader 'Universal Render Pipeline/Particles/SimpleLit' not found
Launched and connected shader compiler UnityShaderCompiler.exe after 0.09 seconds
Refreshing native plugins compatible for Editor in 1.11 ms, found 3 plugins.
Preloading 0 native plugins for Editor in 0.00 ms.
Unloading 3438 Unused Serialized files (Serialized files now loaded: 0)
System memory in use before: 149.0 MB.
System memory in use after: 149.1 MB.

Unloading 35 unused Assets to reduce memory usage. Loaded Objects now: 3877.
Total: 5.408600 ms (FindLiveObjects: 0.555600 ms CreateObjectMapping: 0.180200 ms MarkObjects: 4.387700 ms  DeleteObjects: 0.282600 ms)

========================================================================
Received Import Request.
  path: Assets/Packs
  artifactKey: Guid(b6bd067a01e3ccb4fa4cc8c85d3ea86f) Importer(815301076,1909f56bfc062723c751e8b465ee728b)
Start importing Assets/Packs using Guid(b6bd067a01e3ccb4fa4cc8c85d3ea86f) Importer(815301076,1909f56bfc062723c751e8b465ee728b)  -> (artifact id: 'bc4792cf599fff62c2d56613c76c55fe') in 0.023880 seconds
  Import took 0.036572 seconds .

========================================================================
Received Import Request.
  Time since last request: 0.000488 seconds.
  path: Assets/Packs/Sunny Land Forest Assets
  artifactKey: Guid(c81a93935b9feb14aacd821d57777a22) Importer(815301076,1909f56bfc062723c751e8b465ee728b)
Start importing Assets/Packs/Sunny Land Forest Assets using Guid(c81a93935b9feb14aacd821d57777a22) Importer(815301076,1909f56bfc062723c751e8b465ee728b)  -> (artifact id: '5e44da22b4b042bc8e840d842d4c34e3') in 0.015467 seconds
  Import took 0.025288 seconds .

========================================================================
Received Import Request.
  Time since last request: 0.000312 seconds.
  path: Assets/Scripts/CameraManager.cs
  artifactKey: Guid(dcffe4753d067134fa97ed67d0d72279) Importer(815301076,1909f56bfc062723c751e8b465ee728b)
Start importing Assets/Scripts/CameraManager.cs using Guid(dcffe4753d067134fa97ed67d0d72279) Importer(815301076,1909f56bfc062723c751e8b465ee728b)  -> (artifact id: '99d881fa8b6fa45080886543206ea0b9') in 0.058916 seconds
  Import took 0.070087 seconds .

========================================================================
Received Import Request.
  Time since last request: 0.000672 seconds.
  path: Assets/Packs/Sunny Land Forest Assets/Artwork
  artifactKey: Guid(7774928dfb56d4efe8834b695ec6b292) Importer(815301076,1909f56bfc062723c751e8b465ee728b)
Start importing Assets/Packs/Sunny Land Forest Assets/Artwork using Guid(7774928dfb56d4efe8834b695ec6b292) Importer(815301076,1909f56bfc062723c751e8b465ee728b)  -> (artifact id: '5531c76b172f77b859585bfcb7cfc8de') in 0.016355 seconds
  Import took 0.029136 seconds .

========================================================================
Received Import Request.
  Time since last request: 0.051128 seconds.
  path: Assets/Packs/Sunny Land Forest Assets/Artwork/Environment
  artifactKey: Guid(247f99824090f46c28786894c8d359d1) Importer(815301076,1909f56bfc062723c751e8b465ee728b)
Start importing Assets/Packs/Sunny Land Forest Assets/Artwork/Environment using Guid(247f99824090f46c28786894c8d359d1) Importer(815301076,1909f56bfc062723c751e8b465ee728b)  -> (artifact id: 'e3092661b24c0070cda4817c249345b8') in 0.014760 seconds
  Import took 0.028025 seconds .

========================================================================
Received Import Request.
  Time since last request: 0.051694 seconds.
  path: Assets/Packs/Sunny Land Forest Assets/Artwork/Environment/background.png
  artifactKey: Guid(0ec7f03d689614a43ae2aeba2db954c0) Importer(815301076,1909f56bfc062723c751e8b465ee728b)
Start importing Assets/Packs/Sunny Land Forest Assets/Artwork/Environment/background.png using Guid(0ec7f03d689614a43ae2aeba2db954c0) Importer(815301076,1909f56bfc062723c751e8b465ee728b)  -> (artifact id: 'd46b15b30bba0e8b66dbb5117a3c0b9f') in 0.282923 seconds
  Import took 0.294590 seconds .

========================================================================
Received Import Request.
  Time since last request: 0.000366 seconds.
  path: Assets/Packs/Sunny Land Forest Assets/Artwork/Environment/tileset_preview.png
  artifactKey: Guid(c7023aa968e634fc886642f0d99afe29) Importer(815301076,1909f56bfc062723c751e8b465ee728b)
Start importing Assets/Packs/Sunny Land Forest Assets/Artwork/Environment/tileset_preview.png using Guid(c7023aa968e634fc886642f0d99afe29) Importer(815301076,1909f56bfc062723c751e8b465ee728b)  -> (artifact id: 'dd785c42e73cbe0b71b66ee679fd3cf7') in 0.031179 seconds
  Import took 0.041060 seconds .

========================================================================
Received Import Request.
  Time since last request: 0.000483 seconds.
  path: Assets/Packs/Sunny Land Forest Assets/Artwork/Environment/environment-preview.png
  artifactKey: Guid(a19e9edb7c8f94be391773f155002823) Importer(815301076,1909f56bfc062723c751e8b465ee728b)
Start importing Assets/Packs/Sunny Land Forest Assets/Artwork/Environment/environment-preview.png using Guid(a19e9edb7c8f94be391773f155002823) Importer(815301076,1909f56bfc062723c751e8b465ee728b)  -> (artifact id: '49035044557f7e9aaddbc12e75c6e77e') in 0.041089 seconds
  Import took 0.053713 seconds .

========================================================================
Received Import Request.
  Time since last request: 0.000326 seconds.
  path: Assets/Packs/Sunny Land Forest Assets/Artwork/Environment/middleground.png
  artifactKey: Guid(d826448c67ac24a828938a397a088786) Importer(815301076,1909f56bfc062723c751e8b465ee728b)
Start importing Assets/Packs/Sunny Land Forest Assets/Artwork/Environment/middleground.png using Guid(d826448c67ac24a828938a397a088786) Importer(815301076,1909f56bfc062723c751e8b465ee728b)  -> (artifact id: '6989f1c08cff41582d34a0b123a3a14a') in 0.033557 seconds
  Import took 0.047359 seconds .

========================================================================
Received Import Request.
  Time since last request: 0.000375 seconds.
  path: Assets/Packs/Sunny Land Forest Assets/Artwork/Environment/tileset.png
  artifactKey: Guid(2eeb0d4e8888f48459040781a511455e) Importer(815301076,1909f56bfc062723c751e8b465ee728b)
Start importing Assets/Packs/Sunny Land Forest Assets/Artwork/Environment/tileset.png using Guid(2eeb0d4e8888f48459040781a511455e) Importer(815301076,1909f56bfc062723c751e8b465ee728b)  -> (artifact id: '9f24f9675bf687b309e5e2c623ccd771') in 0.345060 seconds
  Import took 0.357365 seconds .

========================================================================
Received Prepare
Registering precompiled user dll's ...
Registered in 0.010191 seconds.
Begin MonoManager ReloadAssembly
Native extension for WindowsStandalone target not found
Native extension for WebGL target not found
Refreshing native plugins compatible for Editor in 1.10 ms, found 3 plugins.
Preloading 0 native plugins for Editor in 0.00 ms.
Mono: successfully reloaded assembly
- Completed reload, in  2.664 seconds
Platform modules already initialized, skipping
Shader 'Universal Render Pipeline/Particles/Lit': fallback shader 'Universal Render Pipeline/Particles/SimpleLit' not found
Refreshing native plugins compatible for Editor in 1.09 ms, found 3 plugins.
Preloading 0 native plugins for Editor in 0.00 ms.
Unloading 3313 Unused Serialized files (Serialized files now loaded: 0)
System memory in use before: 143.7 MB.
System memory in use after: 143.8 MB.

Unloading 23 unused Assets to reduce memory usage. Loaded Objects now: 3895.
Total: 5.466500 ms (FindLiveObjects: 0.489200 ms CreateObjectMapping: 0.160200 ms MarkObjects: 4.584700 ms  DeleteObjects: 0.229900 ms)

========================================================================
Received Import Request.
  Time since last request: 71.693708 seconds.
  path: Assets/Packs/Sunny Land Forest Assets/Artwork/Environment/tileset.png
  artifactKey: Guid(2eeb0d4e8888f48459040781a511455e) Importer(815301076,1909f56bfc062723c751e8b465ee728b)
Start importing Assets/Packs/Sunny Land Forest Assets/Artwork/Environment/tileset.png using Guid(2eeb0d4e8888f48459040781a511455e) Importer(815301076,1909f56bfc062723c751e8b465ee728b)  -> (artifact id: '0ff0456213dc5b7202a0ce1b51524c63') in 0.416996 seconds
  Import took 0.428543 seconds .

========================================================================
Received Import Request.
  Time since last request: 26.027273 seconds.
  path: Assets/Packs/Sunny Land Forest Assets/Artwork/Environment/middleground.png
  artifactKey: Guid(d826448c67ac24a828938a397a088786) Importer(815301076,1909f56bfc062723c751e8b465ee728b)
Start importing Assets/Packs/Sunny Land Forest Assets/Artwork/Environment/middleground.png using Guid(d826448c67ac24a828938a397a088786) Importer(815301076,1909f56bfc062723c751e8b465ee728b)  -> (artifact id: '391a8ee85b26fe916e660946b5a79d3d') in 0.021723 seconds
  Import took 0.034645 seconds .

========================================================================
Received Import Request.
  Time since last request: 11.468132 seconds.
  path: Assets/Packs/Sunny Land Forest Assets/Artwork/Environment/middleground.png
  artifactKey: Guid(d826448c67ac24a828938a397a088786) Importer(815301076,1909f56bfc062723c751e8b465ee728b)
Start importing Assets/Packs/Sunny Land Forest Assets/Artwork/Environment/middleground.png using Guid(d826448c67ac24a828938a397a088786) Importer(815301076,1909f56bfc062723c751e8b465ee728b)  -> (artifact id: 'c9a32c5bc1dac94d0979ffc6ea03ca07') in 0.023275 seconds
  Import took 0.035100 seconds .

========================================================================
Received Prepare
Registering precompiled user dll's ...
Registered in 0.010072 seconds.
Begin MonoManager ReloadAssembly
Native extension for WindowsStandalone target not found
Native extension for WebGL target not found
Refreshing native plugins compatible for Editor in 2.09 ms, found 3 plugins.
Preloading 0 native plugins for Editor in 0.00 ms.
Mono: successfully reloaded assembly
- Completed reload, in  3.130 seconds
Platform modules already initialized, skipping
Shader 'Universal Render Pipeline/Particles/Lit': fallback shader 'Universal Render Pipeline/Particles/SimpleLit' not found
Refreshing native plugins compatible for Editor in 1.73 ms, found 3 plugins.
Preloading 0 native plugins for Editor in 0.00 ms.
Unloading 3313 Unused Serialized files (Serialized files now loaded: 0)
System memory in use before: 143.8 MB.
System memory in use after: 143.9 MB.

Unloading 23 unused Assets to reduce memory usage. Loaded Objects now: 3900.
Total: 12.546200 ms (FindLiveObjects: 0.949900 ms CreateObjectMapping: 1.153500 ms MarkObjects: 10.010600 ms  DeleteObjects: 0.427800 ms)

========================================================================
Received Prepare
Registering precompiled user dll's ...
Registered in 0.011161 seconds.
Begin MonoManager ReloadAssembly
Native extension for WindowsStandalone target not found
Native extension for WebGL target not found
Refreshing native plugins compatible for Editor in 1.07 ms, found 3 plugins.
Preloading 0 native plugins for Editor in 0.00 ms.
Mono: successfully reloaded assembly
- Completed reload, in  2.126 seconds
Platform modules already initialized, skipping
Shader 'Universal Render Pipeline/Particles/Lit': fallback shader 'Universal Render Pipeline/Particles/SimpleLit' not found
Refreshing native plugins compatible for Editor in 1.25 ms, found 3 plugins.
Preloading 0 native plugins for Editor in 0.00 ms.
Unloading 3313 Unused Serialized files (Serialized files now loaded: 0)
System memory in use before: 143.8 MB.
System memory in use after: 143.9 MB.

Unloading 23 unused Assets to reduce memory usage. Loaded Objects now: 3904.
Total: 5.759200 ms (FindLiveObjects: 0.511100 ms CreateObjectMapping: 0.176800 ms MarkObjects: 4.711800 ms  DeleteObjects: 0.356900 ms)

========================================================================
Received Import Request.
  Time since last request: 260.062297 seconds.
  path: Assets/Art/Tilemap/Tile Palletes/SunnyLand/SunnyLand.prefab
  artifactKey: Guid(465c6f59bfd5c1942ad7be69e5f468a7) Importer(815301076,1909f56bfc062723c751e8b465ee728b)
Start importing Assets/Art/Tilemap/Tile Palletes/SunnyLand/SunnyLand.prefab using Guid(465c6f59bfd5c1942ad7be69e5f468a7) Importer(815301076,1909f56bfc062723c751e8b465ee728b)  -> (artifact id: '80bd9c4b44ebb1cc13ec7efa31ab4538') in 0.055488 seconds
  Import took 0.064354 seconds .

========================================================================
Received Import Request.
  Time since last request: 3.625959 seconds.
  path: Assets/Art/Tilemap/Tile Palletes/Plain/Prueba_0.asset
  artifactKey: Guid(f9344b50f03f4e24c8749d53c5d5dea7) Importer(815301076,1909f56bfc062723c751e8b465ee728b)
Start importing Assets/Art/Tilemap/Tile Palletes/Plain/Prueba_0.asset using Guid(f9344b50f03f4e24c8749d53c5d5dea7) Importer(815301076,1909f56bfc062723c751e8b465ee728b)  -> (artifact id: '16189171de0dd5f45280a7bec5774447') in 0.047674 seconds
  Import took 0.055324 seconds .

========================================================================
Received Import Request.
  Time since last request: 0.000337 seconds.
  path: Assets/Art/Tilemap/Tile Palletes/Plain/Prueba_6.asset
  artifactKey: Guid(bac6947a391edae429029ca598ace4a1) Importer(815301076,1909f56bfc062723c751e8b465ee728b)
Start importing Assets/Art/Tilemap/Tile Palletes/Plain/Prueba_6.asset using Guid(bac6947a391edae429029ca598ace4a1) Importer(815301076,1909f56bfc062723c751e8b465ee728b)  -> (artifact id: '55a9050d687cd5b00030927eae08e2ae') in 0.017930 seconds
  Import took 0.025600 seconds .

========================================================================
Received Import Request.
  Time since last request: 0.000331 seconds.
  path: Assets/Art/Tilemap/Tile Palletes/Plain/Prueba_2.asset
  artifactKey: Guid(1942c324772b2c042a7dbda248ee407e) Importer(815301076,1909f56bfc062723c751e8b465ee728b)
Start importing Assets/Art/Tilemap/Tile Palletes/Plain/Prueba_2.asset using Guid(1942c324772b2c042a7dbda248ee407e) Importer(815301076,1909f56bfc062723c751e8b465ee728b)  -> (artifact id: 'bf56e5fb55b74e0232755c3e5842cf30') in 0.021908 seconds
  Import took 0.029565 seconds .

========================================================================
Received Import Request.
  Time since last request: 0.000375 seconds.
  path: Assets/Art/Tilemap/Tile Palletes/Plain/Prueba_3.asset
  artifactKey: Guid(5b956799f78c0ec448455614b0491e44) Importer(815301076,1909f56bfc062723c751e8b465ee728b)
Start importing Assets/Art/Tilemap/Tile Palletes/Plain/Prueba_3.asset using Guid(5b956799f78c0ec448455614b0491e44) Importer(815301076,1909f56bfc062723c751e8b465ee728b)  -> (artifact id: 'c8700c57e34da444c5903123ed277987') in 0.017434 seconds
  Import took 0.026289 seconds .

========================================================================
Received Import Request.
  Time since last request: 0.000434 seconds.
  path: Assets/Art/Tilemap/Tile Palletes/Plain/Prueba_4.asset
  artifactKey: Guid(de2008be1ad0c294388e9c5826e0f8b2) Importer(815301076,1909f56bfc062723c751e8b465ee728b)
Start importing Assets/Art/Tilemap/Tile Palletes/Plain/Prueba_4.asset using Guid(de2008be1ad0c294388e9c5826e0f8b2) Importer(815301076,1909f56bfc062723c751e8b465ee728b)  -> (artifact id: 'a6cee3ea71b0d65c8e26014f12359146') in 0.019468 seconds
  Import took 0.029190 seconds .

========================================================================
Received Import Request.
  Time since last request: 0.000881 seconds.
  path: Assets/Art/Tilemap/Tile Palletes/Plain/Prueba_5.asset
  artifactKey: Guid(ba574820d45183c4192c835d651692d9) Importer(815301076,1909f56bfc062723c751e8b465ee728b)
Start importing Assets/Art/Tilemap/Tile Palletes/Plain/Prueba_5.asset using Guid(ba574820d45183c4192c835d651692d9) Importer(815301076,1909f56bfc062723c751e8b465ee728b)  -> (artifact id: '1378fd1bfbd418dfaa5864b90eab9137') in 0.018766 seconds
  Import took 0.028232 seconds .

========================================================================
Received Import Request.
  Time since last request: 0.000292 seconds.
  path: Assets/Art/Tilemap/Tile Palletes/Plain/Prueba_7.asset
  artifactKey: Guid(567bc076724371a4583c82bc36de5989) Importer(815301076,1909f56bfc062723c751e8b465ee728b)
Start importing Assets/Art/Tilemap/Tile Palletes/Plain/Prueba_7.asset using Guid(567bc076724371a4583c82bc36de5989) Importer(815301076,1909f56bfc062723c751e8b465ee728b)  -> (artifact id: '1866bdd7b52379062b844ed7c3d4d143') in 0.019601 seconds
  Import took 0.028737 seconds .

========================================================================
Received Import Request.
  Time since last request: 0.000345 seconds.
  path: Assets/Art/Tilemap/Tile Palletes/Plain/Prueba_1.asset
  artifactKey: Guid(958626f75a3e2a94680fa8acb9e06a05) Importer(815301076,1909f56bfc062723c751e8b465ee728b)
Start importing Assets/Art/Tilemap/Tile Palletes/Plain/Prueba_1.asset using Guid(958626f75a3e2a94680fa8acb9e06a05) Importer(815301076,1909f56bfc062723c751e8b465ee728b)  -> (artifact id: 'c1ec614940fb2eff668e86337e5ff08d') in 0.017757 seconds
  Import took 0.026853 seconds .

========================================================================
Received Import Request.
  Time since last request: 33.410345 seconds.
  path: Assets/Packs/Sunny Land Forest Assets/Artwork/Environment/tileset_0.asset
  artifactKey: Guid(e559b80dcb6c64949afe5ea7adf15367) Importer(815301076,1909f56bfc062723c751e8b465ee728b)
Start importing Assets/Packs/Sunny Land Forest Assets/Artwork/Environment/tileset_0.asset using Guid(e559b80dcb6c64949afe5ea7adf15367) Importer(815301076,1909f56bfc062723c751e8b465ee728b)  -> (artifact id: '5a0fe41fbd8aeff7942cfcfba73ed236') in 0.017766 seconds
  Import took 0.026392 seconds .

========================================================================
Received Import Request.
  Time since last request: 0.000378 seconds.
  path: Assets/Packs/Sunny Land Forest Assets/Artwork/Environment/tileset_8.asset
  artifactKey: Guid(7904da7fbb4333e42942331028e288ab) Importer(815301076,1909f56bfc062723c751e8b465ee728b)
Start importing Assets/Packs/Sunny Land Forest Assets/Artwork/Environment/tileset_8.asset using Guid(7904da7fbb4333e42942331028e288ab) Importer(815301076,1909f56bfc062723c751e8b465ee728b)  -> (artifact id: '42372ef0b479008e8466ec52c67a62c9') in 0.017835 seconds
  Import took 0.026026 seconds .

========================================================================
Received Import Request.
  Time since last request: 0.000299 seconds.
  path: Assets/Packs/Sunny Land Forest Assets/Artwork/Environment/tileset_34.asset
  artifactKey: Guid(cd45cf9b16a45cb4c89befa5c163e74e) Importer(815301076,1909f56bfc062723c751e8b465ee728b)
Start importing Assets/Packs/Sunny Land Forest Assets/Artwork/Environment/tileset_34.asset using Guid(cd45cf9b16a45cb4c89befa5c163e74e) Importer(815301076,1909f56bfc062723c751e8b465ee728b)  -> (artifact id: '36c3c059db771ec456ed71efadf9935c') in 0.022002 seconds
  Import took 0.033309 seconds .

========================================================================
Received Import Request.
  Time since last request: 0.000312 seconds.
  path: Assets/Packs/Sunny Land Forest Assets/Artwork/Environment/tileset_24.asset
  artifactKey: Guid(d6618c23a2062eb4eab71c09c6bed5ea) Importer(815301076,1909f56bfc062723c751e8b465ee728b)
Start importing Assets/Packs/Sunny Land Forest Assets/Artwork/Environment/tileset_24.asset using Guid(d6618c23a2062eb4eab71c09c6bed5ea) Importer(815301076,1909f56bfc062723c751e8b465ee728b)  -> (artifact id: '87ebce597ba1113c15f5455df4cb4a54') in 0.022413 seconds
  Import took 0.030378 seconds .

========================================================================
Received Import Request.
  Time since last request: 0.000274 seconds.
  path: Assets/Packs/Sunny Land Forest Assets/Artwork/Environment/tileset_15.asset
  artifactKey: Guid(78666516a07cc2f4f818b75ba9b081dc) Importer(815301076,1909f56bfc062723c751e8b465ee728b)
Start importing Assets/Packs/Sunny Land Forest Assets/Artwork/Environment/tileset_15.asset using Guid(78666516a07cc2f4f818b75ba9b081dc) Importer(815301076,1909f56bfc062723c751e8b465ee728b)  -> (artifact id: 'c6b05e43c492b7adfb57d59825f3af7b') in 0.018626 seconds
  Import took 0.026822 seconds .

========================================================================
Received Import Request.
  Time since last request: 0.000264 seconds.
  path: Assets/Packs/Sunny Land Forest Assets/Artwork/Environment/tileset_16.asset
  artifactKey: Guid(1d787009a79d0924d9804fe571f2aed0) Importer(815301076,1909f56bfc062723c751e8b465ee728b)
Start importing Assets/Packs/Sunny Land Forest Assets/Artwork/Environment/tileset_16.asset using Guid(1d787009a79d0924d9804fe571f2aed0) Importer(815301076,1909f56bfc062723c751e8b465ee728b)  -> (artifact id: 'dcb04937b315940aa20e52663fd526c5') in 0.017715 seconds
  Import took 0.026585 seconds .

========================================================================
Received Import Request.
  Time since last request: 0.000236 seconds.
  path: Assets/Packs/Sunny Land Forest Assets/Artwork/Environment/tileset_22.asset
  artifactKey: Guid(7513bf4430f8ed2439f175c495288c97) Importer(815301076,1909f56bfc062723c751e8b465ee728b)
Start importing Assets/Packs/Sunny Land Forest Assets/Artwork/Environment/tileset_22.asset using Guid(7513bf4430f8ed2439f175c495288c97) Importer(815301076,1909f56bfc062723c751e8b465ee728b)  -> (artifact id: '6422d36b390b35dee02df25ed21013d9') in 0.021558 seconds
  Import took 0.029386 seconds .

========================================================================
Received Import Request.
  Time since last request: 0.000328 seconds.
  path: Assets/Packs/Sunny Land Forest Assets/Artwork/Environment/tileset_30.asset
  artifactKey: Guid(a96b0701995650d4bb3c5e3a10057ab0) Importer(815301076,1909f56bfc062723c751e8b465ee728b)
Start importing Assets/Packs/Sunny Land Forest Assets/Artwork/Environment/tileset_30.asset using Guid(a96b0701995650d4bb3c5e3a10057ab0) Importer(815301076,1909f56bfc062723c751e8b465ee728b)  -> (artifact id: '9624becaaede47352127aa75479a929f') in 0.017218 seconds
  Import took 0.025022 seconds .

========================================================================
Received Import Request.
  Time since last request: 0.000251 seconds.
  path: Assets/Packs/Sunny Land Forest Assets/Artwork/Environment/tileset_1.asset
  artifactKey: Guid(0f8d75d1f0f5b8f46aca31aa8a097454) Importer(815301076,1909f56bfc062723c751e8b465ee728b)
Start importing Assets/Packs/Sunny Land Forest Assets/Artwork/Environment/tileset_1.asset using Guid(0f8d75d1f0f5b8f46aca31aa8a097454) Importer(815301076,1909f56bfc062723c751e8b465ee728b)  -> (artifact id: 'bdba4f1ffca8e6c52396acb6a718e359') in 0.018801 seconds
  Import took 0.026385 seconds .

========================================================================
Received Import Request.
  Time since last request: 0.000347 seconds.
  path: Assets/Packs/Sunny Land Forest Assets/Artwork/Environment/tileset_17.asset
  artifactKey: Guid(a2a13bcb0501566469a26efce81fe61c) Importer(815301076,1909f56bfc062723c751e8b465ee728b)
Start importing Assets/Packs/Sunny Land Forest Assets/Artwork/Environment/tileset_17.asset using Guid(a2a13bcb0501566469a26efce81fe61c) Importer(815301076,1909f56bfc062723c751e8b465ee728b)  -> (artifact id: 'e97b83425b295595855a4a628e68f084') in 0.017670 seconds
  Import took 0.026293 seconds .

========================================================================
Received Import Request.
  Time since last request: 0.000275 seconds.
  path: Assets/Packs/Sunny Land Forest Assets/Artwork/Environment/tileset_14.asset
  artifactKey: Guid(2777f0f52927c294dad27a1ca7ff588b) Importer(815301076,1909f56bfc062723c751e8b465ee728b)
Start importing Assets/Packs/Sunny Land Forest Assets/Artwork/Environment/tileset_14.asset using Guid(2777f0f52927c294dad27a1ca7ff588b) Importer(815301076,1909f56bfc062723c751e8b465ee728b)  -> (artifact id: 'a7881bfae99af161ce952faa8aac671b') in 0.017965 seconds
  Import took 0.026383 seconds .

========================================================================
Received Import Request.
  Time since last request: 0.000259 seconds.
  path: Assets/Packs/Sunny Land Forest Assets/Artwork/Environment/tileset_31.asset
  artifactKey: Guid(a3afb03697dca2b43bc6de52597c5e9d) Importer(815301076,1909f56bfc062723c751e8b465ee728b)
Start importing Assets/Packs/Sunny Land Forest Assets/Artwork/Environment/tileset_31.asset using Guid(a3afb03697dca2b43bc6de52597c5e9d) Importer(815301076,1909f56bfc062723c751e8b465ee728b)  -> (artifact id: '88b92f1eda988b779ffa402b2e0d8a4e') in 0.020387 seconds
  Import took 0.029473 seconds .

========================================================================
Received Import Request.
  Time since last request: 0.000242 seconds.
  path: Assets/Packs/Sunny Land Forest Assets/Artwork/Environment/tileset_35.asset
  artifactKey: Guid(b5c8f9b185f04e644ad67c647fa2f8ed) Importer(815301076,1909f56bfc062723c751e8b465ee728b)
Start importing Assets/Packs/Sunny Land Forest Assets/Artwork/Environment/tileset_35.asset using Guid(b5c8f9b185f04e644ad67c647fa2f8ed) Importer(815301076,1909f56bfc062723c751e8b465ee728b)  -> (artifact id: '553f13af035dcce35a988ca04601b0db') in 0.016017 seconds
  Import took 0.022996 seconds .

========================================================================
Received Import Request.
  Time since last request: 0.000289 seconds.
  path: Assets/Packs/Sunny Land Forest Assets/Artwork/Environment/tileset_6.asset
  artifactKey: Guid(940e145464da60544aa5601299af39a4) Importer(815301076,1909f56bfc062723c751e8b465ee728b)
Start importing Assets/Packs/Sunny Land Forest Assets/Artwork/Environment/tileset_6.asset using Guid(940e145464da60544aa5601299af39a4) Importer(815301076,1909f56bfc062723c751e8b465ee728b)  -> (artifact id: '3422e602de0484f656a995b4afb725a9') in 0.019087 seconds
  Import took 0.026680 seconds .

========================================================================
Received Import Request.
  Time since last request: 0.000333 seconds.
  path: Assets/Packs/Sunny Land Forest Assets/Artwork/Environment/tileset_27.asset
  artifactKey: Guid(1056bd17b56fa0645a7e0d60c5e5c9a9) Importer(815301076,1909f56bfc062723c751e8b465ee728b)
Start importing Assets/Packs/Sunny Land Forest Assets/Artwork/Environment/tileset_27.asset using Guid(1056bd17b56fa0645a7e0d60c5e5c9a9) Importer(815301076,1909f56bfc062723c751e8b465ee728b)  -> (artifact id: 'f489d3214a590cb93f9a8e7997029f90') in 0.018141 seconds
  Import took 0.027724 seconds .

========================================================================
Received Import Request.
  Time since last request: 0.000301 seconds.
  path: Assets/Packs/Sunny Land Forest Assets/Artwork/Environment/tileset_25.asset
  artifactKey: Guid(743bfbec0a5845045bcf7348a9d91690) Importer(815301076,1909f56bfc062723c751e8b465ee728b)
Start importing Assets/Packs/Sunny Land Forest Assets/Artwork/Environment/tileset_25.asset using Guid(743bfbec0a5845045bcf7348a9d91690) Importer(815301076,1909f56bfc062723c751e8b465ee728b)  -> (artifact id: 'd0698d139f6b853f78f840b33cf39f7f') in 0.018180 seconds
  Import took 0.027494 seconds .

========================================================================
Received Import Request.
  Time since last request: 0.000325 seconds.
  path: Assets/Packs/Sunny Land Forest Assets/Artwork/Environment/tileset_20.asset
  artifactKey: Guid(ba300a7e91d6be245a18c5a9373d1b80) Importer(815301076,1909f56bfc062723c751e8b465ee728b)
Start importing Assets/Packs/Sunny Land Forest Assets/Artwork/Environment/tileset_20.asset using Guid(ba300a7e91d6be245a18c5a9373d1b80) Importer(815301076,1909f56bfc062723c751e8b465ee728b)  -> (artifact id: '25d558788d475de8f29b53cc67be4898') in 0.017647 seconds
  Import took 0.026759 seconds .

========================================================================
Received Import Request.
  Time since last request: 0.000268 seconds.
  path: Assets/Packs/Sunny Land Forest Assets/Artwork/Environment/tileset_33.asset
  artifactKey: Guid(0fd1dfde3e5886e4c9a1058d3a1a454b) Importer(815301076,1909f56bfc062723c751e8b465ee728b)
Start importing Assets/Packs/Sunny Land Forest Assets/Artwork/Environment/tileset_33.asset using Guid(0fd1dfde3e5886e4c9a1058d3a1a454b) Importer(815301076,1909f56bfc062723c751e8b465ee728b)  -> (artifact id: '64b0bd5a3fff9e9b292e8e660de950a2') in 0.017824 seconds
  Import took 0.026646 seconds .

========================================================================
Received Import Request.
  Time since last request: 0.000334 seconds.
  path: Assets/Packs/Sunny Land Forest Assets/Artwork/Environment/tileset_7.asset
  artifactKey: Guid(b28558b9b36d289458aeddb9b5d877e5) Importer(815301076,1909f56bfc062723c751e8b465ee728b)
Start importing Assets/Packs/Sunny Land Forest Assets/Artwork/Environment/tileset_7.asset using Guid(b28558b9b36d289458aeddb9b5d877e5) Importer(815301076,1909f56bfc062723c751e8b465ee728b)  -> (artifact id: 'f3e56896e92462ab6c773f6f368d0c92') in 0.017660 seconds
  Import took 0.026165 seconds .

========================================================================
Received Import Request.
  Time since last request: 0.000276 seconds.
  path: Assets/Packs/Sunny Land Forest Assets/Artwork/Environment/tileset_12.asset
  artifactKey: Guid(c2bf31793aaf8a24883ed5717d24f33e) Importer(815301076,1909f56bfc062723c751e8b465ee728b)
Start importing Assets/Packs/Sunny Land Forest Assets/Artwork/Environment/tileset_12.asset using Guid(c2bf31793aaf8a24883ed5717d24f33e) Importer(815301076,1909f56bfc062723c751e8b465ee728b)  -> (artifact id: 'a6bdfe94abd991feab43e55a5680c12b') in 0.026748 seconds
  Import took 0.034440 seconds .

========================================================================
Received Import Request.
  Time since last request: 0.000301 seconds.
  path: Assets/Packs/Sunny Land Forest Assets/Artwork/Environment/tileset_28.asset
  artifactKey: Guid(ab05def69a81cbf439a83e521422462a) Importer(815301076,1909f56bfc062723c751e8b465ee728b)
Start importing Assets/Packs/Sunny Land Forest Assets/Artwork/Environment/tileset_28.asset using Guid(ab05def69a81cbf439a83e521422462a) Importer(815301076,1909f56bfc062723c751e8b465ee728b)  -> (artifact id: 'f02677b7572cf87e4fc6c16750e88884') in 0.020850 seconds
  Import took 0.028589 seconds .

========================================================================
Received Import Request.
  Time since last request: 0.000292 seconds.
  path: Assets/Packs/Sunny Land Forest Assets/Artwork/Environment/tileset_2.asset
  artifactKey: Guid(7cb69592c1ddca24baed4a5f6733fc6e) Importer(815301076,1909f56bfc062723c751e8b465ee728b)
Start importing Assets/Packs/Sunny Land Forest Assets/Artwork/Environment/tileset_2.asset using Guid(7cb69592c1ddca24baed4a5f6733fc6e) Importer(815301076,1909f56bfc062723c751e8b465ee728b)  -> (artifact id: 'eaead16108dd930cf0a1a497554c2901') in 0.019417 seconds
  Import took 0.028720 seconds .

========================================================================
Received Import Request.
  Time since last request: 0.000218 seconds.
  path: Assets/Packs/Sunny Land Forest Assets/Artwork/Environment/tileset_37.asset
  artifactKey: Guid(2aa5b707923532649b88699a27956e02) Importer(815301076,1909f56bfc062723c751e8b465ee728b)
Start importing Assets/Packs/Sunny Land Forest Assets/Artwork/Environment/tileset_37.asset using Guid(2aa5b707923532649b88699a27956e02) Importer(815301076,1909f56bfc062723c751e8b465ee728b)  -> (artifact id: '6d584bafeae2a6ca41b53d414d2dd003') in 0.017826 seconds
  Import took 0.026035 seconds .

========================================================================
Received Import Request.
  Time since last request: 0.000347 seconds.
  path: Assets/Packs/Sunny Land Forest Assets/Artwork/Environment/tileset_19.asset
  artifactKey: Guid(b0990b24370e55a4e9ef3bb419183e0e) Importer(815301076,1909f56bfc062723c751e8b465ee728b)
Start importing Assets/Packs/Sunny Land Forest Assets/Artwork/Environment/tileset_19.asset using Guid(b0990b24370e55a4e9ef3bb419183e0e) Importer(815301076,1909f56bfc062723c751e8b465ee728b)  -> (artifact id: 'abaea511dd92a62a6b5e2defe8f189fe') in 0.019465 seconds
  Import took 0.026859 seconds .

========================================================================
Received Import Request.
  Time since last request: 0.000289 seconds.
  path: Assets/Packs/Sunny Land Forest Assets/Artwork/Environment/tileset_36.asset
  artifactKey: Guid(33657836d9f735e4186b816f555e96c2) Importer(815301076,1909f56bfc062723c751e8b465ee728b)
Start importing Assets/Packs/Sunny Land Forest Assets/Artwork/Environment/tileset_36.asset using Guid(33657836d9f735e4186b816f555e96c2) Importer(815301076,1909f56bfc062723c751e8b465ee728b)  -> (artifact id: 'e94ed6e85bb08000ca37aae74b7ba1f2') in 0.016900 seconds
  Import took 0.024656 seconds .

========================================================================
Received Import Request.
  Time since last request: 0.000355 seconds.
  path: Assets/Packs/Sunny Land Forest Assets/Artwork/Environment/tileset_39.asset
  artifactKey: Guid(61989e6304f50b547911fb940e785a49) Importer(815301076,1909f56bfc062723c751e8b465ee728b)
Start importing Assets/Packs/Sunny Land Forest Assets/Artwork/Environment/tileset_39.asset using Guid(61989e6304f50b547911fb940e785a49) Importer(815301076,1909f56bfc062723c751e8b465ee728b)  -> (artifact id: '21004d602ded9bca1d0701ed11d7b963') in 0.017024 seconds
  Import took 0.028007 seconds .

========================================================================
Received Import Request.
  Time since last request: 0.000394 seconds.
  path: Assets/Packs/Sunny Land Forest Assets/Artwork/Environment/tileset_18.asset
  artifactKey: Guid(d708432798fda8f4b8edb2fad2583ff8) Importer(815301076,1909f56bfc062723c751e8b465ee728b)
Start importing Assets/Packs/Sunny Land Forest Assets/Artwork/Environment/tileset_18.asset using Guid(d708432798fda8f4b8edb2fad2583ff8) Importer(815301076,1909f56bfc062723c751e8b465ee728b)  -> (artifact id: 'd94aec951600da503456779f34986035') in 0.018825 seconds
  Import took 0.027025 seconds .

========================================================================
Received Import Request.
  Time since last request: 0.000231 seconds.
  path: Assets/Packs/Sunny Land Forest Assets/Artwork/Environment/tileset_29.asset
  artifactKey: Guid(3cd8810b0a5796e4bacc21a5b6f8b23d) Importer(815301076,1909f56bfc062723c751e8b465ee728b)
Start importing Assets/Packs/Sunny Land Forest Assets/Artwork/Environment/tileset_29.asset using Guid(3cd8810b0a5796e4bacc21a5b6f8b23d) Importer(815301076,1909f56bfc062723c751e8b465ee728b)  -> (artifact id: '2d29e7d1b48236215cc14145dccf2eb7') in 0.016559 seconds
  Import took 0.023653 seconds .

========================================================================
Received Import Request.
  Time since last request: 0.000314 seconds.
  path: Assets/Packs/Sunny Land Forest Assets/Artwork/Environment/tileset_13.asset
  artifactKey: Guid(44de3ce40f5293d43ba21f1c1d285f0e) Importer(815301076,1909f56bfc062723c751e8b465ee728b)
Start importing Assets/Packs/Sunny Land Forest Assets/Artwork/Environment/tileset_13.asset using Guid(44de3ce40f5293d43ba21f1c1d285f0e) Importer(815301076,1909f56bfc062723c751e8b465ee728b)  -> (artifact id: '2adddcaa2e5e2d8310910c9463f6374e') in 0.018036 seconds
  Import took 0.027990 seconds .

========================================================================
Received Import Request.
  Time since last request: 0.000279 seconds.
  path: Assets/Packs/Sunny Land Forest Assets/Artwork/Environment/tileset_41.asset
  artifactKey: Guid(6ec44eff682f5d645999bdfe42a9d6b7) Importer(815301076,1909f56bfc062723c751e8b465ee728b)
Start importing Assets/Packs/Sunny Land Forest Assets/Artwork/Environment/tileset_41.asset using Guid(6ec44eff682f5d645999bdfe42a9d6b7) Importer(815301076,1909f56bfc062723c751e8b465ee728b)  -> (artifact id: '7e5178a3bb3d8309910e35cd126363e7') in 0.016503 seconds
  Import took 0.025724 seconds .

========================================================================
Received Import Request.
  Time since last request: 0.000385 seconds.
  path: Assets/Packs/Sunny Land Forest Assets/Artwork/Environment/tileset_9.asset
  artifactKey: Guid(061d033106a3e9941a87800c72b8a074) Importer(815301076,1909f56bfc062723c751e8b465ee728b)
Start importing Assets/Packs/Sunny Land Forest Assets/Artwork/Environment/tileset_9.asset using Guid(061d033106a3e9941a87800c72b8a074) Importer(815301076,1909f56bfc062723c751e8b465ee728b)  -> (artifact id: '37a6138ec7ba4abfcb0d76e2a6f0f255') in 0.017768 seconds
  Import took 0.025881 seconds .

========================================================================
Received Import Request.
  Time since last request: 0.000353 seconds.
  path: Assets/Packs/Sunny Land Forest Assets/Artwork/Environment/tileset_26.asset
  artifactKey: Guid(6ac60513a2a6af640a417c1edd5d0ba3) Importer(815301076,1909f56bfc062723c751e8b465ee728b)
Start importing Assets/Packs/Sunny Land Forest Assets/Artwork/Environment/tileset_26.asset using Guid(6ac60513a2a6af640a417c1edd5d0ba3) Importer(815301076,1909f56bfc062723c751e8b465ee728b)  -> (artifact id: 'fe320ad744353eab3c852dc5aa5d0d30') in 0.016456 seconds
  Import took 0.023460 seconds .

========================================================================
Received Import Request.
  Time since last request: 0.000208 seconds.
  path: Assets/Packs/Sunny Land Forest Assets/Artwork/Environment/tileset_4.asset
  artifactKey: Guid(8a4da321f610ec94b86fe2d4d0b44663) Importer(815301076,1909f56bfc062723c751e8b465ee728b)
Start importing Assets/Packs/Sunny Land Forest Assets/Artwork/Environment/tileset_4.asset using Guid(8a4da321f610ec94b86fe2d4d0b44663) Importer(815301076,1909f56bfc062723c751e8b465ee728b)  -> (artifact id: '962b4bb2e14604e86f354964ee7d9264') in 0.018516 seconds
  Import took 0.026413 seconds .

========================================================================
Received Import Request.
  Time since last request: 0.000297 seconds.
  path: Assets/Packs/Sunny Land Forest Assets/Artwork/Environment/tileset_42.asset
  artifactKey: Guid(d9b4a2c7fcfb4954b84f24d4d3e876bc) Importer(815301076,1909f56bfc062723c751e8b465ee728b)
Start importing Assets/Packs/Sunny Land Forest Assets/Artwork/Environment/tileset_42.asset using Guid(d9b4a2c7fcfb4954b84f24d4d3e876bc) Importer(815301076,1909f56bfc062723c751e8b465ee728b)  -> (artifact id: 'c2237a2a380e3592adb372560ce154b5') in 0.019031 seconds
  Import took 0.027031 seconds .

========================================================================
Received Import Request.
  Time since last request: 0.000271 seconds.
  path: Assets/Packs/Sunny Land Forest Assets/Artwork/Environment/tileset_5.asset
  artifactKey: Guid(500f5eb5e77ec774bb3cc1f78104f231) Importer(815301076,1909f56bfc062723c751e8b465ee728b)
Start importing Assets/Packs/Sunny Land Forest Assets/Artwork/Environment/tileset_5.asset using Guid(500f5eb5e77ec774bb3cc1f78104f231) Importer(815301076,1909f56bfc062723c751e8b465ee728b)  -> (artifact id: '0087e1fb9433ef665ad4b758a50551ee') in 0.017011 seconds
  Import took 0.025934 seconds .

========================================================================
Received Import Request.
  Time since last request: 0.000341 seconds.
  path: Assets/Packs/Sunny Land Forest Assets/Artwork/Environment/tileset_32.asset
  artifactKey: Guid(3374a3c96bd2cf6448984437b8de26a5) Importer(815301076,1909f56bfc062723c751e8b465ee728b)
Start importing Assets/Packs/Sunny Land Forest Assets/Artwork/Environment/tileset_32.asset using Guid(3374a3c96bd2cf6448984437b8de26a5) Importer(815301076,1909f56bfc062723c751e8b465ee728b)  -> (artifact id: '1c098dc8589da8dbd9e0cc4a284f4996') in 0.019103 seconds
  Import took 0.027463 seconds .

========================================================================
Received Import Request.
  Time since last request: 0.000326 seconds.
  path: Assets/Packs/Sunny Land Forest Assets/Artwork/Environment/tileset_23.asset
  artifactKey: Guid(decdcfeb79482f64d887f48b0a46e116) Importer(815301076,1909f56bfc062723c751e8b465ee728b)
Start importing Assets/Packs/Sunny Land Forest Assets/Artwork/Environment/tileset_23.asset using Guid(decdcfeb79482f64d887f48b0a46e116) Importer(815301076,1909f56bfc062723c751e8b465ee728b)  -> (artifact id: 'e9684a4dc472e9a40134ef0865beebfa') in 0.019789 seconds
  Import took 0.027990 seconds .

========================================================================
Received Import Request.
  Time since last request: 0.000218 seconds.
  path: Assets/Packs/Sunny Land Forest Assets/Artwork/Environment/tileset_43.asset
  artifactKey: Guid(3e2a7bf5551cade4faa730d7e2f1e556) Importer(815301076,1909f56bfc062723c751e8b465ee728b)
Start importing Assets/Packs/Sunny Land Forest Assets/Artwork/Environment/tileset_43.asset using Guid(3e2a7bf5551cade4faa730d7e2f1e556) Importer(815301076,1909f56bfc062723c751e8b465ee728b)  -> (artifact id: '3b2457dca770a6f5d5aaeb5652ad7f6a') in 0.017298 seconds
  Import took 0.024357 seconds .

========================================================================
Received Import Request.
  Time since last request: 0.000511 seconds.
  path: Assets/Packs/Sunny Land Forest Assets/Artwork/Environment/tileset_38.asset
  artifactKey: Guid(4fb8f4c63ab4e124bae757e5cce8b4dd) Importer(815301076,1909f56bfc062723c751e8b465ee728b)
Start importing Assets/Packs/Sunny Land Forest Assets/Artwork/Environment/tileset_38.asset using Guid(4fb8f4c63ab4e124bae757e5cce8b4dd) Importer(815301076,1909f56bfc062723c751e8b465ee728b)  -> (artifact id: '723a8b5ddd6a3917d0693dd694062c74') in 0.018029 seconds
  Import took 0.026164 seconds .

========================================================================
Received Import Request.
  Time since last request: 0.000241 seconds.
  path: Assets/Packs/Sunny Land Forest Assets/Artwork/Environment/tileset_3.asset
  artifactKey: Guid(b1c7bc51eda4acd4a951cf9ce848983e) Importer(815301076,1909f56bfc062723c751e8b465ee728b)
Start importing Assets/Packs/Sunny Land Forest Assets/Artwork/Environment/tileset_3.asset using Guid(b1c7bc51eda4acd4a951cf9ce848983e) Importer(815301076,1909f56bfc062723c751e8b465ee728b)  -> (artifact id: 'a2169d14147dae8ec724fc9f91724c5d') in 0.018970 seconds
  Import took 0.030346 seconds .

========================================================================
Received Import Request.
  Time since last request: 0.000291 seconds.
  path: Assets/Packs/Sunny Land Forest Assets/Artwork/Environment/tileset_10.asset
  artifactKey: Guid(eb70078aa8af95148aa64dbb60d15168) Importer(815301076,1909f56bfc062723c751e8b465ee728b)
Start importing Assets/Packs/Sunny Land Forest Assets/Artwork/Environment/tileset_10.asset using Guid(eb70078aa8af95148aa64dbb60d15168) Importer(815301076,1909f56bfc062723c751e8b465ee728b)  -> (artifact id: 'e57397149a44d56843cad0175e3aa437') in 0.024317 seconds
  Import took 0.037080 seconds .

========================================================================
Received Import Request.
  Time since last request: 0.000320 seconds.
  path: Assets/Packs/Sunny Land Forest Assets/Artwork/Environment/tileset_11.asset
  artifactKey: Guid(e5b6761b4366ec7499c0e06aa5a91afc) Importer(815301076,1909f56bfc062723c751e8b465ee728b)
Start importing Assets/Packs/Sunny Land Forest Assets/Artwork/Environment/tileset_11.asset using Guid(e5b6761b4366ec7499c0e06aa5a91afc) Importer(815301076,1909f56bfc062723c751e8b465ee728b)  -> (artifact id: 'd299e70c8779dd697fa1039f1760e3b3') in 0.019908 seconds
  Import took 0.030982 seconds .

========================================================================
Received Import Request.
  Time since last request: 0.000257 seconds.
  path: Assets/Packs/Sunny Land Forest Assets/Artwork/Environment/tileset_10.asset
  artifactKey: Guid(eb70078aa8af95148aa64dbb60d15168) Importer(815301076,1909f56bfc062723c751e8b465ee728b)
Start importing Assets/Packs/Sunny Land Forest Assets/Artwork/Environment/tileset_10.asset using Guid(eb70078aa8af95148aa64dbb60d15168) Importer(815301076,1909f56bfc062723c751e8b465ee728b)  -> (artifact id: 'e57397149a44d56843cad0175e3aa437') in 0.014347 seconds
  Import took 0.024472 seconds .

========================================================================
Received Import Request.
  Time since last request: 0.000350 seconds.
  path: Assets/Packs/Sunny Land Forest Assets/Artwork/Environment/tileset_40.asset
  artifactKey: Guid(25de9b2e353c05b4393f9819a11cf5a3) Importer(815301076,1909f56bfc062723c751e8b465ee728b)
Start importing Assets/Packs/Sunny Land Forest Assets/Artwork/Environment/tileset_40.asset using Guid(25de9b2e353c05b4393f9819a11cf5a3) Importer(815301076,1909f56bfc062723c751e8b465ee728b)  -> (artifact id: 'a8c7e335294678cb0105a91718dc32c2') in 0.024172 seconds
  Import took 0.035740 seconds .

========================================================================
Received Import Request.
  Time since last request: 0.000496 seconds.
  path: Assets/Packs/Sunny Land Forest Assets/Artwork/Environment/tileset_21.asset
  artifactKey: Guid(921a19c96066543468a0377f82f176b2) Importer(815301076,1909f56bfc062723c751e8b465ee728b)
Start importing Assets/Packs/Sunny Land Forest Assets/Artwork/Environment/tileset_21.asset using Guid(921a19c96066543468a0377f82f176b2) Importer(815301076,1909f56bfc062723c751e8b465ee728b)  -> (artifact id: '76683602ac36c004b3a4e3be66ca918e') in 0.022679 seconds
  Import took 0.035842 seconds .

========================================================================
Received Import Request.
  Time since last request: 0.000279 seconds.
  path: Assets/Packs/Sunny Land Forest Assets/Artwork/Environment/tileset_11.asset
  artifactKey: Guid(e5b6761b4366ec7499c0e06aa5a91afc) Importer(815301076,1909f56bfc062723c751e8b465ee728b)
Start importing Assets/Packs/Sunny Land Forest Assets/Artwork/Environment/tileset_11.asset using Guid(e5b6761b4366ec7499c0e06aa5a91afc) Importer(815301076,1909f56bfc062723c751e8b465ee728b)  -> (artifact id: 'd299e70c8779dd697fa1039f1760e3b3') in 0.011087 seconds
  Import took 0.022610 seconds .

========================================================================
Received Import Request.
  Time since last request: 0.030292 seconds.
  path: Assets/Packs/Sunny Land Forest Assets/Artwork/Environment/tileset_21.asset
  artifactKey: Guid(921a19c96066543468a0377f82f176b2) Importer(815301076,1909f56bfc062723c751e8b465ee728b)
Start importing Assets/Packs/Sunny Land Forest Assets/Artwork/Environment/tileset_21.asset using Guid(921a19c96066543468a0377f82f176b2) Importer(815301076,1909f56bfc062723c751e8b465ee728b)  -> (artifact id: '76683602ac36c004b3a4e3be66ca918e') in 0.011447 seconds
  Import took 0.020718 seconds .

========================================================================
Received Import Request.
  Time since last request: 3.164196 seconds.
  path: Assets/Packs/Sunny Land Forest Assets/Artwork/Environment/tileset_44.asset
  artifactKey: Guid(727052916baf146409ae264343fa92f4) Importer(815301076,1909f56bfc062723c751e8b465ee728b)
Start importing Assets/Packs/Sunny Land Forest Assets/Artwork/Environment/tileset_44.asset using Guid(727052916baf146409ae264343fa92f4) Importer(815301076,1909f56bfc062723c751e8b465ee728b)  -> (artifact id: '2591d3282947d20d56872298c836f6aa') in 0.020641 seconds
  Import took 0.032309 seconds .

========================================================================
Received Import Request.
  Time since last request: 0.000402 seconds.
  path: Assets/Packs/Sunny Land Forest Assets/Artwork/Environment/tileset_48.asset
  artifactKey: Guid(48810f0668ceaf24793114c4e5f81ab0) Importer(815301076,1909f56bfc062723c751e8b465ee728b)
Start importing Assets/Packs/Sunny Land Forest Assets/Artwork/Environment/tileset_48.asset using Guid(48810f0668ceaf24793114c4e5f81ab0) Importer(815301076,1909f56bfc062723c751e8b465ee728b)  -> (artifact id: 'd63b3d1afb192e212659e76e3726e6d2') in 0.020817 seconds
  Import took 0.030508 seconds .

========================================================================
Received Import Request.
  Time since last request: 0.000374 seconds.
  path: Assets/Packs/Sunny Land Forest Assets/Artwork/Environment/tileset_44.asset
  artifactKey: Guid(727052916baf146409ae264343fa92f4) Importer(815301076,1909f56bfc062723c751e8b465ee728b)
Start importing Assets/Packs/Sunny Land Forest Assets/Artwork/Environment/tileset_44.asset using Guid(727052916baf146409ae264343fa92f4) Importer(815301076,1909f56bfc062723c751e8b465ee728b)  -> (artifact id: '2591d3282947d20d56872298c836f6aa') in 0.011695 seconds
  Import took 0.020053 seconds .

========================================================================
Received Import Request.
  Time since last request: 0.000429 seconds.
  path: Assets/Packs/Sunny Land Forest Assets/Artwork/Environment/tileset_54.asset
  artifactKey: Guid(05acf5a526f2d48458c7c575fe9b63fa) Importer(815301076,1909f56bfc062723c751e8b465ee728b)
Start importing Assets/Packs/Sunny Land Forest Assets/Artwork/Environment/tileset_54.asset using Guid(05acf5a526f2d48458c7c575fe9b63fa) Importer(815301076,1909f56bfc062723c751e8b465ee728b)  -> (artifact id: 'ae4e089b61efe7a6aaabd77fae88852d') in 0.018933 seconds
  Import took 0.029117 seconds .

========================================================================
Received Import Request.
  Time since last request: 0.000291 seconds.
  path: Assets/Packs/Sunny Land Forest Assets/Artwork/Environment/tileset_49.asset
  artifactKey: Guid(d9361df9c7e657c458ebd8385749c106) Importer(815301076,1909f56bfc062723c751e8b465ee728b)
Start importing Assets/Packs/Sunny Land Forest Assets/Artwork/Environment/tileset_49.asset using Guid(d9361df9c7e657c458ebd8385749c106) Importer(815301076,1909f56bfc062723c751e8b465ee728b)  -> (artifact id: '23dc5afa277a9afbabff72a49573888e') in 0.019238 seconds
  Import took 0.029382 seconds .

========================================================================
Received Import Request.
  Time since last request: 0.000333 seconds.
  path: Assets/Packs/Sunny Land Forest Assets/Artwork/Environment/tileset_50.asset
  artifactKey: Guid(d79289b839f48fc49943f9d95cd49e8d) Importer(815301076,1909f56bfc062723c751e8b465ee728b)
Start importing Assets/Packs/Sunny Land Forest Assets/Artwork/Environment/tileset_50.asset using Guid(d79289b839f48fc49943f9d95cd49e8d) Importer(815301076,1909f56bfc062723c751e8b465ee728b)  -> (artifact id: '956bdb2b2720da4bfc6eec17222a11c0') in 0.018590 seconds
  Import took 0.027002 seconds .

========================================================================
Received Import Request.
  Time since last request: 0.000316 seconds.
  path: Assets/Packs/Sunny Land Forest Assets/Artwork/Environment/tileset_52.asset
  artifactKey: Guid(08950a04b80f88b4a867b97916f437c0) Importer(815301076,1909f56bfc062723c751e8b465ee728b)
Start importing Assets/Packs/Sunny Land Forest Assets/Artwork/Environment/tileset_52.asset using Guid(08950a04b80f88b4a867b97916f437c0) Importer(815301076,1909f56bfc062723c751e8b465ee728b)  -> (artifact id: 'acf8df20a65c46d4e94b711d5b074cbe') in 0.016582 seconds
  Import took 0.026012 seconds .

========================================================================
Received Import Request.
  Time since last request: 0.000455 seconds.
  path: Assets/Packs/Sunny Land Forest Assets/Artwork/Environment/tileset_55.asset
  artifactKey: Guid(1d459cc77ceba6d47bc5fa5c7dd55622) Importer(815301076,1909f56bfc062723c751e8b465ee728b)
Start importing Assets/Packs/Sunny Land Forest Assets/Artwork/Environment/tileset_55.asset using Guid(1d459cc77ceba6d47bc5fa5c7dd55622) Importer(815301076,1909f56bfc062723c751e8b465ee728b)  -> (artifact id: 'b24e798e85648e3b4c6bd63c554956c4') in 0.017047 seconds
  Import took 0.025874 seconds .

========================================================================
Received Import Request.
  Time since last request: 0.000228 seconds.
  path: Assets/Packs/Sunny Land Forest Assets/Artwork/Environment/tileset_59.asset
  artifactKey: Guid(e3a65cc2fb49b3b4c9fb2f2d13b658a6) Importer(815301076,1909f56bfc062723c751e8b465ee728b)
Start importing Assets/Packs/Sunny Land Forest Assets/Artwork/Environment/tileset_59.asset using Guid(e3a65cc2fb49b3b4c9fb2f2d13b658a6) Importer(815301076,1909f56bfc062723c751e8b465ee728b)  -> (artifact id: '3773b1f42e5df4cb39a3fbd019989387') in 0.017662 seconds
  Import took 0.025726 seconds .

========================================================================
Received Import Request.
  Time since last request: 0.000276 seconds.
  path: Assets/Packs/Sunny Land Forest Assets/Artwork/Environment/tileset_61.asset
  artifactKey: Guid(29e8421a03eab144d88f768e6d99b0fc) Importer(815301076,1909f56bfc062723c751e8b465ee728b)
Start importing Assets/Packs/Sunny Land Forest Assets/Artwork/Environment/tileset_61.asset using Guid(29e8421a03eab144d88f768e6d99b0fc) Importer(815301076,1909f56bfc062723c751e8b465ee728b)  -> (artifact id: '14c5e8a735886376adb9c15902415b1c') in 0.017913 seconds
  Import took 0.026240 seconds .

========================================================================
Received Import Request.
  Time since last request: 0.000554 seconds.
  path: Assets/Packs/Sunny Land Forest Assets/Artwork/Environment/tileset_64.asset
  artifactKey: Guid(2f204f56c1d821c48856a914c55539fd) Importer(815301076,1909f56bfc062723c751e8b465ee728b)
Start importing Assets/Packs/Sunny Land Forest Assets/Artwork/Environment/tileset_64.asset using Guid(2f204f56c1d821c48856a914c55539fd) Importer(815301076,1909f56bfc062723c751e8b465ee728b)  -> (artifact id: '6b5f269715e55a88239ad606099f9381') in 0.017019 seconds
  Import took 0.026164 seconds .

========================================================================
Received Import Request.
  Time since last request: 0.000280 seconds.
  path: Assets/Packs/Sunny Land Forest Assets/Artwork/Environment/tileset_65.asset
  artifactKey: Guid(23623ccce222ed149b409150850f79d3) Importer(815301076,1909f56bfc062723c751e8b465ee728b)
Start importing Assets/Packs/Sunny Land Forest Assets/Artwork/Environment/tileset_65.asset using Guid(23623ccce222ed149b409150850f79d3) Importer(815301076,1909f56bfc062723c751e8b465ee728b)  -> (artifact id: '18cc9753a112cb2326a2e687acc6ed11') in 0.020240 seconds
  Import took 0.027794 seconds .

========================================================================
Received Import Request.
  Time since last request: 0.000456 seconds.
  path: Assets/Packs/Sunny Land Forest Assets/Artwork/Environment/tileset_60.asset
  artifactKey: Guid(36fc7c4d00bc2504689e3e7aa9b0ddb4) Importer(815301076,1909f56bfc062723c751e8b465ee728b)
Start importing Assets/Packs/Sunny Land Forest Assets/Artwork/Environment/tileset_60.asset using Guid(36fc7c4d00bc2504689e3e7aa9b0ddb4) Importer(815301076,1909f56bfc062723c751e8b465ee728b)  -> (artifact id: '7ba71505bc1823c51ee4da834ccaf2e3') in 0.020922 seconds
  Import took 0.028793 seconds .

========================================================================
Received Import Request.
  Time since last request: 0.000248 seconds.
  path: Assets/Packs/Sunny Land Forest Assets/Artwork/Environment/tileset_57.asset
  artifactKey: Guid(5a56178f28671004bb5bd5498c8d29d2) Importer(815301076,1909f56bfc062723c751e8b465ee728b)
Start importing Assets/Packs/Sunny Land Forest Assets/Artwork/Environment/tileset_57.asset using Guid(5a56178f28671004bb5bd5498c8d29d2) Importer(815301076,1909f56bfc062723c751e8b465ee728b)  -> (artifact id: '34fa35867fefae40b5319cb4aef8bde2') in 0.018403 seconds
  Import took 0.027586 seconds .

========================================================================
Received Import Request.
  Time since last request: 0.000306 seconds.
  path: Assets/Packs/Sunny Land Forest Assets/Artwork/Environment/tileset_58.asset
  artifactKey: Guid(6a78ac0e033c80e45a8aebb10fb0cf63) Importer(815301076,1909f56bfc062723c751e8b465ee728b)
Start importing Assets/Packs/Sunny Land Forest Assets/Artwork/Environment/tileset_58.asset using Guid(6a78ac0e033c80e45a8aebb10fb0cf63) Importer(815301076,1909f56bfc062723c751e8b465ee728b)  -> (artifact id: 'd5121c8f5633f3ba18da52b9b18bef34') in 0.018240 seconds
  Import took 0.024991 seconds .

========================================================================
Received Import Request.
  Time since last request: 0.000305 seconds.
  path: Assets/Packs/Sunny Land Forest Assets/Artwork/Environment/tileset_66.asset
  artifactKey: Guid(d01e7ea2215af344393d2ddecd3b7b0b) Importer(815301076,1909f56bfc062723c751e8b465ee728b)
Start importing Assets/Packs/Sunny Land Forest Assets/Artwork/Environment/tileset_66.asset using Guid(d01e7ea2215af344393d2ddecd3b7b0b) Importer(815301076,1909f56bfc062723c751e8b465ee728b)  -> (artifact id: '9cc4c3a546b050e0d245b735fb18bc08') in 0.016377 seconds
  Import took 0.024211 seconds .

========================================================================
Received Import Request.
  Time since last request: 0.000244 seconds.
  path: Assets/Packs/Sunny Land Forest Assets/Artwork/Environment/tileset_51.asset
  artifactKey: Guid(8dbaf8ceb6a8d06469de99198957e578) Importer(815301076,1909f56bfc062723c751e8b465ee728b)
Start importing Assets/Packs/Sunny Land Forest Assets/Artwork/Environment/tileset_51.asset using Guid(8dbaf8ceb6a8d06469de99198957e578) Importer(815301076,1909f56bfc062723c751e8b465ee728b)  -> (artifact id: '4d145533f2c41def636314235a8abaa5') in 0.017392 seconds
  Import took 0.025551 seconds .

========================================================================
Received Import Request.
  Time since last request: 0.000338 seconds.
  path: Assets/Packs/Sunny Land Forest Assets/Artwork/Environment/tileset_46.asset
  artifactKey: Guid(4cd49d911e50cf144873f436429641e2) Importer(815301076,1909f56bfc062723c751e8b465ee728b)
Start importing Assets/Packs/Sunny Land Forest Assets/Artwork/Environment/tileset_46.asset using Guid(4cd49d911e50cf144873f436429641e2) Importer(815301076,1909f56bfc062723c751e8b465ee728b)  -> (artifact id: '9c3209dd94f862500edaa5046dd2b1ff') in 0.015347 seconds
  Import took 0.023391 seconds .

========================================================================
Received Import Request.
  Time since last request: 0.000309 seconds.
  path: Assets/Packs/Sunny Land Forest Assets/Artwork/Environment/tileset_73.asset
  artifactKey: Guid(798eb9d36fba0a346b39c4312937b018) Importer(815301076,1909f56bfc062723c751e8b465ee728b)
Start importing Assets/Packs/Sunny Land Forest Assets/Artwork/Environment/tileset_73.asset using Guid(798eb9d36fba0a346b39c4312937b018) Importer(815301076,1909f56bfc062723c751e8b465ee728b)  -> (artifact id: 'bf74fcf1d31184d274de4c2ab1b1a6e6') in 0.018385 seconds
  Import took 0.025925 seconds .

========================================================================
Received Import Request.
  Time since last request: 0.000334 seconds.
  path: Assets/Packs/Sunny Land Forest Assets/Artwork/Environment/tileset_70.asset
  artifactKey: Guid(c06281ebe77112c4ab56e13a7e8fe16d) Importer(815301076,1909f56bfc062723c751e8b465ee728b)
Start importing Assets/Packs/Sunny Land Forest Assets/Artwork/Environment/tileset_70.asset using Guid(c06281ebe77112c4ab56e13a7e8fe16d) Importer(815301076,1909f56bfc062723c751e8b465ee728b)  -> (artifact id: '7f70c0558536df0d57a66a5afaed1563') in 0.020651 seconds
  Import took 0.028324 seconds .

========================================================================
Received Import Request.
  Time since last request: 0.000345 seconds.
  path: Assets/Packs/Sunny Land Forest Assets/Artwork/Environment/tileset_86.asset
  artifactKey: Guid(76d7afb3c8480f143845034b782855c0) Importer(815301076,1909f56bfc062723c751e8b465ee728b)
Start importing Assets/Packs/Sunny Land Forest Assets/Artwork/Environment/tileset_86.asset using Guid(76d7afb3c8480f143845034b782855c0) Importer(815301076,1909f56bfc062723c751e8b465ee728b)  -> (artifact id: '2ab678f1305ef40ccf411b44ab65d2b3') in 0.020545 seconds
  Import took 0.027627 seconds .

========================================================================
Received Import Request.
  Time since last request: 0.000342 seconds.
  path: Assets/Packs/Sunny Land Forest Assets/Artwork/Environment/tileset_82.asset
  artifactKey: Guid(2ea5634adf0ad794a882ec0ce8d7697e) Importer(815301076,1909f56bfc062723c751e8b465ee728b)
Start importing Assets/Packs/Sunny Land Forest Assets/Artwork/Environment/tileset_82.asset using Guid(2ea5634adf0ad794a882ec0ce8d7697e) Importer(815301076,1909f56bfc062723c751e8b465ee728b)  -> (artifact id: 'ef84f28270e80d70dcdddfe5444b3fe0') in 0.019607 seconds
  Import took 0.026378 seconds .

========================================================================
Received Import Request.
  Time since last request: 0.000766 seconds.
  path: Assets/Packs/Sunny Land Forest Assets/Artwork/Environment/tileset_72.asset
  artifactKey: Guid(367855719bd669b43b224c514577b075) Importer(815301076,1909f56bfc062723c751e8b465ee728b)
Start importing Assets/Packs/Sunny Land Forest Assets/Artwork/Environment/tileset_72.asset using Guid(367855719bd669b43b224c514577b075) Importer(815301076,1909f56bfc062723c751e8b465ee728b)  -> (artifact id: '387c9bdae5c40245da5292c59a7dd64c') in 0.020310 seconds
  Import took 0.029578 seconds .

========================================================================
Received Import Request.
  Time since last request: 0.000278 seconds.
  path: Assets/Packs/Sunny Land Forest Assets/Artwork/Environment/tileset_81.asset
  artifactKey: Guid(1c6ed8e720d686b4b987f41e1807dea4) Importer(815301076,1909f56bfc062723c751e8b465ee728b)
Start importing Assets/Packs/Sunny Land Forest Assets/Artwork/Environment/tileset_81.asset using Guid(1c6ed8e720d686b4b987f41e1807dea4) Importer(815301076,1909f56bfc062723c751e8b465ee728b)  -> (artifact id: 'f44d89dd97651f6d63c0323224291b79') in 0.016659 seconds
  Import took 0.024714 seconds .

========================================================================
Received Import Request.
  Time since last request: 0.000318 seconds.
  path: Assets/Packs/Sunny Land Forest Assets/Artwork/Environment/tileset_90.asset
  artifactKey: Guid(c4df452f551a85c41b3c351e2d008c0c) Importer(815301076,1909f56bfc062723c751e8b465ee728b)
Start importing Assets/Packs/Sunny Land Forest Assets/Artwork/Environment/tileset_90.asset using Guid(c4df452f551a85c41b3c351e2d008c0c) Importer(815301076,1909f56bfc062723c751e8b465ee728b)  -> (artifact id: 'b807ef85323ad0fa2186fda01f16df3c') in 0.018243 seconds
  Import took 0.026444 seconds .

========================================================================
Received Import Request.
  Time since last request: 0.000308 seconds.
  path: Assets/Packs/Sunny Land Forest Assets/Artwork/Environment/tileset_91.asset
  artifactKey: Guid(bd64db8519ac21c4a8a3b0b83d065af8) Importer(815301076,1909f56bfc062723c751e8b465ee728b)
Start importing Assets/Packs/Sunny Land Forest Assets/Artwork/Environment/tileset_91.asset using Guid(bd64db8519ac21c4a8a3b0b83d065af8) Importer(815301076,1909f56bfc062723c751e8b465ee728b)  -> (artifact id: '142d6fa65bd38dc8788c7500f1b67724') in 0.020036 seconds
  Import took 0.029079 seconds .

========================================================================
Received Import Request.
  Time since last request: 0.000254 seconds.
  path: Assets/Packs/Sunny Land Forest Assets/Artwork/Environment/tileset_69.asset
  artifactKey: Guid(1a553d2bd3219a34c8e3e0e1c272e393) Importer(815301076,1909f56bfc062723c751e8b465ee728b)
Start importing Assets/Packs/Sunny Land Forest Assets/Artwork/Environment/tileset_69.asset using Guid(1a553d2bd3219a34c8e3e0e1c272e393) Importer(815301076,1909f56bfc062723c751e8b465ee728b)  -> (artifact id: '572d11d976f161f82632f9f03c72a396') in 0.017396 seconds
  Import took 0.025948 seconds .

========================================================================
Received Import Request.
  Time since last request: 0.000324 seconds.
  path: Assets/Packs/Sunny Land Forest Assets/Artwork/Environment/tileset_53.asset
  artifactKey: Guid(e5240e9f9f90b9846935ac2530cce1f1) Importer(815301076,1909f56bfc062723c751e8b465ee728b)
Start importing Assets/Packs/Sunny Land Forest Assets/Artwork/Environment/tileset_53.asset using Guid(e5240e9f9f90b9846935ac2530cce1f1) Importer(815301076,1909f56bfc062723c751e8b465ee728b)  -> (artifact id: '28268b90ffb86d5891ca74f3f21ce6a8') in 0.018871 seconds
  Import took 0.026882 seconds .

========================================================================
Received Import Request.
  Time since last request: 0.000326 seconds.
  path: Assets/Packs/Sunny Land Forest Assets/Artwork/Environment/tileset_68.asset
  artifactKey: Guid(f23e08de229a34440aed6dc438568691) Importer(815301076,1909f56bfc062723c751e8b465ee728b)
Start importing Assets/Packs/Sunny Land Forest Assets/Artwork/Environment/tileset_68.asset using Guid(f23e08de229a34440aed6dc438568691) Importer(815301076,1909f56bfc062723c751e8b465ee728b)  -> (artifact id: '92592a69c41365155d1d197d5c507d9f') in 0.020831 seconds
  Import took 0.031082 seconds .

========================================================================
Received Import Request.
  Time since last request: 0.000257 seconds.
  path: Assets/Packs/Sunny Land Forest Assets/Artwork/Environment/tileset_89.asset
  artifactKey: Guid(463fc511d2cb85746bf8d490e6ad8551) Importer(815301076,1909f56bfc062723c751e8b465ee728b)
Start importing Assets/Packs/Sunny Land Forest Assets/Artwork/Environment/tileset_89.asset using Guid(463fc511d2cb85746bf8d490e6ad8551) Importer(815301076,1909f56bfc062723c751e8b465ee728b)  -> (artifact id: '1afb68a19f33b50f5fe6ece70b059e45') in 0.016140 seconds
  Import took 0.023431 seconds .

========================================================================
Received Import Request.
  Time since last request: 0.000309 seconds.
  path: Assets/Packs/Sunny Land Forest Assets/Artwork/Environment/tileset_103.asset
  artifactKey: Guid(5c3abdcc66403bf4098f1ab0f60886b4) Importer(815301076,1909f56bfc062723c751e8b465ee728b)
Start importing Assets/Packs/Sunny Land Forest Assets/Artwork/Environment/tileset_103.asset using Guid(5c3abdcc66403bf4098f1ab0f60886b4) Importer(815301076,1909f56bfc062723c751e8b465ee728b)  -> (artifact id: '333ad557cfed3e959d8924a26b6ae3be') in 0.021488 seconds
  Import took 0.029493 seconds .

========================================================================
Received Import Request.
  Time since last request: 0.000273 seconds.
  path: Assets/Packs/Sunny Land Forest Assets/Artwork/Environment/tileset_101.asset
  artifactKey: Guid(182f8395dcb0c924ba99562ae46d9ea3) Importer(815301076,1909f56bfc062723c751e8b465ee728b)
Start importing Assets/Packs/Sunny Land Forest Assets/Artwork/Environment/tileset_101.asset using Guid(182f8395dcb0c924ba99562ae46d9ea3) Importer(815301076,1909f56bfc062723c751e8b465ee728b)  -> (artifact id: 'bbac7e1dff5d3cd1668265129d28577c') in 0.020858 seconds
  Import took 0.030273 seconds .

========================================================================
Received Import Request.
  Time since last request: 0.000291 seconds.
  path: Assets/Packs/Sunny Land Forest Assets/Artwork/Environment/tileset_97.asset
  artifactKey: Guid(3b7ec76b1f1f5af42875a1c18fb75830) Importer(815301076,1909f56bfc062723c751e8b465ee728b)
Start importing Assets/Packs/Sunny Land Forest Assets/Artwork/Environment/tileset_97.asset using Guid(3b7ec76b1f1f5af42875a1c18fb75830) Importer(815301076,1909f56bfc062723c751e8b465ee728b)  -> (artifact id: 'bb2a76e593a225326e093b110d32f7f1') in 0.018267 seconds
  Import took 0.026899 seconds .

========================================================================
Received Import Request.
  Time since last request: 0.000277 seconds.
  path: Assets/Packs/Sunny Land Forest Assets/Artwork/Environment/tileset_105.asset
  artifactKey: Guid(ad4d5e0ce8c824e4fa5a4ef2155364da) Importer(815301076,1909f56bfc062723c751e8b465ee728b)
Start importing Assets/Packs/Sunny Land Forest Assets/Artwork/Environment/tileset_105.asset using Guid(ad4d5e0ce8c824e4fa5a4ef2155364da) Importer(815301076,1909f56bfc062723c751e8b465ee728b)  -> (artifact id: '7033c33b7d28fa03c249f53c37426c30') in 0.018702 seconds
  Import took 0.027133 seconds .

========================================================================
Received Import Request.
  Time since last request: 0.000244 seconds.
  path: Assets/Packs/Sunny Land Forest Assets/Artwork/Environment/tileset_108.asset
  artifactKey: Guid(22c5e45e5ebfaca40beacfbb83ee246f) Importer(815301076,1909f56bfc062723c751e8b465ee728b)
Start importing Assets/Packs/Sunny Land Forest Assets/Artwork/Environment/tileset_108.asset using Guid(22c5e45e5ebfaca40beacfbb83ee246f) Importer(815301076,1909f56bfc062723c751e8b465ee728b)  -> (artifact id: 'e3314420559e9f8ceffe294064a8d48a') in 0.019130 seconds
  Import took 0.026103 seconds .

========================================================================
Received Import Request.
  Time since last request: 0.000438 seconds.
  path: Assets/Packs/Sunny Land Forest Assets/Artwork/Environment/tileset_107.asset
  artifactKey: Guid(b17b107f0e6cab3468340ed7b91d9c9c) Importer(815301076,1909f56bfc062723c751e8b465ee728b)
Start importing Assets/Packs/Sunny Land Forest Assets/Artwork/Environment/tileset_107.asset using Guid(b17b107f0e6cab3468340ed7b91d9c9c) Importer(815301076,1909f56bfc062723c751e8b465ee728b)  -> (artifact id: '03a7dbdd08e99836bc1d4b21ec0e6139') in 0.016580 seconds
  Import took 0.025728 seconds .

========================================================================
Received Import Request.
  Time since last request: 0.000260 seconds.
  path: Assets/Packs/Sunny Land Forest Assets/Artwork/Environment/tileset_94.asset
  artifactKey: Guid(18f04a118e1ba6b458bb82f9739406fd) Importer(815301076,1909f56bfc062723c751e8b465ee728b)
Start importing Assets/Packs/Sunny Land Forest Assets/Artwork/Environment/tileset_94.asset using Guid(18f04a118e1ba6b458bb82f9739406fd) Importer(815301076,1909f56bfc062723c751e8b465ee728b)  -> (artifact id: 'cbc687d3de3d43af586fe84ccd4f469c') in 0.018417 seconds
  Import took 0.026456 seconds .

========================================================================
Received Import Request.
  Time since last request: 0.000291 seconds.
  path: Assets/Packs/Sunny Land Forest Assets/Artwork/Environment/tileset_95.asset
  artifactKey: Guid(16c2f9e21578da14386722772d92eb67) Importer(815301076,1909f56bfc062723c751e8b465ee728b)
Start importing Assets/Packs/Sunny Land Forest Assets/Artwork/Environment/tileset_95.asset using Guid(16c2f9e21578da14386722772d92eb67) Importer(815301076,1909f56bfc062723c751e8b465ee728b)  -> (artifact id: '1edb37a8d9146b1a7018340dec4cb35a') in 0.017329 seconds
  Import took 0.026377 seconds .

========================================================================
Received Import Request.
  Time since last request: 0.000240 seconds.
  path: Assets/Packs/Sunny Land Forest Assets/Artwork/Environment/tileset_96.asset
  artifactKey: Guid(f0347b3c94a1cc940a4ae2e3b07fe14a) Importer(815301076,1909f56bfc062723c751e8b465ee728b)
Start importing Assets/Packs/Sunny Land Forest Assets/Artwork/Environment/tileset_96.asset using Guid(f0347b3c94a1cc940a4ae2e3b07fe14a) Importer(815301076,1909f56bfc062723c751e8b465ee728b)  -> (artifact id: '88d1bd0363f17745771ca8e77588fc67') in 0.017739 seconds
  Import took 0.024762 seconds .

========================================================================
Received Import Request.
  Time since last request: 0.000287 seconds.
  path: Assets/Packs/Sunny Land Forest Assets/Artwork/Environment/tileset_76.asset
  artifactKey: Guid(9c9ad833a86368c4eb12fb8ff2122e20) Importer(815301076,1909f56bfc062723c751e8b465ee728b)
Start importing Assets/Packs/Sunny Land Forest Assets/Artwork/Environment/tileset_76.asset using Guid(9c9ad833a86368c4eb12fb8ff2122e20) Importer(815301076,1909f56bfc062723c751e8b465ee728b)  -> (artifact id: 'ca2ba0aa6bc3b1f14be903160a12d9ce') in 0.019927 seconds
  Import took 0.027325 seconds .

========================================================================
Received Import Request.
  Time since last request: 0.000300 seconds.
  path: Assets/Packs/Sunny Land Forest Assets/Artwork/Environment/tileset_85.asset
  artifactKey: Guid(289fc4a603a6b3746a01a9fbc77acc26) Importer(815301076,1909f56bfc062723c751e8b465ee728b)
Start importing Assets/Packs/Sunny Land Forest Assets/Artwork/Environment/tileset_85.asset using Guid(289fc4a603a6b3746a01a9fbc77acc26) Importer(815301076,1909f56bfc062723c751e8b465ee728b)  -> (artifact id: 'a10ef5d355efc20996a19078d50c505d') in 0.019096 seconds
  Import took 0.027350 seconds .

========================================================================
Received Import Request.
  Time since last request: 0.000335 seconds.
  path: Assets/Packs/Sunny Land Forest Assets/Artwork/Environment/tileset_87.asset
  artifactKey: Guid(9ff2d41d3c40e6348ba4564d7a13e634) Importer(815301076,1909f56bfc062723c751e8b465ee728b)
Start importing Assets/Packs/Sunny Land Forest Assets/Artwork/Environment/tileset_87.asset using Guid(9ff2d41d3c40e6348ba4564d7a13e634) Importer(815301076,1909f56bfc062723c751e8b465ee728b)  -> (artifact id: 'f639c90ca794ee4133ec54e9360deb21') in 0.017091 seconds
  Import took 0.029811 seconds .

========================================================================
Received Import Request.
  Time since last request: 0.000281 seconds.
  path: Assets/Packs/Sunny Land Forest Assets/Artwork/Environment/tileset_92.asset
  artifactKey: Guid(7cea9f3fa242a6a4bb9e7ad1959cb13b) Importer(815301076,1909f56bfc062723c751e8b465ee728b)
Start importing Assets/Packs/Sunny Land Forest Assets/Artwork/Environment/tileset_92.asset using Guid(7cea9f3fa242a6a4bb9e7ad1959cb13b) Importer(815301076,1909f56bfc062723c751e8b465ee728b)  -> (artifact id: '451e3b7689c297ecd188f05588e9370b') in 0.017448 seconds
  Import took 0.024601 seconds .

========================================================================
Received Import Request.
  Time since last request: 0.000415 seconds.
  path: Assets/Packs/Sunny Land Forest Assets/Artwork/Environment/tileset_75.asset
  artifactKey: Guid(79ecea7ed0283b048ace47c7ec115559) Importer(815301076,1909f56bfc062723c751e8b465ee728b)
Start importing Assets/Packs/Sunny Land Forest Assets/Artwork/Environment/tileset_75.asset using Guid(79ecea7ed0283b048ace47c7ec115559) Importer(815301076,1909f56bfc062723c751e8b465ee728b)  -> (artifact id: 'c5c3c23ef598b11ff8c2c840e8ebf1b6') in 0.017041 seconds
  Import took 0.026108 seconds .

========================================================================
Received Import Request.
  Time since last request: 0.000260 seconds.
  path: Assets/Packs/Sunny Land Forest Assets/Artwork/Environment/tileset_45.asset
  artifactKey: Guid(07fcf65ae5dba8b45b3e4e0f314454dc) Importer(815301076,1909f56bfc062723c751e8b465ee728b)
Start importing Assets/Packs/Sunny Land Forest Assets/Artwork/Environment/tileset_45.asset using Guid(07fcf65ae5dba8b45b3e4e0f314454dc) Importer(815301076,1909f56bfc062723c751e8b465ee728b)  -> (artifact id: 'b22be0187078ef50ca7c455da5448a87') in 0.016549 seconds
  Import took 0.023735 seconds .

========================================================================
Received Import Request.
  Time since last request: 0.000314 seconds.
  path: Assets/Packs/Sunny Land Forest Assets/Artwork/Environment/tileset_83.asset
  artifactKey: Guid(5c911473a97c6cd4f91150788c65d183) Importer(815301076,1909f56bfc062723c751e8b465ee728b)
Start importing Assets/Packs/Sunny Land Forest Assets/Artwork/Environment/tileset_83.asset using Guid(5c911473a97c6cd4f91150788c65d183) Importer(815301076,1909f56bfc062723c751e8b465ee728b)  -> (artifact id: '752ea7dbc1d65df90d277d239ef50d19') in 0.018118 seconds
  Import took 0.025549 seconds .

========================================================================
Received Import Request.
  Time since last request: 0.000275 seconds.
  path: Assets/Packs/Sunny Land Forest Assets/Artwork/Environment/tileset_63.asset
  artifactKey: Guid(672134038ed1c874792f909a64254e3e) Importer(815301076,1909f56bfc062723c751e8b465ee728b)
Start importing Assets/Packs/Sunny Land Forest Assets/Artwork/Environment/tileset_63.asset using Guid(672134038ed1c874792f909a64254e3e) Importer(815301076,1909f56bfc062723c751e8b465ee728b)  -> (artifact id: 'beee0c7d74cd3698b7f518868522eb32') in 0.019956 seconds
  Import took 0.027740 seconds .

========================================================================
Received Import Request.
  Time since last request: 0.000264 seconds.
  path: Assets/Packs/Sunny Land Forest Assets/Artwork/Environment/tileset_74.asset
  artifactKey: Guid(c2a25c3dabb8db74c9827dee8947b403) Importer(815301076,1909f56bfc062723c751e8b465ee728b)
Start importing Assets/Packs/Sunny Land Forest Assets/Artwork/Environment/tileset_74.asset using Guid(c2a25c3dabb8db74c9827dee8947b403) Importer(815301076,1909f56bfc062723c751e8b465ee728b)  -> (artifact id: '70b2d2a5a8a518ba1ca01eb2017b888d') in 0.017709 seconds
  Import took 0.025126 seconds .

========================================================================
Received Import Request.
  Time since last request: 0.000275 seconds.
  path: Assets/Packs/Sunny Land Forest Assets/Artwork/Environment/tileset_84.asset
  artifactKey: Guid(b29595710d9d348448fadd77d219f52d) Importer(815301076,1909f56bfc062723c751e8b465ee728b)
Start importing Assets/Packs/Sunny Land Forest Assets/Artwork/Environment/tileset_84.asset using Guid(b29595710d9d348448fadd77d219f52d) Importer(815301076,1909f56bfc062723c751e8b465ee728b)  -> (artifact id: '40122c9624a560c956ff2a14a9d142c8') in 0.017245 seconds
  Import took 0.029248 seconds .

========================================================================
Received Import Request.
  Time since last request: 0.000301 seconds.
  path: Assets/Packs/Sunny Land Forest Assets/Artwork/Environment/tileset_80.asset
  artifactKey: Guid(03be7034c926fe54aa4f66cc043e1ba1) Importer(815301076,1909f56bfc062723c751e8b465ee728b)
Start importing Assets/Packs/Sunny Land Forest Assets/Artwork/Environment/tileset_80.asset using Guid(03be7034c926fe54aa4f66cc043e1ba1) Importer(815301076,1909f56bfc062723c751e8b465ee728b)  -> (artifact id: '36047fb3778971ab258d577c7d0784fd') in 0.021314 seconds
  Import took 0.030572 seconds .

========================================================================
Received Import Request.
  Time since last request: 0.000311 seconds.
  path: Assets/Packs/Sunny Land Forest Assets/Artwork/Environment/tileset_104.asset
  artifactKey: Guid(f99f64ed72cda66489b2efec047b2c72) Importer(815301076,1909f56bfc062723c751e8b465ee728b)
Start importing Assets/Packs/Sunny Land Forest Assets/Artwork/Environment/tileset_104.asset using Guid(f99f64ed72cda66489b2efec047b2c72) Importer(815301076,1909f56bfc062723c751e8b465ee728b)  -> (artifact id: 'adb78a19f5664319963898e5bcc2caca') in 0.016449 seconds
  Import took 0.023412 seconds .

========================================================================
Received Import Request.
  Time since last request: 0.000310 seconds.
  path: Assets/Packs/Sunny Land Forest Assets/Artwork/Environment/tileset_77.asset
  artifactKey: Guid(cc71dcc035b33554f85c6ac7a50251c1) Importer(815301076,1909f56bfc062723c751e8b465ee728b)
Start importing Assets/Packs/Sunny Land Forest Assets/Artwork/Environment/tileset_77.asset using Guid(cc71dcc035b33554f85c6ac7a50251c1) Importer(815301076,1909f56bfc062723c751e8b465ee728b)  -> (artifact id: '89baa2778bab9c63c35bc3645d2e750b') in 0.019055 seconds
  Import took 0.027644 seconds .

========================================================================
Received Import Request.
  Time since last request: 0.000327 seconds.
  path: Assets/Packs/Sunny Land Forest Assets/Artwork/Environment/tileset_78.asset
  artifactKey: Guid(0e1cca89c489644428be250cb1d5f815) Importer(815301076,1909f56bfc062723c751e8b465ee728b)
Start importing Assets/Packs/Sunny Land Forest Assets/Artwork/Environment/tileset_78.asset using Guid(0e1cca89c489644428be250cb1d5f815) Importer(815301076,1909f56bfc062723c751e8b465ee728b)  -> (artifact id: '8f9c80f96b3749309a25e8719b61c7ea') in 0.020490 seconds
  Import took 0.028416 seconds .

========================================================================
Received Import Request.
  Time since last request: 0.000367 seconds.
  path: Assets/Packs/Sunny Land Forest Assets/Artwork/Environment/tileset_47.asset
  artifactKey: Guid(e90abf41c58556f439535353259d2dab) Importer(815301076,1909f56bfc062723c751e8b465ee728b)
Start importing Assets/Packs/Sunny Land Forest Assets/Artwork/Environment/tileset_47.asset using Guid(e90abf41c58556f439535353259d2dab) Importer(815301076,1909f56bfc062723c751e8b465ee728b)  -> (artifact id: '4aa2b657b56ecc3896e51dfa0531cbc3') in 0.017079 seconds
  Import took 0.025517 seconds .

========================================================================
Received Import Request.
  Time since last request: 0.000324 seconds.
  path: Assets/Packs/Sunny Land Forest Assets/Artwork/Environment/tileset_71.asset
  artifactKey: Guid(07fd7ca4694858c4bbc7ca7443ff417f) Importer(815301076,1909f56bfc062723c751e8b465ee728b)
Start importing Assets/Packs/Sunny Land Forest Assets/Artwork/Environment/tileset_71.asset using Guid(07fd7ca4694858c4bbc7ca7443ff417f) Importer(815301076,1909f56bfc062723c751e8b465ee728b)  -> (artifact id: '4e01bbbabfc6fb8efb4ae9c240cb4890') in 0.016380 seconds
  Import took 0.026565 seconds .

========================================================================
Received Import Request.
  Time since last request: 0.000285 seconds.
  path: Assets/Packs/Sunny Land Forest Assets/Artwork/Environment/tileset_88.asset
  artifactKey: Guid(37f74b547263fe14c99c472ddcd18151) Importer(815301076,1909f56bfc062723c751e8b465ee728b)
Start importing Assets/Packs/Sunny Land Forest Assets/Artwork/Environment/tileset_88.asset using Guid(37f74b547263fe14c99c472ddcd18151) Importer(815301076,1909f56bfc062723c751e8b465ee728b)  -> (artifact id: 'ef55cf0e041f4bde5c3d2b48a6673591') in 0.017525 seconds
  Import took 0.025515 seconds .

========================================================================
Received Import Request.
  Time since last request: 0.000271 seconds.
  path: Assets/Packs/Sunny Land Forest Assets/Artwork/Environment/tileset_106.asset
  artifactKey: Guid(556ec180d48161d47929a3c13e43d28e) Importer(815301076,1909f56bfc062723c751e8b465ee728b)
Start importing Assets/Packs/Sunny Land Forest Assets/Artwork/Environment/tileset_106.asset using Guid(556ec180d48161d47929a3c13e43d28e) Importer(815301076,1909f56bfc062723c751e8b465ee728b)  -> (artifact id: '3c5fa2be597519e3924528597ad2b8cf') in 0.018932 seconds
  Import took 0.027427 seconds .

========================================================================
Received Import Request.
  Time since last request: 0.000258 seconds.
  path: Assets/Packs/Sunny Land Forest Assets/Artwork/Environment/tileset_79.asset
  artifactKey: Guid(10653eaf391ddf84f837b36c05ca6155) Importer(815301076,1909f56bfc062723c751e8b465ee728b)
Start importing Assets/Packs/Sunny Land Forest Assets/Artwork/Environment/tileset_79.asset using Guid(10653eaf391ddf84f837b36c05ca6155) Importer(815301076,1909f56bfc062723c751e8b465ee728b)  -> (artifact id: '03841587fcc1ef4ae4355ee539775922') in 0.020042 seconds
  Import took 0.028884 seconds .

========================================================================
Received Import Request.
  Time since last request: 0.000254 seconds.
  path: Assets/Packs/Sunny Land Forest Assets/Artwork/Environment/tileset_56.asset
  artifactKey: Guid(a39a47344cef6dc4689981807983a118) Importer(815301076,1909f56bfc062723c751e8b465ee728b)
Start importing Assets/Packs/Sunny Land Forest Assets/Artwork/Environment/tileset_56.asset using Guid(a39a47344cef6dc4689981807983a118) Importer(815301076,1909f56bfc062723c751e8b465ee728b)  -> (artifact id: '392ae794e2aaf3e4aac780350020c05b') in 0.020470 seconds
  Import took 0.028645 seconds .

========================================================================
Received Import Request.
  Time since last request: 0.000301 seconds.
  path: Assets/Packs/Sunny Land Forest Assets/Artwork/Environment/tileset_62.asset
  artifactKey: Guid(c0018c865a6174942bb97e167b2740cf) Importer(815301076,1909f56bfc062723c751e8b465ee728b)
Start importing Assets/Packs/Sunny Land Forest Assets/Artwork/Environment/tileset_62.asset using Guid(c0018c865a6174942bb97e167b2740cf) Importer(815301076,1909f56bfc062723c751e8b465ee728b)  -> (artifact id: '89e9cd6e96bf02ac63ad594bebdac178') in 0.019803 seconds
  Import took 0.027180 seconds .

========================================================================
Received Import Request.
  Time since last request: 0.000310 seconds.
  path: Assets/Packs/Sunny Land Forest Assets/Artwork/Environment/tileset_93.asset
  artifactKey: Guid(49ac49f87ec6fe6489794e35cc8d8dec) Importer(815301076,1909f56bfc062723c751e8b465ee728b)
Start importing Assets/Packs/Sunny Land Forest Assets/Artwork/Environment/tileset_93.asset using Guid(49ac49f87ec6fe6489794e35cc8d8dec) Importer(815301076,1909f56bfc062723c751e8b465ee728b)  -> (artifact id: 'a0c58e0385f3658aee461628a592eaf5') in 0.018533 seconds
  Import took 0.027278 seconds .

========================================================================
Received Import Request.
  Time since last request: 0.000813 seconds.
  path: Assets/Packs/Sunny Land Forest Assets/Artwork/Environment/tileset_100.asset
  artifactKey: Guid(0cb1d13caac3c764995cf2341294c4a2) Importer(815301076,1909f56bfc062723c751e8b465ee728b)
Start importing Assets/Packs/Sunny Land Forest Assets/Artwork/Environment/tileset_100.asset using Guid(0cb1d13caac3c764995cf2341294c4a2) Importer(815301076,1909f56bfc062723c751e8b465ee728b)  -> (artifact id: '1001e9af36e2b304b6f4fef7663f27d0') in 0.017304 seconds
  Import took 0.025431 seconds .

========================================================================
Received Import Request.
  Time since last request: 0.000397 seconds.
  path: Assets/Packs/Sunny Land Forest Assets/Artwork/Environment/tileset_67.asset
  artifactKey: Guid(dbe8c993f1312414aac5f68bdea39fa3) Importer(815301076,1909f56bfc062723c751e8b465ee728b)
Start importing Assets/Packs/Sunny Land Forest Assets/Artwork/Environment/tileset_67.asset using Guid(dbe8c993f1312414aac5f68bdea39fa3) Importer(815301076,1909f56bfc062723c751e8b465ee728b)  -> (artifact id: '457f1b0515a1df6f82c0819fbb1b30d1') in 0.021748 seconds
  Import took 0.030809 seconds .

========================================================================
Received Import Request.
  Time since last request: 0.000266 seconds.
  path: Assets/Packs/Sunny Land Forest Assets/Artwork/Environment/tileset_99.asset
  artifactKey: Guid(af6a113c43a4adf45a1f3d32e3854d7d) Importer(815301076,1909f56bfc062723c751e8b465ee728b)
Start importing Assets/Packs/Sunny Land Forest Assets/Artwork/Environment/tileset_99.asset using Guid(af6a113c43a4adf45a1f3d32e3854d7d) Importer(815301076,1909f56bfc062723c751e8b465ee728b)  -> (artifact id: 'd849dfc247b42029f15e1738d53584cc') in 0.019344 seconds
  Import took 0.027217 seconds .

========================================================================
Received Import Request.
  Time since last request: 0.000296 seconds.
  path: Assets/Packs/Sunny Land Forest Assets/Artwork/Environment/tileset_102.asset
  artifactKey: Guid(29989156ce6d8b74a8fe86b36879f5cf) Importer(815301076,1909f56bfc062723c751e8b465ee728b)
Start importing Assets/Packs/Sunny Land Forest Assets/Artwork/Environment/tileset_102.asset using Guid(29989156ce6d8b74a8fe86b36879f5cf) Importer(815301076,1909f56bfc062723c751e8b465ee728b)  -> (artifact id: '01122af0a5d380d5849a89a4c19aa8cd') in 0.018377 seconds
  Import took 0.027436 seconds .

========================================================================
Received Import Request.
  Time since last request: 0.000320 seconds.
  path: Assets/Packs/Sunny Land Forest Assets/Artwork/Environment/tileset_98.asset
  artifactKey: Guid(1284790fceeff454684272a62b37631d) Importer(815301076,1909f56bfc062723c751e8b465ee728b)
Start importing Assets/Packs/Sunny Land Forest Assets/Artwork/Environment/tileset_98.asset using Guid(1284790fceeff454684272a62b37631d) Importer(815301076,1909f56bfc062723c751e8b465ee728b)  -> (artifact id: '87fd6df0385667bc26bfb268fb3297f6') in 0.019553 seconds
  Import took 0.027814 seconds .

========================================================================
Received Import Request.
  Time since last request: 0.000594 seconds.
  path: Assets/Packs/Sunny Land Forest Assets/Artwork/Environment/tileset_99.asset
  artifactKey: Guid(af6a113c43a4adf45a1f3d32e3854d7d) Importer(815301076,1909f56bfc062723c751e8b465ee728b)
Start importing Assets/Packs/Sunny Land Forest Assets/Artwork/Environment/tileset_99.asset using Guid(af6a113c43a4adf45a1f3d32e3854d7d) Importer(815301076,1909f56bfc062723c751e8b465ee728b)  -> (artifact id: 'd849dfc247b42029f15e1738d53584cc') in 0.010738 seconds
  Import took 0.019660 seconds .

========================================================================
Received Import Request.
  Time since last request: 118.615830 seconds.
  path: Assets/Packs/Sunny Land Forest Assets/Scenes
  artifactKey: Guid(4597dbd939d93407391cafe9674c9cc5) Importer(815301076,1909f56bfc062723c751e8b465ee728b)
Start importing Assets/Packs/Sunny Land Forest Assets/Scenes using Guid(4597dbd939d93407391cafe9674c9cc5) Importer(815301076,1909f56bfc062723c751e8b465ee728b)  -> (artifact id: '4574a70c95a35d46adfcb4d56326d8cd') in 0.012694 seconds
  Import took 0.020470 seconds .

========================================================================
Received Import Request.
  Time since last request: 7.685046 seconds.
  path: Assets/Packs/Sunny Land Forest Assets/Artwork/Environment/tileset.png
  artifactKey: Guid(2eeb0d4e8888f48459040781a511455e) Importer(815301076,1909f56bfc062723c751e8b465ee728b)
Start importing Assets/Packs/Sunny Land Forest Assets/Artwork/Environment/tileset.png using Guid(2eeb0d4e8888f48459040781a511455e) Importer(815301076,1909f56bfc062723c751e8b465ee728b)  -> (artifact id: '50a3617d10cd1df84a41a750639079a7') in 0.339773 seconds
  Import took 0.348658 seconds .

========================================================================
Received Prepare
Registering precompiled user dll's ...
Registered in 0.010489 seconds.
Begin MonoManager ReloadAssembly
Native extension for WindowsStandalone target not found
Native extension for WebGL target not found
Refreshing native plugins compatible for Editor in 1.81 ms, found 3 plugins.
Preloading 0 native plugins for Editor in 0.00 ms.
Mono: successfully reloaded assembly
- Completed reload, in  3.984 seconds
Platform modules already initialized, skipping
Shader 'Universal Render Pipeline/Particles/Lit': fallback shader 'Universal Render Pipeline/Particles/SimpleLit' not found
Refreshing native plugins compatible for Editor in 1.23 ms, found 3 plugins.
Preloading 0 native plugins for Editor in 0.00 ms.
Unloading 3313 Unused Serialized files (Serialized files now loaded: 0)
System memory in use before: 144.0 MB.
System memory in use after: 144.1 MB.

Unloading 23 unused Assets to reduce memory usage. Loaded Objects now: 3911.
Total: 5.907000 ms (FindLiveObjects: 0.490900 ms CreateObjectMapping: 0.169500 ms MarkObjects: 5.019500 ms  DeleteObjects: 0.224300 ms)

========================================================================
Received Prepare
Registering precompiled user dll's ...
Registered in 0.018874 seconds.
Begin MonoManager ReloadAssembly
Native extension for WindowsStandalone target not found
Native extension for WebGL target not found
Refreshing native plugins compatible for Editor in 1.39 ms, found 3 plugins.
Preloading 0 native plugins for Editor in 0.00 ms.
Mono: successfully reloaded assembly
- Completed reload, in  2.815 seconds
Platform modules already initialized, skipping
Shader 'Universal Render Pipeline/Particles/Lit': fallback shader 'Universal Render Pipeline/Particles/SimpleLit' not found
Refreshing native plugins compatible for Editor in 1.10 ms, found 3 plugins.
Preloading 0 native plugins for Editor in 0.00 ms.
Unloading 3313 Unused Serialized files (Serialized files now loaded: 0)
System memory in use before: 144.0 MB.
System memory in use after: 144.1 MB.

Unloading 23 unused Assets to reduce memory usage. Loaded Objects now: 3915.
Total: 7.427200 ms (FindLiveObjects: 0.501500 ms CreateObjectMapping: 0.157900 ms MarkObjects: 6.452200 ms  DeleteObjects: 0.312900 ms)

AssetImportWorkerClient::OnTransportError - code=2 error=End of file
